This file contains any messages produced by compilers while
running configure, to aid debugging if configure makes a mistake.

It was created by libatomic_ops configure 1.2, which was
generated by GNU Autoconf 2.59.  Invocation command line was

  $ ./configure --prefix=/usr/local --cache-file=/dev/null --srcdir=.

## --------- ##
## Platform. ##
## --------- ##

hostname = ajisai00
uname -m = x86_64
uname -r = 2.6.18-194.32.1.el5
uname -s = Linux
uname -v = #1 SMP Wed Jan 5 17:52:25 EST 2011

/usr/bin/uname -p = unknown
/bin/uname -X     = unknown

/bin/arch              = x86_64
/usr/bin/arch -k       = unknown
/usr/convex/getsysinfo = unknown
hostinfo               = unknown
/bin/machine           = unknown
/usr/bin/oslevel       = unknown
/bin/universe          = unknown

PATH: /home/yamamori/local/bin
PATH: /home/yamamori/bin
PATH: /home/yamamori/local/bin
PATH: /home/yamamori/bin
PATH: /home/yamamori/local/bin
PATH: /home/yamamori/bin
PATH: /home/sge/bin/lx24-amd64
PATH: /opt/intel/Compiler/11.0/083/bin/intel64
PATH: /opt/intel/Compiler/11.0/083/bin/intel64
PATH: /opt/intel/impi/3.2.1.009/bin64
PATH: /home/sge/bin/lx24-amd64
PATH: /opt/intel/Compiler/11.0/083/bin/intel64
PATH: /opt/intel/Compiler/11.0/083/bin/intel64
PATH: /opt/intel/impi/3.2.1.009/bin64
PATH: /home/sge/bin/lx24-amd64
PATH: /usr/lib64/qt-3.3/bin
PATH: /opt/intel/Compiler/11.0/083/bin/intel64
PATH: /opt/intel/Compiler/11.0/083/bin/intel64
PATH: /usr/local/bin
PATH: /bin
PATH: /usr/bin
PATH: /home/yamamori/bin
PATH: /home/shun/usr/bin/
PATH: /home/Ryuhei/software/R-2.91/bin/R
PATH: /home/software/LAPACK
PATH: /home/software/BLAS
PATH: /home/software/numpy-1.6.0/numpy
PATH: /home/software/numpy-1.6.0/build
PATH: /home/software/numpy-1.6.0/
PATH: /home/yamamori/lib/python2.7/site-packages/numpy/core/lib
PATH: /home/yamamori/mybin/
PATH: /home/yamamori//home/yamamori/work/scripts/gnuplot
PATH: /home/shun/usr/bin/
PATH: /home/Ryuhei/software/R-2.91/bin/R
PATH: /home/software/LAPACK
PATH: /home/software/BLAS
PATH: /home/software/numpy-1.6.0/numpy
PATH: /home/software/numpy-1.6.0/build
PATH: /home/software/numpy-1.6.0/
PATH: /home/yamamori/lib/python2.7/site-packages/numpy/core/lib
PATH: /home/yamamori/mybin/
PATH: /home/yamamori//home/yamamori/work/scripts/gnuplot
PATH: /home/shun/usr/bin/
PATH: /home/Ryuhei/software/R-2.91/bin/R
PATH: /home/software/LAPACK
PATH: /home/software/BLAS
PATH: /home/software/numpy-1.6.0/numpy
PATH: /home/software/numpy-1.6.0/build
PATH: /home/software/numpy-1.6.0/
PATH: /home/yamamori/lib/python2.7/site-packages/numpy/core/lib
PATH: /home/yamamori/mybin/
PATH: /home/yamamori//home/yamamori/work/scripts/gnuplot


## ----------- ##
## Core tests. ##
## ----------- ##

configure:1356: checking build system type
configure:1374: result: x86_64-unknown-linux-gnu
configure:1382: checking host system type
configure:1396: result: x86_64-unknown-linux-gnu
configure:1404: checking target system type
configure:1418: result: x86_64-unknown-linux-gnu
configure:1447: checking for a BSD-compatible install
configure:1502: result: /usr/bin/install -c
configure:1513: checking whether build environment is sane
configure:1556: result: yes
configure:1621: checking for gawk
configure:1637: found /bin/gawk
configure:1647: result: gawk
configure:1657: checking whether make sets $(MAKE)
configure:1677: result: yes
configure:1886: checking for ranlib
configure:1902: found /usr/bin/ranlib
configure:1913: result: ranlib
configure:1976: checking for gcc
configure:1992: found /usr/bin/gcc
configure:2002: result: gcc
configure:2246: checking for C compiler version
configure:2249: gcc --version </dev/null >&5
gcc (GCC) 4.1.2 20080704 (Red Hat 4.1.2-48)
Copyright (C) 2006 Free Software Foundation, Inc.
This is free software; see the source for copying conditions.  There is NO
warranty; not even for MERCHANTABILITY or FITNESS FOR A PARTICULAR PURPOSE.

configure:2252: $? = 0
configure:2254: gcc -v </dev/null >&5
Using built-in specs.
Target: x86_64-redhat-linux
Configured with: ../configure --prefix=/usr --mandir=/usr/share/man --infodir=/usr/share/info --enable-shared --enable-threads=posix --enable-checking=release --with-system-zlib --enable-__cxa_atexit --disable-libunwind-exceptions --enable-libgcj-multifile --enable-languages=c,c++,objc,obj-c++,java,fortran,ada --enable-java-awt=gtk --disable-dssi --enable-plugin --with-java-home=/usr/lib/jvm/java-1.4.2-gcj-1.4.2.0/jre --with-cpu=generic --host=x86_64-redhat-linux
Thread model: posix
gcc version 4.1.2 20080704 (Red Hat 4.1.2-48)
configure:2257: $? = 0
configure:2259: gcc -V </dev/null >&5
gcc: '-V' option must have argument
configure:2262: $? = 1
configure:2285: checking for C compiler default output file name
configure:2288: gcc    conftest.c  >&5
configure:2291: $? = 0
configure:2337: result: a.out
configure:2342: checking whether the C compiler works
configure:2348: ./a.out
configure:2351: $? = 0
configure:2368: result: yes
configure:2375: checking whether we are cross compiling
configure:2377: result: no
configure:2380: checking for suffix of executables
configure:2382: gcc -o conftest    conftest.c  >&5
configure:2385: $? = 0
configure:2410: result: 
configure:2416: checking for suffix of object files
configure:2437: gcc -c   conftest.c >&5
configure:2440: $? = 0
configure:2462: result: o
configure:2466: checking whether we are using the GNU C compiler
configure:2490: gcc -c   conftest.c >&5
configure:2496: $? = 0
configure:2499: test -z 			 || test ! -s conftest.err
configure:2502: $? = 0
configure:2505: test -s conftest.o
configure:2508: $? = 0
configure:2521: result: yes
configure:2527: checking whether gcc accepts -g
configure:2548: gcc -c -g  conftest.c >&5
configure:2554: $? = 0
configure:2557: test -z 			 || test ! -s conftest.err
configure:2560: $? = 0
configure:2563: test -s conftest.o
configure:2566: $? = 0
configure:2577: result: yes
configure:2594: checking for gcc option to accept ANSI C
configure:2664: gcc  -c -g -O2  conftest.c >&5
configure:2670: $? = 0
configure:2673: test -z 			 || test ! -s conftest.err
configure:2676: $? = 0
configure:2679: test -s conftest.o
configure:2682: $? = 0
configure:2700: result: none needed
configure:2718: gcc -c -g -O2  conftest.c >&5
conftest.c:2: error: expected '=', ',', ';', 'asm' or '__attribute__' before 'me'
configure:2724: $? = 1
configure: failed program was:
| #ifndef __cplusplus
|   choke me
| #endif
configure:2865: checking for style of include used by make
configure:2893: result: GNU
configure:2921: checking dependency style of gcc
configure:3011: result: gcc3
configure:3043: checking how to run the C preprocessor
configure:3078: gcc -E  conftest.c
configure:3084: $? = 0
configure:3116: gcc -E  conftest.c
conftest.c:11:28: error: ac_nonexistent.h: No such file or directory
configure:3122: $? = 1
configure: failed program was:
| /* confdefs.h.  */
| 
| #define PACKAGE_NAME "libatomic_ops"
| #define PACKAGE_TARNAME "libatomic_ops"
| #define PACKAGE_VERSION "1.2"
| #define PACKAGE_STRING "libatomic_ops 1.2"
| #define PACKAGE_BUGREPORT ""
| #define PACKAGE "libatomic_ops"
| #define VERSION "1.2"
| /* end confdefs.h.  */
| #include <ac_nonexistent.h>
configure:3161: result: gcc -E
configure:3185: gcc -E  conftest.c
configure:3191: $? = 0
configure:3223: gcc -E  conftest.c
conftest.c:11:28: error: ac_nonexistent.h: No such file or directory
configure:3229: $? = 1
configure: failed program was:
| /* confdefs.h.  */
| 
| #define PACKAGE_NAME "libatomic_ops"
| #define PACKAGE_TARNAME "libatomic_ops"
| #define PACKAGE_VERSION "1.2"
| #define PACKAGE_STRING "libatomic_ops 1.2"
| #define PACKAGE_BUGREPORT ""
| #define PACKAGE "libatomic_ops"
| #define VERSION "1.2"
| /* end confdefs.h.  */
| #include <ac_nonexistent.h>
configure:3273: checking for egrep
configure:3283: result: grep -E
configure:3288: checking for ANSI C header files
configure:3313: gcc -c -g -O2  conftest.c >&5
configure:3319: $? = 0
configure:3322: test -z 			 || test ! -s conftest.err
configure:3325: $? = 0
configure:3328: test -s conftest.o
configure:3331: $? = 0
configure:3420: gcc -o conftest -g -O2   conftest.c  >&5
conftest.c: In function 'main':
conftest.c:28: warning: incompatible implicit declaration of built-in function 'exit'
configure:3423: $? = 0
configure:3425: ./conftest
configure:3428: $? = 0
configure:3443: result: yes
configure:3467: checking for sys/types.h
configure:3483: gcc -c -g -O2  conftest.c >&5
configure:3489: $? = 0
configure:3492: test -z 			 || test ! -s conftest.err
configure:3495: $? = 0
configure:3498: test -s conftest.o
configure:3501: $? = 0
configure:3512: result: yes
configure:3467: checking for sys/stat.h
configure:3483: gcc -c -g -O2  conftest.c >&5
configure:3489: $? = 0
configure:3492: test -z 			 || test ! -s conftest.err
configure:3495: $? = 0
configure:3498: test -s conftest.o
configure:3501: $? = 0
configure:3512: result: yes
configure:3467: checking for stdlib.h
configure:3483: gcc -c -g -O2  conftest.c >&5
configure:3489: $? = 0
configure:3492: test -z 			 || test ! -s conftest.err
configure:3495: $? = 0
configure:3498: test -s conftest.o
configure:3501: $? = 0
configure:3512: result: yes
configure:3467: checking for string.h
configure:3483: gcc -c -g -O2  conftest.c >&5
configure:3489: $? = 0
configure:3492: test -z 			 || test ! -s conftest.err
configure:3495: $? = 0
configure:3498: test -s conftest.o
configure:3501: $? = 0
configure:3512: result: yes
configure:3467: checking for memory.h
configure:3483: gcc -c -g -O2  conftest.c >&5
configure:3489: $? = 0
configure:3492: test -z 			 || test ! -s conftest.err
configure:3495: $? = 0
configure:3498: test -s conftest.o
configure:3501: $? = 0
configure:3512: result: yes
configure:3467: checking for strings.h
configure:3483: gcc -c -g -O2  conftest.c >&5
configure:3489: $? = 0
configure:3492: test -z 			 || test ! -s conftest.err
configure:3495: $? = 0
configure:3498: test -s conftest.o
configure:3501: $? = 0
configure:3512: result: yes
configure:3467: checking for inttypes.h
configure:3483: gcc -c -g -O2  conftest.c >&5
configure:3489: $? = 0
configure:3492: test -z 			 || test ! -s conftest.err
configure:3495: $? = 0
configure:3498: test -s conftest.o
configure:3501: $? = 0
configure:3512: result: yes
configure:3467: checking for stdint.h
configure:3483: gcc -c -g -O2  conftest.c >&5
configure:3489: $? = 0
configure:3492: test -z 			 || test ! -s conftest.err
configure:3495: $? = 0
configure:3498: test -s conftest.o
configure:3501: $? = 0
configure:3512: result: yes
configure:3467: checking for unistd.h
configure:3483: gcc -c -g -O2  conftest.c >&5
configure:3489: $? = 0
configure:3492: test -z 			 || test ! -s conftest.err
configure:3495: $? = 0
configure:3498: test -s conftest.o
configure:3501: $? = 0
configure:3512: result: yes
configure:3530: checking for stdlib.h
configure:3535: result: yes
configure:3530: checking for unistd.h
configure:3535: result: yes
configure:3678: checking for getpagesize
configure:3735: gcc -o conftest -g -O2   conftest.c  >&5
configure:3741: $? = 0
configure:3744: test -z 			 || test ! -s conftest.err
configure:3747: $? = 0
configure:3750: test -s conftest
configure:3753: $? = 0
configure:3765: result: yes
configure:3775: checking for working mmap
configure:3917: gcc -o conftest -g -O2   conftest.c  >&5
configure:3920: $? = 0
configure:3922: ./conftest
configure:3925: $? = 0
configure:3939: result: yes
configure:3952: checking for ANSI C header files
configure:4107: result: yes
configure:4122: checking Determining PIC compiler flag
configure:4125: result: -fPIC
configure:4295: creating ./config.status

## ---------------------- ##
## Running config.status. ##
## ---------------------- ##

This file was extended by libatomic_ops config.status 1.2, which was
generated by GNU Autoconf 2.59.  Invocation command line was

  CONFIG_FILES    = 
  CONFIG_HEADERS  = 
  CONFIG_LINKS    = 
  CONFIG_COMMANDS = 
  $ ./config.status 

on ajisai00

config.status:756: creating Makefile
config.status:756: creating src/Makefile
config.status:756: creating src/atomic_ops/Makefile
config.status:756: creating src/atomic_ops/sysdeps/Makefile
config.status:756: creating doc/Makefile
config.status:756: creating tests/Makefile
config.status:822: creating src/config.h
config.status:938: src/config.h is unchanged
config.status:1118: executing depfiles commands
config.status:1118: executing default commands

## ---------------- ##
## Cache variables. ##
## ---------------- ##

ac_cv_build=x86_64-unknown-linux-gnu
ac_cv_build_alias=x86_64-unknown-linux-gnu
ac_cv_c_compiler_gnu=yes
ac_cv_env_CCASFLAGS_set=
ac_cv_env_CCASFLAGS_value=
ac_cv_env_CCAS_set=
ac_cv_env_CCAS_value=
ac_cv_env_CC_set=
ac_cv_env_CC_value=
ac_cv_env_CFLAGS_set=
ac_cv_env_CFLAGS_value=
ac_cv_env_CPPFLAGS_set=
ac_cv_env_CPPFLAGS_value=
ac_cv_env_CPP_set=
ac_cv_env_CPP_value=
ac_cv_env_LDFLAGS_set=
ac_cv_env_LDFLAGS_value=
ac_cv_env_build_alias_set=
ac_cv_env_build_alias_value=
ac_cv_env_host_alias_set=
ac_cv_env_host_alias_value=
ac_cv_env_target_alias_set=
ac_cv_env_target_alias_value=
ac_cv_exeext=
ac_cv_func_getpagesize=yes
ac_cv_func_mmap_fixed_mapped=yes
ac_cv_header_inttypes_h=yes
ac_cv_header_memory_h=yes
ac_cv_header_stdc=yes
ac_cv_header_stdint_h=yes
ac_cv_header_stdlib_h=yes
ac_cv_header_string_h=yes
ac_cv_header_strings_h=yes
ac_cv_header_sys_stat_h=yes
ac_cv_header_sys_types_h=yes
ac_cv_header_unistd_h=yes
ac_cv_host=x86_64-unknown-linux-gnu
ac_cv_host_alias=x86_64-unknown-linux-gnu
ac_cv_objext=o
ac_cv_path_install='/usr/bin/install -c'
ac_cv_prog_AWK=gawk
ac_cv_prog_CPP='gcc -E'
ac_cv_prog_ac_ct_CC=gcc
ac_cv_prog_ac_ct_RANLIB=ranlib
ac_cv_prog_cc_g=yes
ac_cv_prog_cc_stdc=
ac_cv_prog_egrep='grep -E'
ac_cv_prog_make_make_set=yes
ac_cv_target=x86_64-unknown-linux-gnu
ac_cv_target_alias=x86_64-unknown-linux-gnu
am_cv_CC_dependencies_compiler_type=gcc3

## ----------------- ##
## Output variables. ##
## ----------------- ##

ACLOCAL='${SHELL} /home/yamamori/work/programs/MD_pep/lib/gc-7.0/libatomic_ops/missing --run aclocal-1.9'
AMDEPBACKSLASH='\'
AMDEP_FALSE='#'
AMDEP_TRUE=''
AMTAR='${SHELL} /home/yamamori/work/programs/MD_pep/lib/gc-7.0/libatomic_ops/missing --run tar'
AUTOCONF='${SHELL} /home/yamamori/work/programs/MD_pep/lib/gc-7.0/libatomic_ops/missing --run autoconf'
AUTOHEADER='${SHELL} /home/yamamori/work/programs/MD_pep/lib/gc-7.0/libatomic_ops/missing --run autoheader'
AUTOMAKE='${SHELL} /home/yamamori/work/programs/MD_pep/lib/gc-7.0/libatomic_ops/missing --run automake-1.9'
AWK='gawk'
CC='gcc'
CCAS='gcc'
CCASFLAGS='-g -O2'
CCDEPMODE='depmode=gcc3'
CFLAGS='-g -O2 -DNDEBUG'
CPP='gcc -E'
CPPFLAGS=''
CYGPATH_W='echo'
DEFS='-DHAVE_CONFIG_H'
DEPDIR='.deps'
ECHO_C=''
ECHO_N='-n'
ECHO_T=''
EGREP='grep -E'
EXEEXT=''
INSTALL_DATA='${INSTALL} -m 644'
INSTALL_PROGRAM='${INSTALL}'
INSTALL_SCRIPT='${INSTALL}'
INSTALL_STRIP_PROGRAM='${SHELL} $(install_sh) -c -s'
LDFLAGS=''
LIBOBJS=''
LIBS=''
LTLIBOBJS=''
MAKEINFO='${SHELL} /home/yamamori/work/programs/MD_pep/lib/gc-7.0/libatomic_ops/missing --run makeinfo'
NEED_ASM_FALSE=''
NEED_ASM_TRUE='#'
OBJEXT='o'
PACKAGE='libatomic_ops'
PACKAGE_BUGREPORT=''
PACKAGE_NAME='libatomic_ops'
PACKAGE_STRING='libatomic_ops 1.2'
PACKAGE_TARNAME='libatomic_ops'
PACKAGE_VERSION='1.2'
PATH_SEPARATOR=':'
PICFLAG='-fPIC'
RANLIB='ranlib'
SET_MAKE=''
SHELL='/bin/sh'
STRIP=''
VERSION='1.2'
ac_ct_CC='gcc'
ac_ct_RANLIB='ranlib'
ac_ct_STRIP=''
am__fastdepCC_FALSE='#'
am__fastdepCC_TRUE=''
am__include='include'
am__leading_dot='.'
am__quote=''
am__tar='${AMTAR} chof - "$$tardir"'
am__untar='${AMTAR} xf -'
bindir='${exec_prefix}/bin'
build='x86_64-unknown-linux-gnu'
build_alias=''
build_cpu='x86_64'
build_os='linux-gnu'
build_vendor='unknown'
datadir='${prefix}/share'
exec_prefix='${prefix}'
host='x86_64-unknown-linux-gnu'
host_alias=''
host_cpu='x86_64'
host_os='linux-gnu'
host_vendor='unknown'
includedir='${prefix}/include'
infodir='${prefix}/info'
install_sh='/home/yamamori/work/programs/MD_pep/lib/gc-7.0/libatomic_ops/install-sh'
libdir='${exec_prefix}/lib'
libexecdir='${exec_prefix}/libexec'
localstatedir='${prefix}/var'
mandir='${prefix}/man'
mkdir_p='mkdir -p --'
oldincludedir='/usr/include'
prefix='/usr/local'
program_transform_name='s,x,x,'
sbindir='${exec_prefix}/sbin'
sharedstatedir='${prefix}/com'
sysconfdir='${prefix}/etc'
target='x86_64-unknown-linux-gnu'
target_alias=''
target_cpu='x86_64'
target_os='linux-gnu'
target_vendor='unknown'

## ----------- ##
## confdefs.h. ##
## ----------- ##

#define HAVE_GETPAGESIZE 1
#define HAVE_INTTYPES_H 1
#define HAVE_MEMORY_H 1
#define HAVE_MMAP 1
#define HAVE_STDINT_H 1
#define HAVE_STDLIB_H 1
#define HAVE_STDLIB_H 1
#define HAVE_STRINGS_H 1
#define HAVE_STRING_H 1
#define HAVE_SYS_STAT_H 1
#define HAVE_SYS_TYPES_H 1
#define HAVE_UNISTD_H 1
#define HAVE_UNISTD_H 1
#define PACKAGE "libatomic_ops"
#define PACKAGE_BUGREPORT ""
#define PACKAGE_NAME "libatomic_ops"
#define PACKAGE_STRING "libatomic_ops 1.2"
#define PACKAGE_TARNAME "libatomic_ops"
#define PACKAGE_VERSION "1.2"
#define STDC_HEADERS 1
#define STDC_HEADERS 1
#define VERSION "1.2"

configure: exit 0
