This file contains any messages produced by compilers while
running configure, to aid debugging if configure makes a mistake.

It was created by ABAMD configure 0.0, which was
generated by GNU Autoconf 2.59.  Invocation command line was

  $ ./configure 

## --------- ##
## Platform. ##
## --------- ##

hostname = ajisai00
uname -m = x86_64
uname -r = 2.6.18-194.32.1.el5
uname -s = Linux
uname -v = #1 SMP Wed Jan 5 17:52:25 EST 2011

/usr/bin/uname -p = unknown
/bin/uname -X     = unknown

/bin/arch              = x86_64
/usr/bin/arch -k       = unknown
/usr/convex/getsysinfo = unknown
hostinfo               = unknown
/bin/machine           = unknown
/usr/bin/oslevel       = unknown
/bin/universe          = unknown

PATH: /home/yamamori/local/bin
PATH: /home/yamamori/bin
PATH: /home/yamamori/local/bin
PATH: /home/yamamori/bin
PATH: /home/sge/bin/lx24-amd64
PATH: /opt/intel/Compiler/11.0/083/bin/intel64
PATH: /opt/intel/Compiler/11.0/083/bin/intel64
PATH: /opt/intel/impi/3.2.1.009/bin64
PATH: /home/sge/bin/lx24-amd64
PATH: /opt/intel/Compiler/11.0/083/bin/intel64
PATH: /opt/intel/Compiler/11.0/083/bin/intel64
PATH: /opt/intel/impi/3.2.1.009/bin64
PATH: /home/sge/bin/lx24-amd64
PATH: /usr/lib64/qt-3.3/bin
PATH: /opt/intel/Compiler/11.0/083/bin/intel64
PATH: /opt/intel/Compiler/11.0/083/bin/intel64
PATH: /usr/local/bin
PATH: /bin
PATH: /usr/bin
PATH: /home/yamamori/bin
PATH: /home/shun/usr/bin/
PATH: /home/Ryuhei/software/R-2.91/bin/R
PATH: /home/software/LAPACK
PATH: /home/software/BLAS
PATH: /home/software/numpy-1.6.0/numpy
PATH: /home/software/numpy-1.6.0/build
PATH: /home/software/numpy-1.6.0/
PATH: /home/yamamori/lib/python2.7/site-packages/numpy/core/lib
PATH: /home/yamamori/mybin/
PATH: /home/yamamori//home/yamamori/work/scripts/gnuplot
PATH: /home/shun/usr/bin/
PATH: /home/Ryuhei/software/R-2.91/bin/R
PATH: /home/software/LAPACK
PATH: /home/software/BLAS
PATH: /home/software/numpy-1.6.0/numpy
PATH: /home/software/numpy-1.6.0/build
PATH: /home/software/numpy-1.6.0/
PATH: /home/yamamori/lib/python2.7/site-packages/numpy/core/lib
PATH: /home/yamamori/mybin/
PATH: /home/yamamori//home/yamamori/work/scripts/gnuplot


## ----------- ##
## Core tests. ##
## ----------- ##

configure:1352: checking for gcc
configure:1368: found /usr/bin/gcc
configure:1378: result: gcc
configure:1622: checking for C compiler version
configure:1625: gcc --version </dev/null >&5
gcc (GCC) 4.1.2 20080704 (Red Hat 4.1.2-48)
Copyright (C) 2006 Free Software Foundation, Inc.
This is free software; see the source for copying conditions.  There is NO
warranty; not even for MERCHANTABILITY or FITNESS FOR A PARTICULAR PURPOSE.

configure:1628: $? = 0
configure:1630: gcc -v </dev/null >&5
Using built-in specs.
Target: x86_64-redhat-linux
Configured with: ../configure --prefix=/usr --mandir=/usr/share/man --infodir=/usr/share/info --enable-shared --enable-threads=posix --enable-checking=release --with-system-zlib --enable-__cxa_atexit --disable-libunwind-exceptions --enable-libgcj-multifile --enable-languages=c,c++,objc,obj-c++,java,fortran,ada --enable-java-awt=gtk --disable-dssi --enable-plugin --with-java-home=/usr/lib/jvm/java-1.4.2-gcj-1.4.2.0/jre --with-cpu=generic --host=x86_64-redhat-linux
Thread model: posix
gcc version 4.1.2 20080704 (Red Hat 4.1.2-48)
configure:1633: $? = 0
configure:1635: gcc -V </dev/null >&5
gcc: '-V' option must have argument
configure:1638: $? = 1
configure:1661: checking for C compiler default output file name
configure:1664: gcc    conftest.c  >&5
configure:1667: $? = 0
configure:1713: result: a.out
configure:1718: checking whether the C compiler works
configure:1724: ./a.out
configure:1727: $? = 0
configure:1744: result: yes
configure:1751: checking whether we are cross compiling
configure:1753: result: no
configure:1756: checking for suffix of executables
configure:1758: gcc -o conftest    conftest.c  >&5
configure:1761: $? = 0
configure:1786: result: 
configure:1792: checking for suffix of object files
configure:1813: gcc -c   conftest.c >&5
configure:1816: $? = 0
configure:1838: result: o
configure:1842: checking whether we are using the GNU C compiler
configure:1866: gcc -c   conftest.c >&5
configure:1872: $? = 0
configure:1876: test -z 
			 || test ! -s conftest.err
configure:1879: $? = 0
configure:1882: test -s conftest.o
configure:1885: $? = 0
configure:1898: result: yes
configure:1904: checking whether gcc accepts -g
configure:1925: gcc -c -g  conftest.c >&5
configure:1931: $? = 0
configure:1935: test -z 
			 || test ! -s conftest.err
configure:1938: $? = 0
configure:1941: test -s conftest.o
configure:1944: $? = 0
configure:1955: result: yes
configure:1972: checking for gcc option to accept ANSI C
configure:2042: gcc  -c -g -O2  conftest.c >&5
configure:2048: $? = 0
configure:2052: test -z 
			 || test ! -s conftest.err
configure:2055: $? = 0
configure:2058: test -s conftest.o
configure:2061: $? = 0
configure:2079: result: none needed
configure:2097: gcc -c -g -O2  conftest.c >&5
conftest.c:2: error: expected '=', ',', ';', 'asm' or '__attribute__' before 'me'
configure:2103: $? = 1
configure: failed program was:
| #ifndef __cplusplus
|   choke me
| #endif
configure:2236: checking whether make sets $(MAKE)
configure:2256: result: yes
configure:2270: checking for main in -lblas
configure:2294: gcc -o conftest -g -O2   conftest.c -lblas   >&5
/usr/bin/ld: cannot find -lblas
collect2: ld returned 1 exit status
configure:2300: $? = 1
configure: failed program was:
| /* confdefs.h.  */
| 
| #define PACKAGE_NAME "ABAMD"
| #define PACKAGE_TARNAME "abamd"
| #define PACKAGE_VERSION "0.0"
| #define PACKAGE_STRING "ABAMD 0.0"
| #define PACKAGE_BUGREPORT "BUG-REPORT-ADDRESS"
| /* end confdefs.h.  */
| 
| 
| int
| main ()
| {
| main ();
|   ;
|   return 0;
| }
configure:2326: result: no
configure:2339: checking for main in -lf2c
configure:2363: gcc -o conftest -g -O2   conftest.c -lf2c   >&5
/usr/bin/ld: cannot find -lf2c
collect2: ld returned 1 exit status
configure:2369: $? = 1
configure: failed program was:
| /* confdefs.h.  */
| 
| #define PACKAGE_NAME "ABAMD"
| #define PACKAGE_TARNAME "abamd"
| #define PACKAGE_VERSION "0.0"
| #define PACKAGE_STRING "ABAMD 0.0"
| #define PACKAGE_BUGREPORT "BUG-REPORT-ADDRESS"
| /* end confdefs.h.  */
| 
| 
| int
| main ()
| {
| main ();
|   ;
|   return 0;
| }
configure:2395: result: no
configure:2408: checking for main in -lgc
configure:2432: gcc -o conftest -g -O2   conftest.c -lgc   >&5
/usr/bin/ld: cannot find -lgc
collect2: ld returned 1 exit status
configure:2438: $? = 1
configure: failed program was:
| /* confdefs.h.  */
| 
| #define PACKAGE_NAME "ABAMD"
| #define PACKAGE_TARNAME "abamd"
| #define PACKAGE_VERSION "0.0"
| #define PACKAGE_STRING "ABAMD 0.0"
| #define PACKAGE_BUGREPORT "BUG-REPORT-ADDRESS"
| /* end confdefs.h.  */
| 
| 
| int
| main ()
| {
| main ();
|   ;
|   return 0;
| }
configure:2464: result: no
configure:2477: checking for main in -llapack
configure:2501: gcc -o conftest -g -O2   conftest.c -llapack   >&5
/usr/bin/ld: cannot find -llapack
collect2: ld returned 1 exit status
configure:2507: $? = 1
configure: failed program was:
| /* confdefs.h.  */
| 
| #define PACKAGE_NAME "ABAMD"
| #define PACKAGE_TARNAME "abamd"
| #define PACKAGE_VERSION "0.0"
| #define PACKAGE_STRING "ABAMD 0.0"
| #define PACKAGE_BUGREPORT "BUG-REPORT-ADDRESS"
| /* end confdefs.h.  */
| 
| 
| int
| main ()
| {
| main ();
|   ;
|   return 0;
| }
configure:2533: result: no
configure:2546: checking for main in -lm
configure:2570: gcc -o conftest -g -O2   conftest.c -lm   >&5
configure:2576: $? = 0
configure:2580: test -z 
			 || test ! -s conftest.err
configure:2583: $? = 0
configure:2586: test -s conftest
configure:2589: $? = 0
configure:2602: result: yes
configure:2615: checking for main in -lnetcdf
configure:2639: gcc -o conftest -g -O2   conftest.c -lnetcdf  -lm  >&5
/usr/bin/ld: cannot find -lnetcdf
collect2: ld returned 1 exit status
configure:2645: $? = 1
configure: failed program was:
| /* confdefs.h.  */
| 
| #define PACKAGE_NAME "ABAMD"
| #define PACKAGE_TARNAME "abamd"
| #define PACKAGE_VERSION "0.0"
| #define PACKAGE_STRING "ABAMD 0.0"
| #define PACKAGE_BUGREPORT "BUG-REPORT-ADDRESS"
| #define HAVE_LIBM 1
| /* end confdefs.h.  */
| 
| 
| int
| main ()
| {
| main ();
|   ;
|   return 0;
| }
configure:2671: result: no
configure:2695: checking how to run the C preprocessor
configure:2730: gcc -E  conftest.c
configure:2736: $? = 0
configure:2768: gcc -E  conftest.c
conftest.c:10:28: error: ac_nonexistent.h: No such file or directory
configure:2774: $? = 1
configure: failed program was:
| /* confdefs.h.  */
| 
| #define PACKAGE_NAME "ABAMD"
| #define PACKAGE_TARNAME "abamd"
| #define PACKAGE_VERSION "0.0"
| #define PACKAGE_STRING "ABAMD 0.0"
| #define PACKAGE_BUGREPORT "BUG-REPORT-ADDRESS"
| #define HAVE_LIBM 1
| /* end confdefs.h.  */
| #include <ac_nonexistent.h>
configure:2813: result: gcc -E
configure:2837: gcc -E  conftest.c
configure:2843: $? = 0
configure:2875: gcc -E  conftest.c
conftest.c:10:28: error: ac_nonexistent.h: No such file or directory
configure:2881: $? = 1
configure: failed program was:
| /* confdefs.h.  */
| 
| #define PACKAGE_NAME "ABAMD"
| #define PACKAGE_TARNAME "abamd"
| #define PACKAGE_VERSION "0.0"
| #define PACKAGE_STRING "ABAMD 0.0"
| #define PACKAGE_BUGREPORT "BUG-REPORT-ADDRESS"
| #define HAVE_LIBM 1
| /* end confdefs.h.  */
| #include <ac_nonexistent.h>
configure:2925: checking for egrep
configure:2935: result: grep -E
configure:2940: checking for ANSI C header files
configure:2965: gcc -c -g -O2  conftest.c >&5
configure:2971: $? = 0
configure:2975: test -z 
			 || test ! -s conftest.err
configure:2978: $? = 0
configure:2981: test -s conftest.o
configure:2984: $? = 0
configure:3073: gcc -o conftest -g -O2   conftest.c -lm  >&5
conftest.c: In function 'main':
conftest.c:27: warning: incompatible implicit declaration of built-in function 'exit'
configure:3076: $? = 0
configure:3078: ./conftest
configure:3081: $? = 0
configure:3096: result: yes
configure:3120: checking for sys/types.h
configure:3136: gcc -c -g -O2  conftest.c >&5
configure:3142: $? = 0
configure:3146: test -z 
			 || test ! -s conftest.err
configure:3149: $? = 0
configure:3152: test -s conftest.o
configure:3155: $? = 0
configure:3166: result: yes
configure:3120: checking for sys/stat.h
configure:3136: gcc -c -g -O2  conftest.c >&5
configure:3142: $? = 0
configure:3146: test -z 
			 || test ! -s conftest.err
configure:3149: $? = 0
configure:3152: test -s conftest.o
configure:3155: $? = 0
configure:3166: result: yes
configure:3120: checking for stdlib.h
configure:3136: gcc -c -g -O2  conftest.c >&5
configure:3142: $? = 0
configure:3146: test -z 
			 || test ! -s conftest.err
configure:3149: $? = 0
configure:3152: test -s conftest.o
configure:3155: $? = 0
configure:3166: result: yes
configure:3120: checking for string.h
configure:3136: gcc -c -g -O2  conftest.c >&5
configure:3142: $? = 0
configure:3146: test -z 
			 || test ! -s conftest.err
configure:3149: $? = 0
configure:3152: test -s conftest.o
configure:3155: $? = 0
configure:3166: result: yes
configure:3120: checking for memory.h
configure:3136: gcc -c -g -O2  conftest.c >&5
configure:3142: $? = 0
configure:3146: test -z 
			 || test ! -s conftest.err
configure:3149: $? = 0
configure:3152: test -s conftest.o
configure:3155: $? = 0
configure:3166: result: yes
configure:3120: checking for strings.h
configure:3136: gcc -c -g -O2  conftest.c >&5
configure:3142: $? = 0
configure:3146: test -z 
			 || test ! -s conftest.err
configure:3149: $? = 0
configure:3152: test -s conftest.o
configure:3155: $? = 0
configure:3166: result: yes
configure:3120: checking for inttypes.h
configure:3136: gcc -c -g -O2  conftest.c >&5
configure:3142: $? = 0
configure:3146: test -z 
			 || test ! -s conftest.err
configure:3149: $? = 0
configure:3152: test -s conftest.o
configure:3155: $? = 0
configure:3166: result: yes
configure:3120: checking for stdint.h
configure:3136: gcc -c -g -O2  conftest.c >&5
configure:3142: $? = 0
configure:3146: test -z 
			 || test ! -s conftest.err
configure:3149: $? = 0
configure:3152: test -s conftest.o
configure:3155: $? = 0
configure:3166: result: yes
configure:3120: checking for unistd.h
configure:3136: gcc -c -g -O2  conftest.c >&5
configure:3142: $? = 0
configure:3146: test -z 
			 || test ! -s conftest.err
configure:3149: $? = 0
configure:3152: test -s conftest.o
configure:3155: $? = 0
configure:3166: result: yes
configure:3196: checking malloc.h usability
configure:3208: gcc -c -g -O2  conftest.c >&5
configure:3214: $? = 0
configure:3218: test -z 
			 || test ! -s conftest.err
configure:3221: $? = 0
configure:3224: test -s conftest.o
configure:3227: $? = 0
configure:3237: result: yes
configure:3241: checking malloc.h presence
configure:3251: gcc -E  conftest.c
configure:3257: $? = 0
configure:3277: result: yes
configure:3312: checking for malloc.h
configure:3319: result: yes
configure:3196: checking stddef.h usability
configure:3208: gcc -c -g -O2  conftest.c >&5
configure:3214: $? = 0
configure:3218: test -z 
			 || test ! -s conftest.err
configure:3221: $? = 0
configure:3224: test -s conftest.o
configure:3227: $? = 0
configure:3237: result: yes
configure:3241: checking stddef.h presence
configure:3251: gcc -E  conftest.c
configure:3257: $? = 0
configure:3277: result: yes
configure:3312: checking for stddef.h
configure:3319: result: yes
configure:3187: checking for stdlib.h
configure:3192: result: yes
configure:3187: checking for string.h
configure:3192: result: yes
configure:3187: checking for unistd.h
configure:3192: result: yes
configure:3334: checking for stdbool.h that conforms to C99
configure:3387: gcc -c -g -O2  conftest.c >&5
configure:3393: $? = 0
configure:3397: test -z 
			 || test ! -s conftest.err
configure:3400: $? = 0
configure:3403: test -s conftest.o
configure:3406: $? = 0
configure:3417: result: yes
configure:3419: checking for _Bool
configure:3443: gcc -c -g -O2  conftest.c >&5
configure:3449: $? = 0
configure:3453: test -z 
			 || test ! -s conftest.err
configure:3456: $? = 0
configure:3459: test -s conftest.o
configure:3462: $? = 0
configure:3473: result: yes
configure:3492: checking for an ANSI C-conforming const
configure:3559: gcc -c -g -O2  conftest.c >&5
configure:3565: $? = 0
configure:3569: test -z 
			 || test ! -s conftest.err
configure:3572: $? = 0
configure:3575: test -s conftest.o
configure:3578: $? = 0
configure:3589: result: yes
configure:3599: checking for inline
configure:3620: gcc -c -g -O2  conftest.c >&5
configure:3626: $? = 0
configure:3630: test -z 
			 || test ! -s conftest.err
configure:3633: $? = 0
configure:3636: test -s conftest.o
configure:3639: $? = 0
configure:3651: result: inline
configure:3670: checking for size_t
configure:3694: gcc -c -g -O2  conftest.c >&5
configure:3700: $? = 0
configure:3704: test -z 
			 || test ! -s conftest.err
configure:3707: $? = 0
configure:3710: test -s conftest.o
configure:3713: $? = 0
configure:3724: result: yes
configure:3736: checking for ptrdiff_t
configure:3760: gcc -c -g -O2  conftest.c >&5
configure:3766: $? = 0
configure:3770: test -z 
			 || test ! -s conftest.err
configure:3773: $? = 0
configure:3776: test -s conftest.o
configure:3779: $? = 0
configure:3790: result: yes
configure:3808: checking for stdlib.h
configure:3813: result: yes
configure:3953: checking for GNU libc compatible malloc
configure:3982: gcc -o conftest -g -O2   conftest.c -lm  >&5
configure:3985: $? = 0
configure:3987: ./conftest
configure:3990: $? = 0
configure:4004: result: yes
configure:4040: checking for memset
configure:4097: gcc -o conftest -g -O2   conftest.c -lm  >&5
conftest.c:54: warning: conflicting types for built-in function 'memset'
configure:4103: $? = 0
configure:4107: test -z 
			 || test ! -s conftest.err
configure:4110: $? = 0
configure:4113: test -s conftest
configure:4116: $? = 0
configure:4128: result: yes
configure:4040: checking for pow
configure:4097: gcc -o conftest -g -O2   conftest.c -lm  >&5
conftest.c:55: warning: conflicting types for built-in function 'pow'
configure:4103: $? = 0
configure:4107: test -z 
			 || test ! -s conftest.err
configure:4110: $? = 0
configure:4113: test -s conftest
configure:4116: $? = 0
configure:4128: result: yes
configure:4040: checking for sqrt
configure:4097: gcc -o conftest -g -O2   conftest.c -lm  >&5
conftest.c:56: warning: conflicting types for built-in function 'sqrt'
configure:4103: $? = 0
configure:4107: test -z 
			 || test ! -s conftest.err
configure:4110: $? = 0
configure:4113: test -s conftest
configure:4116: $? = 0
configure:4128: result: yes
configure:4267: creating ./config.status

## ---------------------- ##
## Running config.status. ##
## ---------------------- ##

This file was extended by ABAMD config.status 0.0, which was
generated by GNU Autoconf 2.59.  Invocation command line was

  CONFIG_FILES    = 
  CONFIG_HEADERS  = 
  CONFIG_LINKS    = 
  CONFIG_COMMANDS = 
  $ ./config.status 

on ajisai00

config.status:636: creating Makefile

## ---------------- ##
## Cache variables. ##
## ---------------- ##

ac_cv_c_compiler_gnu=yes
ac_cv_c_const=yes
ac_cv_c_inline=inline
ac_cv_env_CC_set=
ac_cv_env_CC_value=
ac_cv_env_CFLAGS_set=
ac_cv_env_CFLAGS_value=
ac_cv_env_CPPFLAGS_set=
ac_cv_env_CPPFLAGS_value=
ac_cv_env_CPP_set=
ac_cv_env_CPP_value=
ac_cv_env_LDFLAGS_set=
ac_cv_env_LDFLAGS_value=
ac_cv_env_build_alias_set=
ac_cv_env_build_alias_value=
ac_cv_env_host_alias_set=
ac_cv_env_host_alias_value=
ac_cv_env_target_alias_set=
ac_cv_env_target_alias_value=
ac_cv_exeext=
ac_cv_func_malloc_0_nonnull=yes
ac_cv_func_memset=yes
ac_cv_func_pow=yes
ac_cv_func_sqrt=yes
ac_cv_header_inttypes_h=yes
ac_cv_header_malloc_h=yes
ac_cv_header_memory_h=yes
ac_cv_header_stdbool_h=yes
ac_cv_header_stdc=yes
ac_cv_header_stddef_h=yes
ac_cv_header_stdint_h=yes
ac_cv_header_stdlib_h=yes
ac_cv_header_string_h=yes
ac_cv_header_strings_h=yes
ac_cv_header_sys_stat_h=yes
ac_cv_header_sys_types_h=yes
ac_cv_header_unistd_h=yes
ac_cv_lib_blas_main=no
ac_cv_lib_f2c_main=no
ac_cv_lib_gc_main=no
ac_cv_lib_lapack_main=no
ac_cv_lib_m_main=yes
ac_cv_lib_netcdf_main=no
ac_cv_objext=o
ac_cv_prog_CPP='gcc -E'
ac_cv_prog_ac_ct_CC=gcc
ac_cv_prog_cc_g=yes
ac_cv_prog_cc_stdc=
ac_cv_prog_egrep='grep -E'
ac_cv_prog_make_make_set=yes
ac_cv_type__Bool=yes
ac_cv_type_ptrdiff_t=yes
ac_cv_type_size_t=yes

## ----------------- ##
## Output variables. ##
## ----------------- ##

CC='gcc'
CFLAGS='-g -O2'
CPP='gcc -E'
CPPFLAGS=''
DEFS='-DPACKAGE_NAME=\"ABAMD\" -DPACKAGE_TARNAME=\"abamd\" -DPACKAGE_VERSION=\"0.0\" -DPACKAGE_STRING=\"ABAMD\ 0.0\" -DPACKAGE_BUGREPORT=\"BUG-REPORT-ADDRESS\" -DHAVE_LIBM=1 -DSTDC_HEADERS=1 -DHAVE_SYS_TYPES_H=1 -DHAVE_SYS_STAT_H=1 -DHAVE_STDLIB_H=1 -DHAVE_STRING_H=1 -DHAVE_MEMORY_H=1 -DHAVE_STRINGS_H=1 -DHAVE_INTTYPES_H=1 -DHAVE_STDINT_H=1 -DHAVE_UNISTD_H=1 -DHAVE_MALLOC_H=1 -DHAVE_STDDEF_H=1 -DHAVE_STDLIB_H=1 -DHAVE_STRING_H=1 -DHAVE_UNISTD_H=1 -DHAVE__BOOL=1 -DHAVE_STDBOOL_H=1 -DHAVE_PTRDIFF_T=1 -DHAVE_STDLIB_H=1 -DHAVE_MALLOC=1 -DHAVE_MEMSET=1 -DHAVE_POW=1 -DHAVE_SQRT=1 '
ECHO_C=''
ECHO_N='-n'
ECHO_T=''
EGREP='grep -E'
EXEEXT=''
INC='/home/yamamori/work/programs/ABAMD_2014_05_01/include'
LDFLAGS=''
LIB='/home/yamamori/work/programs/ABAMD_2014_05_01/lib'
LIBOBJS=''
LIBS='-lm '
LTLIBOBJS=''
OBJEXT='o'
PACKAGE_BUGREPORT='BUG-REPORT-ADDRESS'
PACKAGE_NAME='ABAMD'
PACKAGE_STRING='ABAMD 0.0'
PACKAGE_TARNAME='abamd'
PACKAGE_VERSION='0.0'
PATH_SEPARATOR=':'
SET_MAKE=''
SHELL='/bin/sh'
ac_ct_CC='gcc'
bindir='${exec_prefix}/bin'
build_alias=''
datadir='${prefix}/share'
exec_prefix='${prefix}'
host_alias=''
includedir='${prefix}/include'
infodir='${prefix}/info'
libdir='${exec_prefix}/lib'
libexecdir='${exec_prefix}/libexec'
localstatedir='${prefix}/var'
mandir='${prefix}/man'
oldincludedir='/usr/include'
prefix='/usr/local'
program_transform_name='s,x,x,'
sbindir='${exec_prefix}/sbin'
sharedstatedir='${prefix}/com'
sysconfdir='${prefix}/etc'
target_alias=''

## ----------- ##
## confdefs.h. ##
## ----------- ##

#define HAVE_INTTYPES_H 1
#define HAVE_LIBM 1
#define HAVE_MALLOC 1
#define HAVE_MALLOC_H 1
#define HAVE_MEMORY_H 1
#define HAVE_MEMSET 1
#define HAVE_POW 1
#define HAVE_PTRDIFF_T 1
#define HAVE_SQRT 1
#define HAVE_STDBOOL_H 1
#define HAVE_STDDEF_H 1
#define HAVE_STDINT_H 1
#define HAVE_STDLIB_H 1
#define HAVE_STDLIB_H 1
#define HAVE_STDLIB_H 1
#define HAVE_STRINGS_H 1
#define HAVE_STRING_H 1
#define HAVE_STRING_H 1
#define HAVE_SYS_STAT_H 1
#define HAVE_SYS_TYPES_H 1
#define HAVE_UNISTD_H 1
#define HAVE_UNISTD_H 1
#define HAVE__BOOL 1
#define PACKAGE_BUGREPORT "BUG-REPORT-ADDRESS"
#define PACKAGE_NAME "ABAMD"
#define PACKAGE_STRING "ABAMD 0.0"
#define PACKAGE_TARNAME "abamd"
#define PACKAGE_VERSION "0.0"
#define STDC_HEADERS 1

configure: exit 0
