-47.776356 0.000000 0.000000 0.000000 -47.776356 
-47.776356 0.000000 0.000000 0.000000 -47.776356 
-47.776356 0.000000 0.000000 0.000000 -47.776356 
-47.776356 0.000000 0.000000 0.000000 -47.776356 
-47.776356 0.000000 0.000000 0.000000 -47.776356 
-47.776356 0.000000 0.000000 0.000000 -47.776356 
-47.776356 0.000000 0.000000 0.000000 -47.776356 
-47.776356 0.000000 0.000000 0.000000 -47.776356 
-47.776356 0.000000 0.000000 0.000000 -47.776356 
-47.776356 0.000000 0.000000 0.000000 -47.776356 
-47.776356 0.000000 0.000000 0.000000 -47.776356 
-47.776356 0.000000 0.000000 0.000000 -47.776356 
-47.776356 0.000000 0.000000 0.000000 -47.776356 
-47.776356 0.000000 0.000000 0.000000 -47.776356 
-47.776356 0.000000 0.000000 0.000000 -47.776356 
-47.776356 0.000000 0.000000 0.000000 -47.776356 
-47.776356 0.000000 0.000000 0.000000 -47.776356 
-47.776356 0.000000 0.000000 0.000000 -47.776356 
-47.776356 0.000000 0.000000 0.000000 -47.776356 
-47.776356 0.000000 0.000000 0.000000 -47.776356 
-47.776356 0.000000 0.000000 0.000000 -47.776356 
-47.776356 0.000000 0.000000 0.000000 -47.776356 
-47.776356 0.000000 0.000000 0.000000 -47.776356 
-47.776356 0.000000 0.000000 0.000000 -47.776356 
-47.776356 0.000001 0.000000 0.000000 -47.776356 
-47.776357 0.000001 0.000000 0.000000 -47.776356 
-47.776358 0.000002 0.000000 0.000000 -47.776356 
-47.776359 0.000003 0.000000 0.000000 -47.776356 
-47.776361 0.000005 0.000000 0.000000 -47.776356 
-47.776364 0.000009 0.000000 0.000000 -47.776356 
-47.776370 0.000015 0.000000 0.000000 -47.776356 
-47.776380 0.000025 0.000000 0.000000 -47.776356 
-47.776398 0.000042 0.000000 0.000000 -47.776356 
-47.776427 0.000071 0.000000 0.000000 -47.776356 
-47.776477 0.000121 0.000000 0.000000 -47.776356 
-47.776562 0.000206 0.000000 0.000000 -47.776356 
-47.776705 0.000350 0.000000 0.000000 -47.776356 
-47.776950 0.000594 0.000000 0.000000 -47.776356 
-47.777364 0.001009 0.000000 0.000000 -47.776356 
-47.778068 0.001712 0.000000 0.000000 -47.776356 
-47.779262 0.002906 0.000000 0.000000 -47.776356 
-47.781282 0.004926 0.000000 0.000000 -47.776356 
-47.784694 0.008338 0.000000 0.000000 -47.776356 
-47.790432 0.014076 0.000000 0.000000 -47.776356 
-47.800014 0.023658 0.000000 0.000000 -47.776356 
-47.815824 0.039468 0.000000 0.000000 -47.776356 
-47.841403 0.065047 0.000000 0.000000 -47.776356 
-47.881486 0.105129 0.000000 0.000000 -47.776356 
-47.941191 0.164834 0.000000 0.000000 -47.776356 
-48.023541 0.247186 0.000000 0.000000 -47.776355 
-48.125300 0.348948 0.000000 0.000000 -47.776352 
-48.234034 0.457684 0.000000 0.000000 -47.776350 
-48.331446 0.555092 0.000000 0.000000 -47.776354 
-48.402670 0.626311 0.000000 0.000000 -47.776359 
-48.442416 0.666056 0.000000 0.000000 -47.776360 
-48.451983 0.675626 0.000000 0.000000 -47.776358 
-48.432553 0.656199 0.000000 0.000000 -47.776354 
-48.382838 0.606486 0.000000 0.000000 -47.776352 
-48.303246 0.526892 0.000000 0.000000 -47.776353 
-48.201919 0.425563 0.000000 0.000000 -47.776356 
-48.094992 0.318635 0.000000 0.000000 -47.776357 
-47.999263 0.222907 0.000000 0.000000 -47.776356 
-47.924689 0.148333 0.000000 0.000000 -47.776356 
-47.872922 0.096566 0.000000 0.000000 -47.776356 
-47.840352 0.063996 0.000000 0.000000 -47.776356 
-47.821596 0.045240 0.000000 0.000000 -47.776356 
-47.811703 0.035347 0.000000 0.000000 -47.776356 
-47.807231 0.030876 0.000000 0.000000 -47.776356 
-47.806641 0.030285 0.000000 0.000000 -47.776356 
-47.810308 0.033952 0.000000 0.000000 -47.776356 
-47.820307 0.043951 0.000000 0.000000 -47.776356 
-47.840076 0.063720 0.000000 0.000000 -47.776356 
-47.873950 0.097594 0.000000 0.000000 -47.776356 
-47.926270 0.149914 0.000000 0.000000 -47.776356 
-47.999463 0.223107 0.000000 0.000000 -47.776356 
-48.090885 0.314532 0.000000 0.000000 -47.776353 
-48.190327 0.413976 0.000000 0.000000 -47.776351 
-48.282163 0.505809 0.000000 0.000000 -47.776353 
-48.352819 0.576461 0.000000 0.000000 -47.776358 
-48.396755 0.620395 0.000000 0.000000 -47.776360 
-48.414837 0.638479 0.000000 0.000000 -47.776358 
-48.408394 0.632039 0.000000 0.000000 -47.776355 
-48.376062 0.599708 0.000000 0.000000 -47.776354 
-48.316217 0.539863 0.000000 0.000000 -47.776354 
-48.232369 0.456013 0.000000 0.000000 -47.776355 
-48.135833 0.359476 0.000000 0.000000 -47.776357 
-48.042011 0.265654 0.000000 0.000000 -47.776357 
-47.963440 0.187084 0.000000 0.000000 -47.776356 
-47.905845 0.129489 0.000000 0.000000 -47.776356 
-47.868965 0.092608 0.000000 0.000000 -47.776357 
-47.849477 0.073120 0.000000 0.000000 -47.776357 
-47.843532 0.067175 0.000000 0.000000 -47.776357 
-47.848319 0.071962 0.000000 0.000000 -47.776357 
-47.863119 0.086762 0.000000 0.000000 -47.776357 
-47.889964 0.113606 0.000000 0.000000 -47.776357 
-47.933110 0.156753 0.000000 0.000000 -47.776358 
-47.996297 0.219940 0.000000 0.000000 -47.776357 
-48.078221 0.301867 0.000000 0.000000 -47.776355 
-48.169312 0.392959 0.000000 0.000000 -47.776353 
-48.254008 0.477654 0.000000 0.000000 -47.776355 
-48.318575 0.542216 0.000000 0.000000 -47.776358 
-48.357487 0.581127 0.000000 0.000000 -47.776360 
-48.372319 0.595960 0.000000 0.000000 -47.776358 
-48.365770 0.589414 0.000000 0.000000 -47.776357 
-48.337731 0.561376 0.000000 0.000000 -47.776355 
-48.286676 0.510320 0.000000 0.000000 -47.776356 
-48.214377 0.438020 0.000000 0.000000 -47.776357 
-48.129027 0.352669 0.000000 0.000000 -47.776358 
-48.043500 0.267142 0.000000 0.000000 -47.776358 
-47.970504 0.194145 0.000000 0.000000 -47.776359 
-47.918398 0.142040 0.000000 0.000000 -47.776358 
-47.889199 0.112840 0.000000 0.000000 -47.776358 
-47.879171 0.102811 0.000000 0.000000 -47.776360 
-47.882369 0.106007 0.000000 0.000000 -47.776362 
-47.895552 0.119190 0.000000 0.000000 -47.776362 
-47.920910 0.144548 0.000000 0.000000 -47.776361 
-47.964147 0.187787 0.000000 0.000000 -47.776361 
-48.028953 0.252593 0.000000 0.000000 -47.776360 
-48.111523 0.335165 0.000000 0.000000 -47.776359 
-48.199051 0.422693 0.000000 0.000000 -47.776358 
-48.274139 0.497782 0.000000 0.000000 -47.776357 
-48.323247 0.546887 0.000000 0.000000 -47.776361 
-48.343359 0.566994 0.000000 0.000000 -47.776364 
-48.341279 0.564917 0.000000 0.000000 -47.776363 
-48.325874 0.549513 0.000000 0.000000 -47.776362 
-48.300361 0.524000 0.000000 0.000000 -47.776360 
-48.261120 0.484760 0.000000 0.000000 -47.776360 
-48.203258 0.426897 0.000000 0.000000 -47.776361 
-48.127767 0.351406 0.000000 0.000000 -47.776361 
-48.044256 0.267895 0.000000 0.000000 -47.776361 
-47.967688 0.191327 0.000000 0.000000 -47.776362 
-47.912339 0.135976 0.000000 0.000000 -47.776362 
-47.886533 0.110170 0.000000 0.000000 -47.776363 
-47.890049 0.113687 0.000000 0.000000 -47.776362 
-47.915327 0.138964 0.000000 0.000000 -47.776363 
-47.952518 0.176149 0.000000 0.000000 -47.776369 
-47.995450 0.219082 0.000000 0.000000 -47.776368 
-48.044031 0.267662 0.000000 0.000000 -47.776369 
-48.101327 0.324960 0.000000 0.000000 -47.776367 
-48.167585 0.391218 0.000000 0.000000 -47.776367 
-48.236342 0.459971 0.000000 0.000000 -47.776370 
-48.295735 0.519363 0.000000 0.000000 -47.776372 
-48.333843 0.557472 0.000000 0.000000 -47.776372 
-48.344168 0.567799 0.000000 0.000000 -47.776369 
-48.327540 0.551175 0.000000 0.000000 -47.776365 
-48.289731 0.513364 0.000000 0.000000 -47.776367 
-48.237770 0.461401 0.000000 0.000000 -47.776370 
-48.177946 0.401575 0.000000 0.000000 -47.776370 
-48.115221 0.338848 0.000000 0.000000 -47.776373 
-48.053330 0.276955 0.000000 0.000000 -47.776375 
-47.995844 0.219468 0.000000 0.000000 -47.776376 
-47.947770 0.171392 0.000000 0.000000 -47.776377 
-47.916149 0.139769 0.000000 0.000000 -47.776380 
-47.908049 0.131669 0.000000 0.000000 -47.776380 
-47.926372 0.149991 0.000000 0.000000 -47.776380 
-47.967239 0.190858 0.000000 0.000000 -47.776381 
-48.021701 0.245320 0.000000 0.000000 -47.776381 
-48.080302 0.303922 0.000000 0.000000 -47.776381 
-48.136983 0.360603 0.000000 0.000000 -47.776381 
-48.189816 0.413435 0.000000 0.000000 -47.776381 
-48.238458 0.462076 0.000000 0.000000 -47.776381 
-48.280428 0.504047 0.000000 0.000000 -47.776381 
-48.309253 0.532871 0.000000 0.000000 -47.776382 
-48.316404 0.540020 0.000000 0.000000 -47.776384 
-48.296307 0.519922 0.000000 0.000000 -47.776386 
-48.250986 0.474600 0.000000 0.000000 -47.776386 
-48.190581 0.414198 0.000000 0.000000 -47.776383 
-48.128940 0.352560 0.000000 0.000000 -47.776380 
-48.076789 0.300404 0.000000 0.000000 -47.776385 
-48.036895 0.260510 0.000000 0.000000 -47.776386 
-48.004964 0.228580 0.000000 0.000000 -47.776383 
-47.976023 0.199637 0.000000 0.000000 -47.776386 
-47.951474 0.175088 0.000000 0.000000 -47.776386 
-47.940426 0.164041 0.000000 0.000000 -47.776385 
-47.953625 0.177239 0.000000 0.000000 -47.776387 
-47.994844 0.218458 0.000000 0.000000 -47.776387 
-48.056671 0.280286 0.000000 0.000000 -47.776385 
-48.124081 0.347695 0.000000 0.000000 -47.776386 
-48.182975 0.406588 0.000000 0.000000 -47.776387 
-48.226427 0.450035 0.000000 0.000000 -47.776391 
-48.254927 0.478533 0.000000 0.000000 -47.776394 
-48.272544 0.496149 0.000000 0.000000 -47.776395 
-48.281732 0.505338 0.000000 0.000000 -47.776393 
-48.280276 0.503885 0.000000 0.000000 -47.776391 
-48.262948 0.486559 0.000000 0.000000 -47.776389 
-48.226698 0.450313 0.000000 0.000000 -47.776385 
-48.174929 0.398547 0.000000 0.000000 -47.776383 
-48.116919 0.340532 0.000000 0.000000 -47.776387 
-48.062839 0.286441 0.000000 0.000000 -47.776399 
-48.018913 0.242501 0.000000 0.000000 -47.776412 
-47.986619 0.210207 0.000000 0.000000 -47.776411 
-47.965611 0.189219 0.000000 0.000000 -47.776392 
-47.957199 0.180804 0.000000 0.000000 -47.776395 
-47.965094 0.188695 0.000000 0.000000 -47.776399 
-47.992622 0.216223 0.000000 0.000000 -47.776399 
-48.038713 0.262313 0.000000 0.000000 -47.776400 
-48.096022 0.319620 0.000000 0.000000 -47.776402 
-48.153008 0.376603 0.000000 0.000000 -47.776405 
-48.199041 0.422634 0.000000 0.000000 -47.776406 
-48.229304 0.452900 0.000000 0.000000 -47.776404 
-48.245838 0.469438 0.000000 0.000000 -47.776400 
-48.253814 0.477415 0.000000 0.000000 -47.776398 
-48.256060 0.479657 0.000000 0.000000 -47.776403 
-48.250173 0.473764 0.000000 0.000000 -47.776408 
-48.230278 0.453871 0.000000 0.000000 -47.776407 
-48.192337 0.415931 0.000000 0.000000 -47.776406 
-48.139338 0.362932 0.000000 0.000000 -47.776406 
-48.081597 0.305189 0.000000 0.000000 -47.776408 
-48.031537 0.255126 0.000000 0.000000 -47.776411 
-47.997790 0.221376 0.000000 0.000000 -47.776413 
-47.982833 0.206417 0.000000 0.000000 -47.776415 
-47.984374 0.207957 0.000000 0.000000 -47.776418 
-47.998442 0.222024 0.000000 0.000000 -47.776418 
-48.021963 0.245547 0.000000 0.000000 -47.776417 
-48.053606 0.277191 0.000000 0.000000 -47.776415 
-48.092569 0.316156 0.000000 0.000000 -47.776413 
-48.136288 0.359876 0.000000 0.000000 -47.776412 
-48.179489 0.403074 0.000000 0.000000 -47.776415 
-48.215866 0.439450 0.000000 0.000000 -47.776416 
-48.240812 0.464395 0.000000 0.000000 -47.776417 
-48.252774 0.476356 0.000000 0.000000 -47.776418 
-48.252474 0.476056 0.000000 0.000000 -47.776418 
-48.241020 0.464599 0.000000 0.000000 -47.776422 
-48.218799 0.442363 0.000000 0.000000 -47.776436 
-48.186266 0.409821 0.000000 0.000000 -47.776445 
-48.145478 0.369041 0.000000 0.000000 -47.776437 
-48.100541 0.324113 0.000000 0.000000 -47.776428 
-48.056846 0.280420 0.000000 0.000000 -47.776426 
-48.019851 0.243419 0.000000 0.000000 -47.776432 
-47.994238 0.217796 0.000000 0.000000 -47.776442 
-47.983434 0.206995 0.000000 0.000000 -47.776438 
-47.988921 0.212490 0.000000 0.000000 -47.776431 
-48.009656 0.233230 0.000000 0.000000 -47.776426 
-48.042057 0.265632 0.000000 0.000000 -47.776425 
-48.080642 0.304222 0.000000 0.000000 -47.776419 
-48.119874 0.343460 0.000000 0.000000 -47.776414 
-48.156132 0.379693 0.000000 0.000000 -47.776438 
-48.187490 0.411045 0.000000 0.000000 -47.776445 
-48.211858 0.435413 0.000000 0.000000 -47.776445 
-48.225798 0.449353 0.000000 0.000000 -47.776444 
-48.225477 0.449036 0.000000 0.000000 -47.776441 
-48.209333 0.432883 0.000000 0.000000 -47.776451 
-48.180913 0.404444 0.000000 0.000000 -47.776469 
-48.148262 0.371800 0.000000 0.000000 -47.776462 
-48.118307 0.341846 0.000000 0.000000 -47.776461 
-48.092609 0.316148 0.000000 0.000000 -47.776461 
-48.068770 0.292308 0.000000 0.000000 -47.776462 
-48.044931 0.268470 0.000000 0.000000 -47.776461 
-48.023281 0.246822 0.000000 0.000000 -47.776460 
-48.010018 0.233559 0.000000 0.000000 -47.776458 
-48.011856 0.235400 0.000000 0.000000 -47.776456 
-48.031594 0.255147 0.000000 0.000000 -47.776447 
-48.065905 0.289467 0.000000 0.000000 -47.776437 
-48.106967 0.330517 0.000000 0.000000 -47.776450 
-48.146887 0.370418 0.000000 0.000000 -47.776469 
-48.181318 0.404842 0.000000 0.000000 -47.776476 
-48.209253 0.432775 0.000000 0.000000 -47.776478 
-48.230232 0.453755 0.000000 0.000000 -47.776477 
-48.242471 0.466000 0.000000 0.000000 -47.776471 
-48.243570 0.467105 0.000000 0.000000 -47.776465 
-48.232636 0.456176 0.000000 0.000000 -47.776460 
-48.211504 0.435047 0.000000 0.000000 -47.776457 
-48.183960 0.407504 0.000000 0.000000 -47.776456 
-48.153915 0.377461 0.000000 0.000000 -47.776454 
-48.123975 0.347524 0.000000 0.000000 -47.776450 
-48.095166 0.318720 0.000000 0.000000 -47.776446 
-48.067967 0.291524 0.000000 0.000000 -47.776443 
-48.043982 0.267539 0.000000 0.000000 -47.776443 
-48.026926 0.250484 0.000000 0.000000 -47.776442 
-48.021644 0.245199 0.000000 0.000000 -47.776445 
-48.031179 0.254727 0.000000 0.000000 -47.776452 
-48.053959 0.277493 0.000000 0.000000 -47.776466 
-48.083877 0.307385 0.000000 0.000000 -47.776492 
-48.113698 0.337193 0.000000 0.000000 -47.776505 
-48.138645 0.362153 0.000000 0.000000 -47.776491 
-48.157219 0.380739 0.000000 0.000000 -47.776480 
-48.169518 0.393043 0.000000 0.000000 -47.776476 
-48.175312 0.398837 0.000000 0.000000 -47.776474 
-48.173698 0.397223 0.000000 0.000000 -47.776475 
-48.164159 0.387684 0.000000 0.000000 -47.776475 
-48.147332 0.370857 0.000000 0.000000 -47.776476 
-48.124767 0.348293 0.000000 0.000000 -47.776474 
-48.098528 0.322061 0.000000 0.000000 -47.776468 
-48.071106 0.294635 0.000000 0.000000 -47.776471 
-48.045026 0.268544 0.000000 0.000000 -47.776482 
-48.022335 0.245850 0.000000 0.000000 -47.776486 
-48.004770 0.228284 0.000000 0.000000 -47.776485 
-47.994444 0.217959 0.000000 0.000000 -47.776485 
-47.994040 0.217555 0.000000 0.000000 -47.776485 
-48.005824 0.229339 0.000000 0.000000 -47.776485 
-48.029786 0.253301 0.000000 0.000000 -47.776486 
-48.062006 0.285520 0.000000 0.000000 -47.776486 
-48.094978 0.318487 0.000000 0.000000 -47.776491 
-48.121223 0.344718 0.000000 0.000000 -47.776505 
-48.138143 0.361638 0.000000 0.000000 -47.776505 
-48.149136 0.372637 0.000000 0.000000 -47.776498 
-48.159793 0.383297 0.000000 0.000000 -47.776496 
-48.172897 0.396403 0.000000 0.000000 -47.776494 
-48.185787 0.409294 0.000000 0.000000 -47.776493 
-48.191726 0.415234 0.000000 0.000000 -47.776491 
-48.184496 0.408007 0.000000 0.000000 -47.776489 
-48.163238 0.386747 0.000000 0.000000 -47.776492 
-48.134158 0.357661 0.000000 0.000000 -47.776497 
-48.107563 0.331066 0.000000 0.000000 -47.776496 
-48.091898 0.315412 0.000000 0.000000 -47.776485 
-48.088863 0.312410 0.000000 0.000000 -47.776453 
-48.093111 0.316632 0.000000 0.000000 -47.776479 
-48.096947 0.320356 0.000000 0.000000 -47.776591 
-48.096519 0.319940 0.000000 0.000000 -47.776579 
-48.094555 0.317981 0.000000 0.000000 -47.776575 
-48.098084 0.321501 0.000000 0.000000 -47.776583 
-48.113466 0.336881 0.000000 0.000000 -47.776585 
-48.141698 0.365125 0.000000 0.000000 -47.776573 
-48.176493 0.399930 0.000000 0.000000 -47.776562 
-48.206924 0.430367 0.000000 0.000000 -47.776557 
-48.223068 0.446502 0.000000 0.000000 -47.776566 
-48.221100 0.444518 0.000000 0.000000 -47.776583 
-48.204855 0.428267 0.000000 0.000000 -47.776588 
-48.182618 0.406035 0.000000 0.000000 -47.776583 
-48.161461 0.384883 0.000000 0.000000 -47.776578 
-48.143163 0.366586 0.000000 0.000000 -47.776576 
-48.124023 0.347444 0.000000 0.000000 -47.776578 
-48.098646 0.322059 0.000000 0.000000 -47.776588 
-48.065797 0.289201 0.000000 0.000000 -47.776596 
-48.031323 0.254734 0.000000 0.000000 -47.776588 
-48.004536 0.227953 0.000000 0.000000 -47.776583 
-47.991944 0.215361 0.000000 0.000000 -47.776583 
-47.994024 0.217439 0.000000 0.000000 -47.776584 
-48.006327 0.229741 0.000000 0.000000 -47.776586 
-48.023302 0.246716 0.000000 0.000000 -47.776586 
-48.042155 0.265570 0.000000 0.000000 -47.776585 
-48.063833 0.287249 0.000000 0.000000 -47.776584 
-48.090320 0.313736 0.000000 0.000000 -47.776584 
-48.120953 0.344364 0.000000 0.000000 -47.776589 
-48.151372 0.374775 0.000000 0.000000 -47.776597 
-48.175866 0.399267 0.000000 0.000000 -47.776599 
-48.190762 0.414163 0.000000 0.000000 -47.776599 
-48.196223 0.419624 0.000000 0.000000 -47.776599 
-48.195351 0.418756 0.000000 0.000000 -47.776596 
-48.191218 0.414625 0.000000 0.000000 -47.776593 
-48.184058 0.407467 0.000000 0.000000 -47.776591 
-48.171568 0.394976 0.000000 0.000000 -47.776593 
-48.152313 0.375712 0.000000 0.000000 -47.776601 
-48.128068 0.351465 0.000000 0.000000 -47.776603 
-48.102948 0.326347 0.000000 0.000000 -47.776601 
-48.081481 0.304879 0.000000 0.000000 -47.776602 
-48.067116 0.290526 0.000000 0.000000 -47.776590 
-48.061572 0.285022 0.000000 0.000000 -47.776550 
-48.064467 0.287877 0.000000 0.000000 -47.776590 
-48.073410 0.296789 0.000000 0.000000 -47.776621 
-48.085344 0.308725 0.000000 0.000000 -47.776619 
-48.097883 0.321276 0.000000 0.000000 -47.776607 
-48.109847 0.333250 0.000000 0.000000 -47.776597 
-48.121246 0.344642 0.000000 0.000000 -47.776604 
-48.132970 0.356365 0.000000 0.000000 -47.776605 
-48.145597 0.368998 0.000000 0.000000 -47.776599 
-48.157790 0.381199 0.000000 0.000000 -47.776591 
-48.166188 0.389604 0.000000 0.000000 -47.776584 
-48.167337 0.390750 0.000000 0.000000 -47.776587 
-48.160070 0.383467 0.000000 0.000000 -47.776603 
-48.146453 0.369830 0.000000 0.000000 -47.776623 
-48.130700 0.354065 0.000000 0.000000 -47.776635 
-48.116801 0.340163 0.000000 0.000000 -47.776638 
-48.106283 0.329648 0.000000 0.000000 -47.776635 
-48.097890 0.321277 0.000000 0.000000 -47.776614 
-48.089946 0.313375 0.000000 0.000000 -47.776571 
-48.083221 0.306663 0.000000 0.000000 -47.776558 
-48.080912 0.304326 0.000000 0.000000 -47.776586 
-48.086001 0.309383 0.000000 0.000000 -47.776617 
-48.098937 0.322312 0.000000 0.000000 -47.776625 
-48.117147 0.340556 0.000000 0.000000 -47.776591 
-48.136505 0.359952 0.000000 0.000000 -47.776554 
-48.153661 0.377096 0.000000 0.000000 -47.776565 
-48.167000 0.390418 0.000000 0.000000 -47.776582 
-48.175832 0.399249 0.000000 0.000000 -47.776584 
-48.179639 0.403040 0.000000 0.000000 -47.776600 
-48.178419 0.401796 0.000000 0.000000 -47.776622 
-48.173164 0.396560 0.000000 0.000000 -47.776604 
-48.165523 0.388951 0.000000 0.000000 -47.776572 
-48.157097 0.380529 0.000000 0.000000 -47.776568 
-48.148869 0.372295 0.000000 0.000000 -47.776574 
-48.140702 0.364119 0.000000 0.000000 -47.776583 
-48.131275 0.354691 0.000000 0.000000 -47.776584 
-48.119174 0.342594 0.000000 0.000000 -47.776580 
-48.104194 0.327607 0.000000 0.000000 -47.776587 
-48.087706 0.311113 0.000000 0.000000 -47.776593 
-48.072297 0.295699 0.000000 0.000000 -47.776598 
-48.061000 0.284397 0.000000 0.000000 -47.776604 
-48.056269 0.279662 0.000000 0.000000 -47.776607 
-48.058950 0.282344 0.000000 0.000000 -47.776606 
-48.067560 0.290958 0.000000 0.000000 -47.776601 
-48.078368 0.301772 0.000000 0.000000 -47.776595 
-48.086886 0.310297 0.000000 0.000000 -47.776588 
-48.090479 0.313895 0.000000 0.000000 -47.776583 
-48.090182 0.313599 0.000000 0.000000 -47.776584 
-48.089881 0.313295 0.000000 0.000000 -47.776586 
-48.093311 0.316722 0.000000 0.000000 -47.776589 
-48.101216 0.324623 0.000000 0.000000 -47.776593 
-48.110581 0.333983 0.000000 0.000000 -47.776597 
-48.116314 0.339711 0.000000 0.000000 -47.776603 
-48.114419 0.337809 0.000000 0.000000 -47.776610 
-48.104876 0.328259 0.000000 0.000000 -47.776617 
-48.092247 0.315623 0.000000 0.000000 -47.776624 
-48.083179 0.306550 0.000000 0.000000 -47.776629 
-48.082203 0.305574 0.000000 0.000000 -47.776630 
-48.088727 0.312101 0.000000 0.000000 -47.776626 
-48.097460 0.320838 0.000000 0.000000 -47.776622 
-48.102139 0.325517 0.000000 0.000000 -47.776623 
-48.099760 0.323139 0.000000 0.000000 -47.776622 
-48.092328 0.315714 0.000000 0.000000 -47.776613 
-48.085706 0.309106 0.000000 0.000000 -47.776600 
-48.086514 0.309908 0.000000 0.000000 -47.776606 
-48.097322 0.320709 0.000000 0.000000 -47.776613 
-48.113260 0.336653 0.000000 0.000000 -47.776608 
-48.124812 0.348207 0.000000 0.000000 -47.776605 
-48.125355 0.348749 0.000000 0.000000 -47.776606 
-48.116317 0.339702 0.000000 0.000000 -47.776615 
-48.105367 0.328744 0.000000 0.000000 -47.776623 
-48.100193 0.323577 0.000000 0.000000 -47.776616 
-48.103633 0.327031 0.000000 0.000000 -47.776602 
-48.112742 0.336152 0.000000 0.000000 -47.776589 
-48.121017 0.344434 0.000000 0.000000 -47.776583 
-48.122415 0.345841 0.000000 0.000000 -47.776575 
-48.115216 0.338649 0.000000 0.000000 -47.776567 
-48.102866 0.326282 0.000000 0.000000 -47.776584 
-48.090798 0.314183 0.000000 0.000000 -47.776615 
-48.082025 0.305387 0.000000 0.000000 -47.776638 
-48.075536 0.298877 0.000000 0.000000 -47.776659 
-48.068678 0.292013 0.000000 0.000000 -47.776666 
-48.060841 0.284186 0.000000 0.000000 -47.776655 
-48.054581 0.277938 0.000000 0.000000 -47.776643 
-48.053131 0.276497 0.000000 0.000000 -47.776634 
-48.056749 0.280126 0.000000 0.000000 -47.776623 
-48.061422 0.284814 0.000000 0.000000 -47.776608 
-48.061572 0.284991 0.000000 0.000000 -47.776582 
-48.054941 0.278389 0.000000 0.000000 -47.776552 
-48.045253 0.268695 0.000000 0.000000 -47.776558 
-48.039813 0.263227 0.000000 0.000000 -47.776586 
-48.044124 0.267529 0.000000 0.000000 -47.776596 
-48.058003 0.281406 0.000000 0.000000 -47.776597 
-48.075459 0.298863 0.000000 0.000000 -47.776596 
-48.088058 0.311466 0.000000 0.000000 -47.776591 
-48.090011 0.313433 0.000000 0.000000 -47.776578 
-48.082351 0.305795 0.000000 0.000000 -47.776556 
-48.073243 0.296694 0.000000 0.000000 -47.776549 
-48.073177 0.296616 0.000000 0.000000 -47.776561 
-48.087545 0.310977 0.000000 0.000000 -47.776567 
-48.111764 0.335194 0.000000 0.000000 -47.776570 
-48.133233 0.356664 0.000000 0.000000 -47.776570 
-48.139797 0.363234 0.000000 0.000000 -47.776564 
-48.128654 0.352088 0.000000 0.000000 -47.776566 
-48.108455 0.331877 0.000000 0.000000 -47.776578 
-48.093163 0.316577 0.000000 0.000000 -47.776586 
-48.092692 0.316105 0.000000 0.000000 -47.776587 
-48.106503 0.329914 0.000000 0.000000 -47.776590 
-48.123831 0.347239 0.000000 0.000000 -47.776592 
-48.130686 0.354107 0.000000 0.000000 -47.776579 
-48.119707 0.343160 0.000000 0.000000 -47.776548 
-48.096019 0.319483 0.000000 0.000000 -47.776535 
-48.073806 0.297259 0.000000 0.000000 -47.776547 
-48.065685 0.289124 0.000000 0.000000 -47.776561 
-48.073585 0.297016 0.000000 0.000000 -47.776569 
-48.088165 0.311601 0.000000 0.000000 -47.776564 
-48.096154 0.319622 0.000000 0.000000 -47.776531 
-48.089362 0.312839 0.000000 0.000000 -47.776523 
-48.069821 0.293100 0.000000 0.000000 -47.776721 
-48.048318 0.271510 0.000000 0.000000 -47.776808 
-48.036689 0.259924 0.000000 0.000000 -47.776765 
-48.040762 0.264074 0.000000 0.000000 -47.776688 
-48.058823 0.282060 0.000000 0.000000 -47.776763 
-48.084153 0.307278 0.000000 0.000000 -47.776875 
-48.107459 0.330728 0.000000 0.000000 -47.776731 
-48.118920 0.342239 0.000000 0.000000 -47.776681 
-48.113955 0.337248 0.000000 0.000000 -47.776708 
-48.098643 0.321911 0.000000 0.000000 -47.776732 
-48.086780 0.310036 0.000000 0.000000 -47.776744 
-48.089708 0.312964 0.000000 0.000000 -47.776744 
-48.108053 0.331311 0.000000 0.000000 -47.776743 
-48.131979 0.355231 0.000000 0.000000 -47.776748 
-48.149214 0.372457 0.000000 0.000000 -47.776757 
-48.153564 0.376805 0.000000 0.000000 -47.776759 
-48.147729 0.370971 0.000000 0.000000 -47.776758 
-48.140613 0.363855 0.000000 0.000000 -47.776759 
-48.141239 0.364465 0.000000 0.000000 -47.776774 
-48.151935 0.375134 0.000000 0.000000 -47.776801 
-48.165594 0.388780 0.000000 0.000000 -47.776813 
-48.170413 0.393609 0.000000 0.000000 -47.776804 
-48.160034 0.383252 0.000000 0.000000 -47.776783 
-48.139713 0.362932 0.000000 0.000000 -47.776781 
-48.121091 0.344301 0.000000 0.000000 -47.776791 
-48.112303 0.335509 0.000000 0.000000 -47.776793 
-48.113709 0.336916 0.000000 0.000000 -47.776794 
-48.120624 0.343824 0.000000 0.000000 -47.776800 
-48.128506 0.351705 0.000000 0.000000 -47.776801 
-48.136202 0.359414 0.000000 0.000000 -47.776788 
-48.145548 0.368771 0.000000 0.000000 -47.776776 
-48.158266 0.381488 0.000000 0.000000 -47.776778 
-48.172596 0.395810 0.000000 0.000000 -47.776786 
-48.182196 0.405410 0.000000 0.000000 -47.776786 
-48.178342 0.401570 0.000000 0.000000 -47.776772 
-48.155902 0.379058 0.000000 0.000000 -47.776844 
-48.122033 0.345091 0.000000 0.000000 -47.776942 
-48.096367 0.319479 0.000000 0.000000 -47.776888 
-48.095479 0.318602 0.000000 0.000000 -47.776877 
-48.118335 0.341469 0.000000 0.000000 -47.776866 
-48.147273 0.370405 0.000000 0.000000 -47.776869 
-48.162359 0.385452 0.000000 0.000000 -47.776907 
-48.155621 0.378758 0.000000 0.000000 -47.776863 
-48.132668 0.355823 0.000000 0.000000 -47.776846 
-48.108051 0.331177 0.000000 0.000000 -47.776874 
-48.097636 0.320744 0.000000 0.000000 -47.776892 
-48.107118 0.330230 0.000000 0.000000 -47.776887 
-48.126504 0.349621 0.000000 0.000000 -47.776883 
-48.135945 0.359027 0.000000 0.000000 -47.776918 
-48.123134 0.346185 0.000000 0.000000 -47.776950 
-48.093934 0.316995 0.000000 0.000000 -47.776939 
-48.064736 0.287798 0.000000 0.000000 -47.776938 
-48.050229 0.273296 0.000000 0.000000 -47.776933 
-48.055212 0.278285 0.000000 0.000000 -47.776927 
-48.072030 0.295111 0.000000 0.000000 -47.776920 
-48.086347 0.309463 0.000000 0.000000 -47.776883 
-48.088907 0.312079 0.000000 0.000000 -47.776828 
-48.081840 0.304955 0.000000 0.000000 -47.776884 
-48.074478 0.297535 0.000000 0.000000 -47.776943 
-48.076391 0.299453 0.000000 0.000000 -47.776938 
-48.092141 0.315217 0.000000 0.000000 -47.776925 
-48.118691 0.341784 0.000000 0.000000 -47.776907 
-48.146101 0.369228 0.000000 0.000000 -47.776872 
-48.160649 0.383748 0.000000 0.000000 -47.776901 
-48.151014 0.373907 0.000000 0.000000 -47.777107 
-48.118676 0.341536 0.000000 0.000000 -47.777139 
-48.083109 0.306048 0.000000 0.000000 -47.777061 
-48.068679 0.291625 0.000000 0.000000 -47.777054 
-48.084855 0.307795 0.000000 0.000000 -47.777061 
-48.120462 0.343386 0.000000 0.000000 -47.777076 
-48.153069 0.375951 0.000000 0.000000 -47.777117 
-48.163695 0.386596 0.000000 0.000000 -47.777099 
-48.146990 0.369962 0.000000 0.000000 -47.777028 
-48.113431 0.336400 0.000000 0.000000 -47.777031 
-48.081959 0.304866 0.000000 0.000000 -47.777093 
-48.067001 0.289885 0.000000 0.000000 -47.777116 
-48.070363 0.293246 0.000000 0.000000 -47.777117 
-48.082089 0.305001 0.000000 0.000000 -47.777088 
-48.088779 0.311752 0.000000 0.000000 -47.777027 
-48.084404 0.307403 0.000000 0.000000 -47.777001 
-48.075043 0.298037 0.000000 0.000000 -47.777006 
-48.072495 0.295471 0.000000 0.000000 -47.777023 
-48.083154 0.306116 0.000000 0.000000 -47.777038 
-48.102458 0.325431 0.000000 0.000000 -47.777028 
-48.118300 0.341299 0.000000 0.000000 -47.777002 
-48.119778 0.342762 0.000000 0.000000 -47.777016 
-48.104900 0.327863 0.000000 0.000000 -47.777037 
-48.082519 0.305469 0.000000 0.000000 -47.777051 
-48.066924 0.289846 0.000000 0.000000 -47.777078 
-48.068471 0.291368 0.000000 0.000000 -47.777103 
-48.086156 0.309036 0.000000 0.000000 -47.777121 
-48.106345 0.329213 0.000000 0.000000 -47.777132 
-48.109569 0.332497 0.000000 0.000000 -47.777072 
-48.085226 0.308256 0.000000 0.000000 -47.776970 
-48.044433 0.267421 0.000000 0.000000 -47.777013 
-48.014085 0.237014 0.000000 0.000000 -47.777070 
-48.015291 0.238190 0.000000 0.000000 -47.777102 
-48.046419 0.269302 0.000000 0.000000 -47.777116 
-48.084515 0.307385 0.000000 0.000000 -47.777129 
-48.103852 0.326719 0.000000 0.000000 -47.777133 
-48.095614 0.318487 0.000000 0.000000 -47.777127 
-48.072032 0.294896 0.000000 0.000000 -47.777136 
-48.054014 0.276868 0.000000 0.000000 -47.777146 
-48.054467 0.277314 0.000000 0.000000 -47.777153 
-48.070758 0.293607 0.000000 0.000000 -47.777151 
-48.091070 0.313925 0.000000 0.000000 -47.777145 
-48.107467 0.330319 0.000000 0.000000 -47.777149 
-48.122336 0.345184 0.000000 0.000000 -47.777153 
-48.142152 0.364996 0.000000 0.000000 -47.777156 
-48.166369 0.389235 0.000000 0.000000 -47.777134 
-48.183211 0.406136 0.000000 0.000000 -47.777076 
-48.178934 0.401775 0.000000 0.000000 -47.777159 
-48.154339 0.377122 0.000000 0.000000 -47.777217 
-48.125972 0.348759 0.000000 0.000000 -47.777212 
-48.110354 0.333140 0.000000 0.000000 -47.777214 
-48.112377 0.335156 0.000000 0.000000 -47.777221 
-48.125120 0.347896 0.000000 0.000000 -47.777224 
-48.137330 0.360105 0.000000 0.000000 -47.777225 
-48.141834 0.364605 0.000000 0.000000 -47.777229 
-48.138609 0.361370 0.000000 0.000000 -47.777238 
-48.131676 0.354433 0.000000 0.000000 -47.777243 
-48.124557 0.347332 0.000000 0.000000 -47.777224 
-48.118717 0.341560 0.000000 0.000000 -47.777156 
-48.114819 0.337679 0.000000 0.000000 -47.777141 
-48.114199 0.336898 0.000000 0.000000 -47.777301 
-48.118389 0.341063 0.000000 0.000000 -47.777325 
-48.125670 0.348385 0.000000 0.000000 -47.777286 
-48.130165 0.352891 0.000000 0.000000 -47.777274 
-48.126932 0.349672 0.000000 0.000000 -47.777260 
-48.116640 0.339394 0.000000 0.000000 -47.777246 
-48.105214 0.327970 0.000000 0.000000 -47.777244 
-48.100104 0.322849 0.000000 0.000000 -47.777255 
-48.106005 0.328748 0.000000 0.000000 -47.777257 
-48.121598 0.344344 0.000000 0.000000 -47.777254 
-48.139593 0.362347 0.000000 0.000000 -47.777247 
-48.151491 0.374246 0.000000 0.000000 -47.777245 
-48.154149 0.376881 0.000000 0.000000 -47.777269 
-48.151228 0.374043 0.000000 0.000000 -47.777185 
-48.147464 0.370268 0.000000 0.000000 -47.777196 
-48.145055 0.367652 0.000000 0.000000 -47.777403 
-48.142531 0.365185 0.000000 0.000000 -47.777346 
-48.131607 0.354278 0.000000 0.000000 -47.777329 
-48.104795 0.327529 0.000000 0.000000 -47.777266 
-48.069181 0.291962 0.000000 0.000000 -47.777220 
-48.044904 0.267624 0.000000 0.000000 -47.777280 
-48.047535 0.270173 0.000000 0.000000 -47.777363 
-48.074223 0.296792 0.000000 0.000000 -47.777431 
-48.104707 0.327191 0.000000 0.000000 -47.777516 
-48.116726 0.339622 0.000000 0.000000 -47.777104 
-48.104483 0.327102 0.000000 0.000000 -47.777381 
-48.081980 0.304419 0.000000 0.000000 -47.777561 
-48.072166 0.294673 0.000000 0.000000 -47.777493 
-48.090277 0.312796 0.000000 0.000000 -47.777481 
-48.130697 0.353135 0.000000 0.000000 -47.777562 
-48.167167 0.389360 0.000000 0.000000 -47.777808 
-48.174423 0.398057 0.000000 0.000000 -47.776367 
-48.156200 0.380029 0.000000 0.000000 -47.776171 
-48.133207 0.355584 0.000000 0.000000 -47.777624 
-48.120221 0.342432 0.000000 0.000000 -47.777789 
-48.121839 0.344112 0.000000 0.000000 -47.777727 
-48.132811 0.355132 0.000000 0.000000 -47.777679 
-48.141610 0.364048 0.000000 0.000000 -47.777561 
-48.137578 0.360415 0.000000 0.000000 -47.777162 
-48.116743 0.339409 0.000000 0.000000 -47.777334 
-48.084846 0.307148 0.000000 0.000000 -47.777697 
-48.055970 0.278300 0.000000 0.000000 -47.777670 
-48.042820 0.265218 0.000000 0.000000 -47.777602 
-48.048403 0.270835 0.000000 0.000000 -47.777568 
-48.065820 0.288191 0.000000 0.000000 -47.777629 
-48.083158 0.305572 0.000000 0.000000 -47.777586 
-48.090513 0.313302 0.000000 0.000000 -47.777211 
-48.087454 0.310141 0.000000 0.000000 -47.777313 
-48.083187 0.305700 0.000000 0.000000 -47.777487 
-48.087907 0.310333 0.000000 0.000000 -47.777574 
-48.103178 0.325566 0.000000 0.000000 -47.777612 
-48.119442 0.341833 0.000000 0.000000 -47.777609 
-48.123901 0.346671 0.000000 0.000000 -47.777230 
-48.111124 0.334042 0.000000 0.000000 -47.777082 
-48.084158 0.306555 0.000000 0.000000 -47.777604 
-48.050546 0.272751 0.000000 0.000000 -47.777796 
-48.019853 0.242165 0.000000 0.000000 -47.777687 
-48.000788 0.223200 0.000000 0.000000 -47.777588 
-48.000725 0.223167 0.000000 0.000000 -47.777558 
-48.022836 0.245296 0.000000 0.000000 -47.777540 
-48.057303 0.279805 0.000000 0.000000 -47.777498 
-48.079393 0.301843 0.000000 0.000000 -47.777551 
-48.070172 0.292188 0.000000 0.000000 -47.777984 
-48.041869 0.264003 0.000000 0.000000 -47.777866 
-48.027051 0.249355 0.000000 0.000000 -47.777696 
-48.047070 0.269467 0.000000 0.000000 -47.777603 
-48.095287 0.317781 0.000000 0.000000 -47.777505 
-48.141442 0.363884 0.000000 0.000000 -47.777558 
-48.158855 0.381147 0.000000 0.000000 -47.777707 
-48.146841 0.369135 0.000000 0.000000 -47.777706 
-48.123634 0.345756 0.000000 0.000000 -47.777878 
-48.108136 0.330383 0.000000 0.000000 -47.777753 
-48.106107 0.328493 0.000000 0.000000 -47.777615 
-48.108403 0.330700 0.000000 0.000000 -47.777703 
-48.101294 0.323552 0.000000 0.000000 -47.777742 
-48.080997 0.303274 0.000000 0.000000 -47.777723 
-48.060168 0.282516 0.000000 0.000000 -47.777652 
-48.056925 0.279316 0.000000 0.000000 -47.777609 
-48.076909 0.299283 0.000000 0.000000 -47.777627 
-48.107955 0.330295 0.000000 0.000000 -47.777661 
-48.129603 0.351973 0.000000 0.000000 -47.777629 
-48.126928 0.349309 0.000000 0.000000 -47.777619 
-48.100234 0.322412 0.000000 0.000000 -47.777822 
-48.067755 0.289991 0.000000 0.000000 -47.777763 
-48.055404 0.277648 0.000000 0.000000 -47.777756 
-48.076917 0.299138 0.000000 0.000000 -47.777779 
-48.121413 0.343625 0.000000 0.000000 -47.777788 
-48.159331 0.381557 0.000000 0.000000 -47.777773 
-48.164261 0.386528 0.000000 0.000000 -47.777733 
-48.130908 0.353220 0.000000 0.000000 -47.777688 
-48.076823 0.299116 0.000000 0.000000 -47.777707 
-48.035854 0.258120 0.000000 0.000000 -47.777734 
-48.037247 0.259483 0.000000 0.000000 -47.777764 
-48.081231 0.303452 0.000000 0.000000 -47.777779 
-48.135156 0.357463 0.000000 0.000000 -47.777693 
-48.158070 0.380528 0.000000 0.000000 -47.777543 
-48.140344 0.362867 0.000000 0.000000 -47.777477 
-48.104600 0.326849 0.000000 0.000000 -47.777751 
-48.076334 0.298537 0.000000 0.000000 -47.777796 
-48.071610 0.293790 0.000000 0.000000 -47.777820 
-48.093189 0.315341 0.000000 0.000000 -47.777849 
-48.129745 0.351896 0.000000 0.000000 -47.777849 
-48.161711 0.383915 0.000000 0.000000 -47.777795 
-48.171785 0.394042 0.000000 0.000000 -47.777743 
-48.154482 0.376660 0.000000 0.000000 -47.777822 
-48.119844 0.341908 0.000000 0.000000 -47.777936 
-48.088843 0.310924 0.000000 0.000000 -47.777919 
-48.080586 0.302742 0.000000 0.000000 -47.777844 
-48.098700 0.320873 0.000000 0.000000 -47.777827 
-48.130554 0.352751 0.000000 0.000000 -47.777804 
-48.160436 0.382675 0.000000 0.000000 -47.777761 
-48.176790 0.398779 0.000000 0.000000 -47.778011 
-48.166895 0.389256 0.000000 0.000000 -47.777640 
-48.126325 0.349125 0.000000 0.000000 -47.777200 
-48.074262 0.295526 0.000000 0.000000 -47.778736 
-48.042374 0.264457 0.000000 0.000000 -47.777916 
-48.051666 0.273812 0.000000 0.000000 -47.777853 
-48.096742 0.318882 0.000000 0.000000 -47.777861 
-48.148247 0.370413 0.000000 0.000000 -47.777835 
-48.171325 0.393466 0.000000 0.000000 -47.777859 
-48.149085 0.371087 0.000000 0.000000 -47.777999 
-48.095101 0.317066 0.000000 0.000000 -47.778035 
-48.044065 0.266051 0.000000 0.000000 -47.778014 
-48.027888 0.249866 0.000000 0.000000 -47.778022 
-48.055751 0.277707 0.000000 0.000000 -47.778044 
-48.110656 0.332627 0.000000 0.000000 -47.778030 
-48.162018 0.384074 0.000000 0.000000 -47.777944 
-48.184716 0.406711 0.000000 0.000000 -47.778005 
-48.174818 0.396744 0.000000 0.000000 -47.778074 
-48.151204 0.373103 0.000000 0.000000 -47.778101 
-48.138296 0.360210 0.000000 0.000000 -47.778085 
-48.146234 0.368165 0.000000 0.000000 -47.778069 
-48.168115 0.390504 0.000000 0.000000 -47.777610 
-48.191168 0.413537 0.000000 0.000000 -47.777631 
-48.204337 0.426164 0.000000 0.000000 -47.778173 
-48.205236 0.427087 0.000000 0.000000 -47.778149 
-48.202364 0.424291 0.000000 0.000000 -47.778073 
-48.204315 0.426257 0.000000 0.000000 -47.778058 
-48.209794 0.431731 0.000000 0.000000 -47.778064 
-48.208111 0.429410 0.000000 0.000000 -47.778701 
-48.189862 0.412716 0.000000 0.000000 -47.777146 
-48.160794 0.382825 0.000000 0.000000 -47.777969 
-48.136137 0.357980 0.000000 0.000000 -47.778158 
-48.127340 0.349150 0.000000 0.000000 -47.778190 
-48.134577 0.356592 0.000000 0.000000 -47.777985 
-48.145979 0.368044 0.000000 0.000000 -47.777936 
-48.148360 0.370352 0.000000 0.000000 -47.778008 
-48.136501 0.358619 0.000000 0.000000 -47.777882 
-48.114111 0.336279 0.000000 0.000000 -47.777832 
-48.091468 0.313598 0.000000 0.000000 -47.777870 
-48.080067 0.302158 0.000000 0.000000 -47.777909 
-48.085608 0.307617 0.000000 0.000000 -47.777991 
-48.104762 0.326684 0.000000 0.000000 -47.778079 
-48.125211 0.347121 0.000000 0.000000 -47.778091 
-48.131323 0.353563 0.000000 0.000000 -47.777760 
-48.120499 0.343246 0.000000 0.000000 -47.777252 
-48.102750 0.324924 0.000000 0.000000 -47.777827 
-48.086293 0.308429 0.000000 0.000000 -47.777865 
-48.077362 0.299549 0.000000 0.000000 -47.777813 
-48.077462 0.299600 0.000000 0.000000 -47.777863 
-48.079308 0.301349 0.000000 0.000000 -47.777959 
-48.075986 0.297969 0.000000 0.000000 -47.778017 
-48.072080 0.294286 0.000000 0.000000 -47.777794 
-48.079776 0.302179 0.000000 0.000000 -47.777597 
-48.105151 0.327662 0.000000 0.000000 -47.777489 
-48.141532 0.364159 0.000000 0.000000 -47.777372 
-48.171421 0.393736 0.000000 0.000000 -47.777685 
-48.173765 0.395671 0.000000 0.000000 -47.778094 
-48.144204 0.366058 0.000000 0.000000 -47.778145 
-48.105863 0.327804 0.000000 0.000000 -47.778059 
-48.093274 0.315289 0.000000 0.000000 -47.777986 
-48.124235 0.346283 0.000000 0.000000 -47.777952 
-48.184080 0.406100 0.000000 0.000000 -47.777980 
-48.235540 0.457481 0.000000 0.000000 -47.778059 
-48.246357 0.468228 0.000000 0.000000 -47.778129 
-48.213028 0.434985 0.000000 0.000000 -47.778042 
-48.158182 0.380189 0.000000 0.000000 -47.777993 
-48.107797 0.329810 0.000000 0.000000 -47.777987 
-48.074990 0.297003 0.000000 0.000000 -47.777987 
-48.058621 0.280616 0.000000 0.000000 -47.778005 
-48.051367 0.273316 0.000000 0.000000 -47.778051 
-48.048628 0.270541 0.000000 0.000000 -47.778086 
-48.049237 0.271159 0.000000 0.000000 -47.778078 
-48.050504 0.272455 0.000000 0.000000 -47.778050 
-48.047355 0.269316 0.000000 0.000000 -47.778038 
-48.036726 0.258682 0.000000 0.000000 -47.778044 
-48.021644 0.243584 0.000000 0.000000 -47.778061 
-48.011210 0.233130 0.000000 0.000000 -47.778080 
-48.015443 0.237380 0.000000 0.000000 -47.778063 
-48.037008 0.258955 0.000000 0.000000 -47.778053 
-48.066651 0.288590 0.000000 0.000000 -47.778061 
-48.088047 0.310003 0.000000 0.000000 -47.778045 
-48.091255 0.313373 0.000000 0.000000 -47.777882 
-48.083053 0.305234 0.000000 0.000000 -47.777819 
-48.080849 0.302969 0.000000 0.000000 -47.777880 
-48.096012 0.318031 0.000000 0.000000 -47.777982 
-48.123258 0.345199 0.000000 0.000000 -47.778059 
-48.144349 0.366528 0.000000 0.000000 -47.777821 
-48.141097 0.363143 0.000000 0.000000 -47.777954 
-48.113740 0.334972 0.000000 0.000000 -47.778768 
-48.085891 0.307561 0.000000 0.000000 -47.778330 
-48.081291 0.303030 0.000000 0.000000 -47.778260 
-48.104752 0.326493 0.000000 0.000000 -47.778259 
-48.138284 0.360140 0.000000 0.000000 -47.778144 
-48.156468 0.378472 0.000000 0.000000 -47.777996 
-48.149817 0.371698 0.000000 0.000000 -47.778119 
-48.125907 0.347643 0.000000 0.000000 -47.778264 
-48.098760 0.320408 0.000000 0.000000 -47.778351 
-48.083614 0.305251 0.000000 0.000000 -47.778364 
-48.090421 0.312054 0.000000 0.000000 -47.778367 
-48.116797 0.338429 0.000000 0.000000 -47.778368 
-48.146598 0.368241 0.000000 0.000000 -47.778357 
-48.157517 0.379188 0.000000 0.000000 -47.778329 
-48.135005 0.356682 0.000000 0.000000 -47.778323 
-48.083790 0.305448 0.000000 0.000000 -47.778342 
-48.026952 0.248586 0.000000 0.000000 -47.778367 
-47.991566 0.213220 0.000000 0.000000 -47.778347 
-47.991732 0.213433 0.000000 0.000000 -47.778300 
-48.020152 0.241878 0.000000 0.000000 -47.778275 
-48.053890 0.275608 0.000000 0.000000 -47.778282 
-48.072094 0.293818 0.000000 0.000000 -47.778276 
-48.070880 0.292623 0.000000 0.000000 -47.778257 
-48.062121 0.283838 0.000000 0.000000 -47.778282 
-48.061742 0.283451 0.000000 0.000000 -47.778291 
-48.078426 0.300110 0.000000 0.000000 -47.778317 
-48.108573 0.330232 0.000000 0.000000 -47.778341 
-48.140688 0.362350 0.000000 0.000000 -47.778337 
-48.165857 0.387739 0.000000 0.000000 -47.778118 
-48.181484 0.403473 0.000000 0.000000 -47.778011 
-48.186813 0.408742 0.000000 0.000000 -47.778070 
-48.184690 0.406167 0.000000 0.000000 -47.778523 
-48.184164 0.405902 0.000000 0.000000 -47.778262 
-48.191438 0.413209 0.000000 0.000000 -47.778230 
-48.201727 0.423455 0.000000 0.000000 -47.778272 
-48.203477 0.425795 0.000000 0.000000 -47.777682 
-48.189716 0.411579 0.000000 0.000000 -47.778137 
-48.163909 0.385380 0.000000 0.000000 -47.778528 
-48.135845 0.357385 0.000000 0.000000 -47.778460 
-48.114565 0.336247 0.000000 0.000000 -47.778318 
-48.103031 0.324762 0.000000 0.000000 -47.778269 
-48.097258 0.319021 0.000000 0.000000 -47.778237 
-48.090386 0.312141 0.000000 0.000000 -47.778245 
-48.078539 0.300248 0.000000 0.000000 -47.778291 
-48.064993 0.286676 0.000000 0.000000 -47.778317 
-48.059187 0.280861 0.000000 0.000000 -47.778326 
-48.069609 0.291281 0.000000 0.000000 -47.778327 
-48.095633 0.317304 0.000000 0.000000 -47.778329 
-48.125636 0.347299 0.000000 0.000000 -47.778337 
-48.143703 0.365370 0.000000 0.000000 -47.778333 
-48.140037 0.361733 0.000000 0.000000 -47.778304 
-48.117094 0.338799 0.000000 0.000000 -47.778295 
-48.087372 0.309054 0.000000 0.000000 -47.778319 
-48.066224 0.287905 0.000000 0.000000 -47.778320 
-48.064987 0.286749 0.000000 0.000000 -47.778238 
-48.085855 0.307661 0.000000 0.000000 -47.778195 
-48.119615 0.341376 0.000000 0.000000 -47.778238 
-48.150082 0.371833 0.000000 0.000000 -47.778249 
-48.163276 0.385072 0.000000 0.000000 -47.778204 
-48.155157 0.377032 0.000000 0.000000 -47.778125 
-48.134538 0.356381 0.000000 0.000000 -47.778157 
-48.118284 0.340080 0.000000 0.000000 -47.778204 
-48.120376 0.342151 0.000000 0.000000 -47.778225 
-48.142857 0.364615 0.000000 0.000000 -47.778242 
-48.175259 0.397016 0.000000 0.000000 -47.778244 
-48.202307 0.424036 0.000000 0.000000 -47.778271 
-48.214077 0.435781 0.000000 0.000000 -47.778296 
-48.209045 0.430720 0.000000 0.000000 -47.778325 
-48.191347 0.413023 0.000000 0.000000 -47.778325 
-48.166608 0.388344 0.000000 0.000000 -47.778264 
-48.138059 0.359556 0.000000 0.000000 -47.778503 
-48.108983 0.330508 0.000000 0.000000 -47.778474 
-48.085954 0.307560 0.000000 0.000000 -47.778394 
-48.075517 0.297140 0.000000 0.000000 -47.778377 
-48.077399 0.299034 0.000000 0.000000 -47.778365 
-48.082452 0.304085 0.000000 0.000000 -47.778367 
-48.079697 0.301319 0.000000 0.000000 -47.778378 
-48.064697 0.286282 0.000000 0.000000 -47.778415 
-48.040856 0.262500 0.000000 0.000000 -47.778356 
-48.016668 0.238508 0.000000 0.000000 -47.778160 
-48.003462 0.225336 0.000000 0.000000 -47.778126 
-48.009800 0.231591 0.000000 0.000000 -47.778209 
-48.035014 0.256759 0.000000 0.000000 -47.778255 
-48.069724 0.291357 0.000000 0.000000 -47.778367 
-48.102258 0.323748 0.000000 0.000000 -47.778510 
-48.124651 0.346192 0.000000 0.000000 -47.778459 
-48.134515 0.356196 0.000000 0.000000 -47.778319 
-48.134838 0.356574 0.000000 0.000000 -47.778264 
-48.133149 0.354809 0.000000 0.000000 -47.778340 
-48.137044 0.358735 0.000000 0.000000 -47.778309 
-48.148086 0.369783 0.000000 0.000000 -47.778303 
-48.161672 0.383239 0.000000 0.000000 -47.778433 
-48.173348 0.394807 0.000000 0.000000 -47.778541 
-48.183262 0.404801 0.000000 0.000000 -47.778461 
-48.192751 0.414428 0.000000 0.000000 -47.778322 
-48.196929 0.418278 0.000000 0.000000 -47.778652 
-48.183758 0.405090 0.000000 0.000000 -47.778668 
-48.146497 0.368195 0.000000 0.000000 -47.778302 
-48.098075 0.319952 0.000000 0.000000 -47.778123 
-48.063711 0.285310 0.000000 0.000000 -47.778401 
-48.060335 0.281871 0.000000 0.000000 -47.778465 
-48.086033 0.307547 0.000000 0.000000 -47.778486 
-48.121522 0.343076 0.000000 0.000000 -47.778446 
-48.141673 0.363504 0.000000 0.000000 -47.778168 
-48.130481 0.352454 0.000000 0.000000 -47.778027 
-48.091108 0.312802 0.000000 0.000000 -47.778306 
-48.045313 0.266823 0.000000 0.000000 -47.778490 
-48.019965 0.241486 0.000000 0.000000 -47.778478 
-48.029024 0.250573 0.000000 0.000000 -47.778451 
-48.064218 0.285871 0.000000 0.000000 -47.778348 
-48.100854 0.322551 0.000000 0.000000 -47.778302 
-48.114041 0.335602 0.000000 0.000000 -47.778439 
-48.095593 0.317211 0.000000 0.000000 -47.778383 
-48.058871 0.280515 0.000000 0.000000 -47.778356 
-48.027093 0.248691 0.000000 0.000000 -47.778402 
-48.017962 0.239519 0.000000 0.000000 -47.778443 
-48.035404 0.256947 0.000000 0.000000 -47.778457 
-48.068862 0.290446 0.000000 0.000000 -47.778416 
-48.099535 0.321172 0.000000 0.000000 -47.778364 
-48.114030 0.335495 0.000000 0.000000 -47.778535 
-48.115328 0.336818 0.000000 0.000000 -47.778510 
-48.117335 0.338875 0.000000 0.000000 -47.778460 
-48.131112 0.352670 0.000000 0.000000 -47.778441 
-48.154715 0.376275 0.000000 0.000000 -47.778440 
-48.171157 0.392722 0.000000 0.000000 -47.778436 
-48.161482 0.384014 0.000000 0.000000 -47.777468 
-48.127285 0.350350 0.000000 0.000000 -47.776935 
-48.093484 0.315132 0.000000 0.000000 -47.778352 
-48.086607 0.308113 0.000000 0.000000 -47.778494 
-48.115168 0.336706 0.000000 0.000000 -47.778462 
-48.162477 0.384015 0.000000 0.000000 -47.778462 
-48.195821 0.417544 0.000000 0.000000 -47.778277 
-48.188494 0.410368 0.000000 0.000000 -47.778126 
-48.138814 0.360293 0.000000 0.000000 -47.778521 
-48.073022 0.294421 0.000000 0.000000 -47.778601 
-48.028788 0.250244 0.000000 0.000000 -47.778544 
-48.029831 0.251334 0.000000 0.000000 -47.778497 
-48.071078 0.292619 0.000000 0.000000 -47.778459 
-48.123921 0.345563 0.000000 0.000000 -47.778357 
-48.156037 0.377747 0.000000 0.000000 -47.778290 
-48.151005 0.372357 0.000000 0.000000 -47.778648 
-48.118133 0.339513 0.000000 0.000000 -47.778619 
-48.085468 0.306915 0.000000 0.000000 -47.778553 
-48.078469 0.299913 0.000000 0.000000 -47.778556 
-48.102579 0.324038 0.000000 0.000000 -47.778541 
-48.142167 0.363653 0.000000 0.000000 -47.778514 
-48.173360 0.394887 0.000000 0.000000 -47.778473 
-48.179499 0.400910 0.000000 0.000000 -47.778589 
-48.160912 0.382128 0.000000 0.000000 -47.778785 
-48.133334 0.354634 0.000000 0.000000 -47.778700 
-48.115467 0.336831 0.000000 0.000000 -47.778636 
-48.117517 0.339041 0.000000 0.000000 -47.778476 
-48.138116 0.359801 0.000000 0.000000 -47.778315 
-48.164232 0.385946 0.000000 0.000000 -47.778286 
-48.173915 0.395425 0.000000 0.000000 -47.778490 
-48.151062 0.372753 0.000000 0.000000 -47.778309 
-48.102889 0.324032 0.000000 0.000000 -47.778858 
-48.061169 0.282453 0.000000 0.000000 -47.778716 
-48.053709 0.275026 0.000000 0.000000 -47.778683 
-48.080886 0.302207 0.000000 0.000000 -47.778679 
-48.122183 0.343502 0.000000 0.000000 -47.778681 
-48.152674 0.374013 0.000000 0.000000 -47.778661 
-48.156658 0.378029 0.000000 0.000000 -47.778629 
-48.135148 0.356371 0.000000 0.000000 -47.778776 
-48.103947 0.325222 0.000000 0.000000 -47.778725 
-48.080659 0.301970 0.000000 0.000000 -47.778689 
-48.076052 0.297348 0.000000 0.000000 -47.778705 
-48.092349 0.313646 0.000000 0.000000 -47.778703 
-48.121758 0.343074 0.000000 0.000000 -47.778683 
-48.147347 0.368700 0.000000 0.000000 -47.778647 
-48.150644 0.371897 0.000000 0.000000 -47.778747 
-48.126433 0.347566 0.000000 0.000000 -47.778866 
-48.090437 0.311634 0.000000 0.000000 -47.778803 
-48.066903 0.288143 0.000000 0.000000 -47.778760 
-48.070404 0.291660 0.000000 0.000000 -47.778744 
-48.097701 0.318963 0.000000 0.000000 -47.778738 
-48.131881 0.353143 0.000000 0.000000 -47.778739 
-48.154109 0.375332 0.000000 0.000000 -47.778777 
-48.155939 0.377232 0.000000 0.000000 -47.778707 
-48.141986 0.364598 0.000000 0.000000 -47.777388 
-48.120873 0.342174 0.000000 0.000000 -47.778699 
-48.103938 0.325195 0.000000 0.000000 -47.778743 
-48.099687 0.320965 0.000000 0.000000 -47.778722 
-48.107054 0.328336 0.000000 0.000000 -47.778718 
-48.117030 0.338391 0.000000 0.000000 -47.778639 
-48.120712 0.342436 0.000000 0.000000 -47.778276 
-48.118659 0.339984 0.000000 0.000000 -47.778675 
-48.114245 0.335445 0.000000 0.000000 -47.778800 
-48.107802 0.329023 0.000000 0.000000 -47.778779 
-48.097808 0.319044 0.000000 0.000000 -47.778764 
-48.081531 0.302778 0.000000 0.000000 -47.778753 
-48.057831 0.279082 0.000000 0.000000 -47.778749 
-48.030813 0.252062 0.000000 0.000000 -47.778752 
-48.008936 0.230177 0.000000 0.000000 -47.778759 
-47.999434 0.220668 0.000000 0.000000 -47.778766 
-48.003971 0.225211 0.000000 0.000000 -47.778760 
-48.019209 0.240466 0.000000 0.000000 -47.778744 
-48.040498 0.261762 0.000000 0.000000 -47.778736 
-48.064704 0.285967 0.000000 0.000000 -47.778737 
-48.090286 0.311546 0.000000 0.000000 -47.778740 
-48.115875 0.337129 0.000000 0.000000 -47.778745 
-48.139502 0.360755 0.000000 0.000000 -47.778748 
-48.159043 0.380301 0.000000 0.000000 -47.778742 
-48.172546 0.393809 0.000000 0.000000 -47.778738 
-48.178059 0.399303 0.000000 0.000000 -47.778757 
-48.174656 0.395869 0.000000 0.000000 -47.778787 
-48.164710 0.385933 0.000000 0.000000 -47.778777 
-48.153343 0.374575 0.000000 0.000000 -47.778768 
-48.143585 0.364802 0.000000 0.000000 -47.778783 
-48.133499 0.354711 0.000000 0.000000 -47.778788 
-48.119321 0.340530 0.000000 0.000000 -47.778791 
-48.100402 0.321636 0.000000 0.000000 -47.778766 
