log started: Thu Sep 29 20:24:49 2011

Log file: ./leap.log
> #
> # ----- leaprc for loading the ff99SB (Hornak & Simmerling) force field
> #
> #	load atom type hybridizations
> #
> addAtomTypes {
> 	{ "H"   "H" "sp3" }
> 	{ "HO"  "H" "sp3" }
> 	{ "HS"  "H" "sp3" }
> 	{ "H1"  "H" "sp3" }
> 	{ "H2"  "H" "sp3" }
> 	{ "H3"  "H" "sp3" }
> 	{ "H4"  "H" "sp3" }
> 	{ "H5"  "H" "sp3" }
> 	{ "HW"  "H" "sp3" }
> 	{ "HC"  "H" "sp3" }
> 	{ "HA"  "H" "sp3" }
> 	{ "HP"  "H" "sp3" }
> 	{ "OH"  "O" "sp3" }
> 	{ "OS"  "O" "sp3" }
> 	{ "O"   "O" "sp2" }
> 	{ "O2"  "O" "sp2" }
> 	{ "OW"  "O" "sp3" }
> 	{ "CT"  "C" "sp3" }
> 	{ "CH"  "C" "sp3" }
> 	{ "C2"  "C" "sp3" }
> 	{ "C3"  "C" "sp3" }
> 	{ "C"   "C" "sp2" }
> 	{ "C*"  "C" "sp2" }
> 	{ "CA"  "C" "sp2" }
> 	{ "CB"  "C" "sp2" }
> 	{ "CC"  "C" "sp2" }
> 	{ "CN"  "C" "sp2" }
> 	{ "CM"  "C" "sp2" }
> 	{ "CK"  "C" "sp2" }
> 	{ "CQ"  "C" "sp2" }
> 	{ "CD"  "C" "sp2" }
> 	{ "CE"  "C" "sp2" }
> 	{ "CF"  "C" "sp2" }
> 	{ "CG"  "C" "sp2" }
> 	{ "CP"  "C" "sp2" }
> 	{ "CI"  "C" "sp2" }
> 	{ "CJ"  "C" "sp2" }
> 	{ "CW"  "C" "sp2" }
> 	{ "CV"  "C" "sp2" }
> 	{ "CR"  "C" "sp2" }
> 	{ "CA"  "C" "sp2" }
> 	{ "CY"  "C" "sp2" }
> 	{ "C0"  "C" "sp2" }
> 	{ "MG"  "Mg" "sp3" }
> 	{ "N"   "N" "sp2" }
> 	{ "NA"  "N" "sp2" }
> 	{ "N2"  "N" "sp2" }
> 	{ "N*"  "N" "sp2" }
> 	{ "NP"  "N" "sp2" }
> 	{ "NQ"  "N" "sp2" }
> 	{ "NB"  "N" "sp2" }
> 	{ "NC"  "N" "sp2" }
> 	{ "NT"  "N" "sp3" }
> 	{ "N3"  "N" "sp3" }
> 	{ "S"   "S" "sp3" }
> 	{ "SH"  "S" "sp3" }
> 	{ "P"   "P" "sp3" }
> 	{ "LP"  ""  "sp3" }
> 	{ "F"   "F" "sp3" }
> 	{ "CL"  "Cl" "sp3" }
> 	{ "BR"  "Br" "sp3" }
> 	{ "I"   "I"  "sp3" }
> 	{ "FE"  "Fe" "sp3" }
> 	{ "EP"  ""  "sp3" }
> # glycam
> 	{ "OG"  "O" "sp3" }
> 	{ "OL"  "O" "sp3" }
> 	{ "AC"  "C" "sp3" }
> 	{ "EC"  "C" "sp3" }
> }
> #
> #	Load the main parameter set.
> #
> parm99 = loadamberparams parm99.dat
Loading parameters: /home/appl/amber10/dat/leap/parm/parm99.dat
Reading title:
PARM99 for DNA,RNA,AA, organic molecules, TIP3P wat. Polariz.& LP incl.02/04/99
(UNKNOWN ATOM TYPE: HZ)
(UNKNOWN ATOM TYPE: NY)
(UNKNOWN ATOM TYPE: IM)
(UNKNOWN ATOM TYPE: Li)
(UNKNOWN ATOM TYPE: IP)
(UNKNOWN ATOM TYPE: K)
(UNKNOWN ATOM TYPE: Rb)
(UNKNOWN ATOM TYPE: Cs)
(UNKNOWN ATOM TYPE: Zn)
(UNKNOWN ATOM TYPE: IB)
(UNKNOWN ATOM TYPE: LP)
> frcmod99SB = loadamberparams frcmod.ff99SB
Loading parameters: /home/appl/amber10/dat/leap/parm/frcmod.ff99SB
Reading force field modification type file (frcmod)
Reading title:
Modification/update of parm99.dat (Hornak & Simmerling)
> #
> #	Load DNA/RNA libraries
> #
> loadOff all_nucleic94.lib
Loading library: /home/appl/amber10/dat/leap/lib/all_nucleic94.lib
Loading: DA
Loading: DA3
Loading: DA5
Loading: DAN
Loading: DC
Loading: DC3
Loading: DC5
Loading: DCN
Loading: DG
Loading: DG3
Loading: DG5
Loading: DGN
Loading: DT
Loading: DT3
Loading: DT5
Loading: DTN
Loading: RA
Loading: RA3
Loading: RA5
Loading: RAN
Loading: RC
Loading: RC3
Loading: RC5
Loading: RCN
Loading: RG
Loading: RG3
Loading: RG5
Loading: RGN
Loading: RU
Loading: RU3
Loading: RU5
Loading: RUN
> #
> #	Load main chain and terminating 
> #	amino acid libraries (i.e. ff94 libs)
> #
> loadOff all_amino94.lib
Loading library: /home/appl/amber10/dat/leap/lib/all_amino94.lib
Loading: ALA
Loading: ARG
Loading: ASH
Loading: ASN
Loading: ASP
Loading: CYM
Loading: CYS
Loading: CYX
Loading: GLH
Loading: GLN
Loading: GLU
Loading: GLY
Loading: HID
Loading: HIE
Loading: HIP
Loading: ILE
Loading: LEU
Loading: LYN
Loading: LYS
Loading: MET
Loading: PHE
Loading: PRO
Loading: SER
Loading: THR
Loading: TRP
Loading: TYR
Loading: VAL
> loadOff all_aminoct94.lib
Loading library: /home/appl/amber10/dat/leap/lib/all_aminoct94.lib
Loading: CALA
Loading: CARG
Loading: CASN
Loading: CASP
Loading: CCYS
Loading: CCYX
Loading: CGLN
Loading: CGLU
Loading: CGLY
Loading: CHID
Loading: CHIE
Loading: CHIP
Loading: CILE
Loading: CLEU
Loading: CLYS
Loading: CMET
Loading: CPHE
Loading: CPRO
Loading: CSER
Loading: CTHR
Loading: CTRP
Loading: CTYR
Loading: CVAL
Loading: NHE
Loading: NME
> loadOff all_aminont94.lib
Loading library: /home/appl/amber10/dat/leap/lib/all_aminont94.lib
Loading: ACE
Loading: NALA
Loading: NARG
Loading: NASN
Loading: NASP
Loading: NCYS
Loading: NCYX
Loading: NGLN
Loading: NGLU
Loading: NGLY
Loading: NHID
Loading: NHIE
Loading: NHIP
Loading: NILE
Loading: NLEU
Loading: NLYS
Loading: NMET
Loading: NPHE
Loading: NPRO
Loading: NSER
Loading: NTHR
Loading: NTRP
Loading: NTYR
Loading: NVAL
> #
> #       Load water and ions
> # 
> loadOff ions94.lib
Loading library: /home/appl/amber10/dat/leap/lib/ions94.lib
Loading: CIO
Loading: Cl-
Loading: Cs+
Loading: IB
Loading: K+
Loading: Li+
Loading: MG2
Loading: Na+
Loading: Rb+
> loadOff solvents.lib
Loading library: /home/appl/amber10/dat/leap/lib/solvents.lib
Loading: CHCL3BOX
Loading: DC4
Loading: MEOHBOX
Loading: NMABOX
Loading: PL3
Loading: POL3BOX
Loading: QSPCFWBOX
Loading: SPC
Loading: SPCBOX
Loading: SPCFWBOX
Loading: SPF
Loading: SPG
Loading: T4E
Loading: TIP3PBOX
Loading: TIP3PFBOX
Loading: TIP4PBOX
Loading: TIP4PEWBOX
Loading: TP3
Loading: TP4
Loading: TP5
Loading: TPF
> HOH = TP3
> WAT = TP3
> 
> #
> #	Define the PDB name map for the amino acids and DNA.
> #
> addPdbResMap {
>   { 0 "ALA" "NALA" } { 1 "ALA" "CALA" }
>   { 0 "ARG" "NARG" } { 1 "ARG" "CARG" }
>   { 0 "ASN" "NASN" } { 1 "ASN" "CASN" }
>   { 0 "ASP" "NASP" } { 1 "ASP" "CASP" }
>   { 0 "CYS" "NCYS" } { 1 "CYS" "CCYS" }
>   { 0 "CYX" "NCYX" } { 1 "CYX" "CCYX" }
>   { 0 "GLN" "NGLN" } { 1 "GLN" "CGLN" }
>   { 0 "GLU" "NGLU" } { 1 "GLU" "CGLU" }
>   { 0 "GLY" "NGLY" } { 1 "GLY" "CGLY" }
>   { 0 "HID" "NHID" } { 1 "HID" "CHID" }
>   { 0 "HIE" "NHIE" } { 1 "HIE" "CHIE" }
>   { 0 "HIP" "NHIP" } { 1 "HIP" "CHIP" }
>   { 0 "ILE" "NILE" } { 1 "ILE" "CILE" }
>   { 0 "LEU" "NLEU" } { 1 "LEU" "CLEU" }
>   { 0 "LYS" "NLYS" } { 1 "LYS" "CLYS" }
>   { 0 "MET" "NMET" } { 1 "MET" "CMET" }
>   { 0 "PHE" "NPHE" } { 1 "PHE" "CPHE" }
>   { 0 "PRO" "NPRO" } { 1 "PRO" "CPRO" }
>   { 0 "SER" "NSER" } { 1 "SER" "CSER" }
>   { 0 "THR" "NTHR" } { 1 "THR" "CTHR" }
>   { 0 "TRP" "NTRP" } { 1 "TRP" "CTRP" }
>   { 0 "TYR" "NTYR" } { 1 "TYR" "CTYR" }
>   { 0 "VAL" "NVAL" } { 1 "VAL" "CVAL" }
>   { 0 "HIS" "NHIS" } { 1 "HIS" "CHIS" }
>   { 0 "GUA" "DG5"  } { 1 "GUA" "DG3"  } { "GUA" "DG" }
>   { 0 "ADE" "DA5"  } { 1 "ADE" "DA3"  } { "ADE" "DA" }
>   { 0 "CYT" "DC5"  } { 1 "CYT" "DC3"  } { "CYT" "DC" }
>   { 0 "THY" "DT5"  } { 1 "THY" "DT3"  } { "THY" "DT" }
>   { 0 "G" "DG5"  } { 1 "G" "DG3"  } { "G" "DG" } { "GN" "DGN" }
>   { 0 "A" "DA5"  } { 1 "A" "DA3"  } { "A" "DA" } { "AN" "DAN" }
>   { 0 "C" "DC5"  } { 1 "C" "DC3"  } { "C" "DC" } { "CN" "DCN" }
>   { 0 "T" "DT5"  } { 1 "T" "DT3"  } { "T" "DT" } { "TN" "DTN" }
>   { 0 "C5" "DC5" }
>   { 0 "G5" "DG5" }
>   { 0 "A5" "DA5" }
>   { 0 "T5" "DT5" }
>   { 1 "C3" "DC3" }
>   { 1 "G3" "DG3" }
>   { 1 "A3" "DA3" }
>   { 1 "T3" "DT3" }
> 
> }
> 
> addPdbAtomMap {
>   { "O5*" "O5'" }
>   { "C5*" "C5'" }
>   { "C4*" "C4'" }
>   { "O4*" "O4'" }
>   { "C3*" "C3'" }
>   { "O3*" "O3'" }
>   { "C2*" "C2'" }
>   { "C1*" "C1'" }
>   { "C5M" "C7"  }
>   { "H1*" "H1'" }
>   { "H2*1" "H2'1" }
>   { "H2*2" "H2'2" }
>   { "H3*" "H3'" }
>   { "H4*" "H4'" }
>   { "H5*1" "H5'1" }
>   { "H5*2" "H5'2" }
> # old ff atom names -> new
>   { "O1'" "O4'" }
>   { "OA"  "O1P" }
>   { "OB"  "O2P" }
> }
> 
> 
> #
> # assumed that most often proteins use HIE
> #
> NHIS = NHIE
> HIS = HIE
> CHIS = CHIE
 
Sourcing: /home/yamamori/work/programs/ABA/GLY20vv.cmd
> pn=sequence{ dummy ACE GLY GLY GLY GLY GLY GLY GLY GLY GLY GLY GLY GLY GLY GLY GLY GLY GLY GLY GLY GLY NME }
sequence: Illegal UNIT at position #1.
> impose pn { { 2 22 } } { {     -40.0 } {     -60.0  } }
impose: Argument #1 is type String must be of type: [unit]
usage:  impose <unit> <residueseqlist> <internalslistlist>
> saveAmberparm pn GLY20vv_helix.top GLY20vv_helix.crd
saveAmberParm: Argument #1 is type String must be of type: [unit]
usage:  saveAmberParm <unit> <topologyfile> <coordfile> 
> quit
	Quit
log started: Thu Sep 29 20:28:04 2011

Log file: ./leap.log
> #
> # ----- leaprc for loading the ff99SB (Hornak & Simmerling) force field
> #
> #	load atom type hybridizations
> #
> addAtomTypes {
> 	{ "H"   "H" "sp3" }
> 	{ "HO"  "H" "sp3" }
> 	{ "HS"  "H" "sp3" }
> 	{ "H1"  "H" "sp3" }
> 	{ "H2"  "H" "sp3" }
> 	{ "H3"  "H" "sp3" }
> 	{ "H4"  "H" "sp3" }
> 	{ "H5"  "H" "sp3" }
> 	{ "HW"  "H" "sp3" }
> 	{ "HC"  "H" "sp3" }
> 	{ "HA"  "H" "sp3" }
> 	{ "HP"  "H" "sp3" }
> 	{ "OH"  "O" "sp3" }
> 	{ "OS"  "O" "sp3" }
> 	{ "O"   "O" "sp2" }
> 	{ "O2"  "O" "sp2" }
> 	{ "OW"  "O" "sp3" }
> 	{ "CT"  "C" "sp3" }
> 	{ "CH"  "C" "sp3" }
> 	{ "C2"  "C" "sp3" }
> 	{ "C3"  "C" "sp3" }
> 	{ "C"   "C" "sp2" }
> 	{ "C*"  "C" "sp2" }
> 	{ "CA"  "C" "sp2" }
> 	{ "CB"  "C" "sp2" }
> 	{ "CC"  "C" "sp2" }
> 	{ "CN"  "C" "sp2" }
> 	{ "CM"  "C" "sp2" }
> 	{ "CK"  "C" "sp2" }
> 	{ "CQ"  "C" "sp2" }
> 	{ "CD"  "C" "sp2" }
> 	{ "CE"  "C" "sp2" }
> 	{ "CF"  "C" "sp2" }
> 	{ "CG"  "C" "sp2" }
> 	{ "CP"  "C" "sp2" }
> 	{ "CI"  "C" "sp2" }
> 	{ "CJ"  "C" "sp2" }
> 	{ "CW"  "C" "sp2" }
> 	{ "CV"  "C" "sp2" }
> 	{ "CR"  "C" "sp2" }
> 	{ "CA"  "C" "sp2" }
> 	{ "CY"  "C" "sp2" }
> 	{ "C0"  "C" "sp2" }
> 	{ "MG"  "Mg" "sp3" }
> 	{ "N"   "N" "sp2" }
> 	{ "NA"  "N" "sp2" }
> 	{ "N2"  "N" "sp2" }
> 	{ "N*"  "N" "sp2" }
> 	{ "NP"  "N" "sp2" }
> 	{ "NQ"  "N" "sp2" }
> 	{ "NB"  "N" "sp2" }
> 	{ "NC"  "N" "sp2" }
> 	{ "NT"  "N" "sp3" }
> 	{ "N3"  "N" "sp3" }
> 	{ "S"   "S" "sp3" }
> 	{ "SH"  "S" "sp3" }
> 	{ "P"   "P" "sp3" }
> 	{ "LP"  ""  "sp3" }
> 	{ "F"   "F" "sp3" }
> 	{ "CL"  "Cl" "sp3" }
> 	{ "BR"  "Br" "sp3" }
> 	{ "I"   "I"  "sp3" }
> 	{ "FE"  "Fe" "sp3" }
> 	{ "EP"  ""  "sp3" }
> # glycam
> 	{ "OG"  "O" "sp3" }
> 	{ "OL"  "O" "sp3" }
> 	{ "AC"  "C" "sp3" }
> 	{ "EC"  "C" "sp3" }
> }
> #
> #	Load the main parameter set.
> #
> parm99 = loadamberparams parm99.dat
Loading parameters: /home/appl/amber10/dat/leap/parm/parm99.dat
Reading title:
PARM99 for DNA,RNA,AA, organic molecules, TIP3P wat. Polariz.& LP incl.02/04/99
(UNKNOWN ATOM TYPE: HZ)
(UNKNOWN ATOM TYPE: NY)
(UNKNOWN ATOM TYPE: IM)
(UNKNOWN ATOM TYPE: Li)
(UNKNOWN ATOM TYPE: IP)
(UNKNOWN ATOM TYPE: K)
(UNKNOWN ATOM TYPE: Rb)
(UNKNOWN ATOM TYPE: Cs)
(UNKNOWN ATOM TYPE: Zn)
(UNKNOWN ATOM TYPE: IB)
(UNKNOWN ATOM TYPE: LP)
> frcmod99SB = loadamberparams frcmod.ff99SB
Loading parameters: /home/appl/amber10/dat/leap/parm/frcmod.ff99SB
Reading force field modification type file (frcmod)
Reading title:
Modification/update of parm99.dat (Hornak & Simmerling)
> #
> #	Load DNA/RNA libraries
> #
> loadOff all_nucleic94.lib
Loading library: /home/appl/amber10/dat/leap/lib/all_nucleic94.lib
Loading: DA
Loading: DA3
Loading: DA5
Loading: DAN
Loading: DC
Loading: DC3
Loading: DC5
Loading: DCN
Loading: DG
Loading: DG3
Loading: DG5
Loading: DGN
Loading: DT
Loading: DT3
Loading: DT5
Loading: DTN
Loading: RA
Loading: RA3
Loading: RA5
Loading: RAN
Loading: RC
Loading: RC3
Loading: RC5
Loading: RCN
Loading: RG
Loading: RG3
Loading: RG5
Loading: RGN
Loading: RU
Loading: RU3
Loading: RU5
Loading: RUN
> #
> #	Load main chain and terminating 
> #	amino acid libraries (i.e. ff94 libs)
> #
> loadOff all_amino94.lib
Loading library: /home/appl/amber10/dat/leap/lib/all_amino94.lib
Loading: ALA
Loading: ARG
Loading: ASH
Loading: ASN
Loading: ASP
Loading: CYM
Loading: CYS
Loading: CYX
Loading: GLH
Loading: GLN
Loading: GLU
Loading: GLY
Loading: HID
Loading: HIE
Loading: HIP
Loading: ILE
Loading: LEU
Loading: LYN
Loading: LYS
Loading: MET
Loading: PHE
Loading: PRO
Loading: SER
Loading: THR
Loading: TRP
Loading: TYR
Loading: VAL
> loadOff all_aminoct94.lib
Loading library: /home/appl/amber10/dat/leap/lib/all_aminoct94.lib
Loading: CALA
Loading: CARG
Loading: CASN
Loading: CASP
Loading: CCYS
Loading: CCYX
Loading: CGLN
Loading: CGLU
Loading: CGLY
Loading: CHID
Loading: CHIE
Loading: CHIP
Loading: CILE
Loading: CLEU
Loading: CLYS
Loading: CMET
Loading: CPHE
Loading: CPRO
Loading: CSER
Loading: CTHR
Loading: CTRP
Loading: CTYR
Loading: CVAL
Loading: NHE
Loading: NME
> loadOff all_aminont94.lib
Loading library: /home/appl/amber10/dat/leap/lib/all_aminont94.lib
Loading: ACE
Loading: NALA
Loading: NARG
Loading: NASN
Loading: NASP
Loading: NCYS
Loading: NCYX
Loading: NGLN
Loading: NGLU
Loading: NGLY
Loading: NHID
Loading: NHIE
Loading: NHIP
Loading: NILE
Loading: NLEU
Loading: NLYS
Loading: NMET
Loading: NPHE
Loading: NPRO
Loading: NSER
Loading: NTHR
Loading: NTRP
Loading: NTYR
Loading: NVAL
> #
> #       Load water and ions
> # 
> loadOff ions94.lib
Loading library: /home/appl/amber10/dat/leap/lib/ions94.lib
Loading: CIO
Loading: Cl-
Loading: Cs+
Loading: IB
Loading: K+
Loading: Li+
Loading: MG2
Loading: Na+
Loading: Rb+
> loadOff solvents.lib
Loading library: /home/appl/amber10/dat/leap/lib/solvents.lib
Loading: CHCL3BOX
Loading: DC4
Loading: MEOHBOX
Loading: NMABOX
Loading: PL3
Loading: POL3BOX
Loading: QSPCFWBOX
Loading: SPC
Loading: SPCBOX
Loading: SPCFWBOX
Loading: SPF
Loading: SPG
Loading: T4E
Loading: TIP3PBOX
Loading: TIP3PFBOX
Loading: TIP4PBOX
Loading: TIP4PEWBOX
Loading: TP3
Loading: TP4
Loading: TP5
Loading: TPF
> HOH = TP3
> WAT = TP3
> 
> #
> #	Define the PDB name map for the amino acids and DNA.
> #
> addPdbResMap {
>   { 0 "ALA" "NALA" } { 1 "ALA" "CALA" }
>   { 0 "ARG" "NARG" } { 1 "ARG" "CARG" }
>   { 0 "ASN" "NASN" } { 1 "ASN" "CASN" }
>   { 0 "ASP" "NASP" } { 1 "ASP" "CASP" }
>   { 0 "CYS" "NCYS" } { 1 "CYS" "CCYS" }
>   { 0 "CYX" "NCYX" } { 1 "CYX" "CCYX" }
>   { 0 "GLN" "NGLN" } { 1 "GLN" "CGLN" }
>   { 0 "GLU" "NGLU" } { 1 "GLU" "CGLU" }
>   { 0 "GLY" "NGLY" } { 1 "GLY" "CGLY" }
>   { 0 "HID" "NHID" } { 1 "HID" "CHID" }
>   { 0 "HIE" "NHIE" } { 1 "HIE" "CHIE" }
>   { 0 "HIP" "NHIP" } { 1 "HIP" "CHIP" }
>   { 0 "ILE" "NILE" } { 1 "ILE" "CILE" }
>   { 0 "LEU" "NLEU" } { 1 "LEU" "CLEU" }
>   { 0 "LYS" "NLYS" } { 1 "LYS" "CLYS" }
>   { 0 "MET" "NMET" } { 1 "MET" "CMET" }
>   { 0 "PHE" "NPHE" } { 1 "PHE" "CPHE" }
>   { 0 "PRO" "NPRO" } { 1 "PRO" "CPRO" }
>   { 0 "SER" "NSER" } { 1 "SER" "CSER" }
>   { 0 "THR" "NTHR" } { 1 "THR" "CTHR" }
>   { 0 "TRP" "NTRP" } { 1 "TRP" "CTRP" }
>   { 0 "TYR" "NTYR" } { 1 "TYR" "CTYR" }
>   { 0 "VAL" "NVAL" } { 1 "VAL" "CVAL" }
>   { 0 "HIS" "NHIS" } { 1 "HIS" "CHIS" }
>   { 0 "GUA" "DG5"  } { 1 "GUA" "DG3"  } { "GUA" "DG" }
>   { 0 "ADE" "DA5"  } { 1 "ADE" "DA3"  } { "ADE" "DA" }
>   { 0 "CYT" "DC5"  } { 1 "CYT" "DC3"  } { "CYT" "DC" }
>   { 0 "THY" "DT5"  } { 1 "THY" "DT3"  } { "THY" "DT" }
>   { 0 "G" "DG5"  } { 1 "G" "DG3"  } { "G" "DG" } { "GN" "DGN" }
>   { 0 "A" "DA5"  } { 1 "A" "DA3"  } { "A" "DA" } { "AN" "DAN" }
>   { 0 "C" "DC5"  } { 1 "C" "DC3"  } { "C" "DC" } { "CN" "DCN" }
>   { 0 "T" "DT5"  } { 1 "T" "DT3"  } { "T" "DT" } { "TN" "DTN" }
>   { 0 "C5" "DC5" }
>   { 0 "G5" "DG5" }
>   { 0 "A5" "DA5" }
>   { 0 "T5" "DT5" }
>   { 1 "C3" "DC3" }
>   { 1 "G3" "DG3" }
>   { 1 "A3" "DA3" }
>   { 1 "T3" "DT3" }
> 
> }
> 
> addPdbAtomMap {
>   { "O5*" "O5'" }
>   { "C5*" "C5'" }
>   { "C4*" "C4'" }
>   { "O4*" "O4'" }
>   { "C3*" "C3'" }
>   { "O3*" "O3'" }
>   { "C2*" "C2'" }
>   { "C1*" "C1'" }
>   { "C5M" "C7"  }
>   { "H1*" "H1'" }
>   { "H2*1" "H2'1" }
>   { "H2*2" "H2'2" }
>   { "H3*" "H3'" }
>   { "H4*" "H4'" }
>   { "H5*1" "H5'1" }
>   { "H5*2" "H5'2" }
> # old ff atom names -> new
>   { "O1'" "O4'" }
>   { "OA"  "O1P" }
>   { "OB"  "O2P" }
> }
> 
> 
> #
> # assumed that most often proteins use HIE
> #
> NHIS = NHIE
> HIS = HIE
> CHIS = CHIE
 
Sourcing: /home/yamamori/work/programs/ABA/GLY20v.cmd
> pn=sequence{ ACE GLY GLY GLY GLY GLY GLY GLY GLY GLY GLY GLY GLY GLY GLY GLY GLY GLY GLY GLY GLY NME }
Sequence: ACE
Sequence: GLY
Joining ACE - GLY
Sequence: GLY
Joining GLY - GLY
Sequence: GLY
Joining GLY - GLY
Sequence: GLY
Joining GLY - GLY
Sequence: GLY
Joining GLY - GLY
Sequence: GLY
Joining GLY - GLY
Sequence: GLY
Joining GLY - GLY
Sequence: GLY
Joining GLY - GLY
Sequence: GLY
Joining GLY - GLY
Sequence: GLY
Joining GLY - GLY
Sequence: GLY
Joining GLY - GLY
Sequence: GLY
Joining GLY - GLY
Sequence: GLY
Joining GLY - GLY
Sequence: GLY
Joining GLY - GLY
Sequence: GLY
Joining GLY - GLY
Sequence: GLY
Joining GLY - GLY
Sequence: GLY
Joining GLY - GLY
Sequence: GLY
Joining GLY - GLY
Sequence: GLY
Joining GLY - GLY
Sequence: GLY
Joining GLY - GLY
Sequence: NME
Joining GLY - NME
> impose pn { { 2 22 } } { { $N $CA $C $N -40.0 } { $C $N $CA $C -60.0  } }
> saveAmberparm pn GLY20v_helix.top GLY20v_helix.crd
Checking Unit.
Building topology.
Building atom parameters.
Building bond parameters.
Building angle parameters.
Building proper torsion parameters.
Building improper torsion parameters.
 total 42 improper torsions applied
Building H-Bond parameters.
Not Marking per-residue atom chain types.
Marking per-residue atom chain types.
 (no restraints)
> quit
	Quit
log started: Thu Sep 29 21:36:49 2011

Log file: ./leap.log
> #
> # ----- leaprc for loading the ff99SB (Hornak & Simmerling) force field
> #
> #	load atom type hybridizations
> #
> addAtomTypes {
> 	{ "H"   "H" "sp3" }
> 	{ "HO"  "H" "sp3" }
> 	{ "HS"  "H" "sp3" }
> 	{ "H1"  "H" "sp3" }
> 	{ "H2"  "H" "sp3" }
> 	{ "H3"  "H" "sp3" }
> 	{ "H4"  "H" "sp3" }
> 	{ "H5"  "H" "sp3" }
> 	{ "HW"  "H" "sp3" }
> 	{ "HC"  "H" "sp3" }
> 	{ "HA"  "H" "sp3" }
> 	{ "HP"  "H" "sp3" }
> 	{ "OH"  "O" "sp3" }
> 	{ "OS"  "O" "sp3" }
> 	{ "O"   "O" "sp2" }
> 	{ "O2"  "O" "sp2" }
> 	{ "OW"  "O" "sp3" }
> 	{ "CT"  "C" "sp3" }
> 	{ "CH"  "C" "sp3" }
> 	{ "C2"  "C" "sp3" }
> 	{ "C3"  "C" "sp3" }
> 	{ "C"   "C" "sp2" }
> 	{ "C*"  "C" "sp2" }
> 	{ "CA"  "C" "sp2" }
> 	{ "CB"  "C" "sp2" }
> 	{ "CC"  "C" "sp2" }
> 	{ "CN"  "C" "sp2" }
> 	{ "CM"  "C" "sp2" }
> 	{ "CK"  "C" "sp2" }
> 	{ "CQ"  "C" "sp2" }
> 	{ "CD"  "C" "sp2" }
> 	{ "CE"  "C" "sp2" }
> 	{ "CF"  "C" "sp2" }
> 	{ "CG"  "C" "sp2" }
> 	{ "CP"  "C" "sp2" }
> 	{ "CI"  "C" "sp2" }
> 	{ "CJ"  "C" "sp2" }
> 	{ "CW"  "C" "sp2" }
> 	{ "CV"  "C" "sp2" }
> 	{ "CR"  "C" "sp2" }
> 	{ "CA"  "C" "sp2" }
> 	{ "CY"  "C" "sp2" }
> 	{ "C0"  "C" "sp2" }
> 	{ "MG"  "Mg" "sp3" }
> 	{ "N"   "N" "sp2" }
> 	{ "NA"  "N" "sp2" }
> 	{ "N2"  "N" "sp2" }
> 	{ "N*"  "N" "sp2" }
> 	{ "NP"  "N" "sp2" }
> 	{ "NQ"  "N" "sp2" }
> 	{ "NB"  "N" "sp2" }
> 	{ "NC"  "N" "sp2" }
> 	{ "NT"  "N" "sp3" }
> 	{ "N3"  "N" "sp3" }
> 	{ "S"   "S" "sp3" }
> 	{ "SH"  "S" "sp3" }
> 	{ "P"   "P" "sp3" }
> 	{ "LP"  ""  "sp3" }
> 	{ "F"   "F" "sp3" }
> 	{ "CL"  "Cl" "sp3" }
> 	{ "BR"  "Br" "sp3" }
> 	{ "I"   "I"  "sp3" }
> 	{ "FE"  "Fe" "sp3" }
> 	{ "EP"  ""  "sp3" }
> # glycam
> 	{ "OG"  "O" "sp3" }
> 	{ "OL"  "O" "sp3" }
> 	{ "AC"  "C" "sp3" }
> 	{ "EC"  "C" "sp3" }
> }
> #
> #	Load the main parameter set.
> #
> parm99 = loadamberparams parm99.dat
Loading parameters: /home/appl/amber10/dat/leap/parm/parm99.dat
Reading title:
PARM99 for DNA,RNA,AA, organic molecules, TIP3P wat. Polariz.& LP incl.02/04/99
(UNKNOWN ATOM TYPE: HZ)
(UNKNOWN ATOM TYPE: NY)
(UNKNOWN ATOM TYPE: IM)
(UNKNOWN ATOM TYPE: Li)
(UNKNOWN ATOM TYPE: IP)
(UNKNOWN ATOM TYPE: K)
(UNKNOWN ATOM TYPE: Rb)
(UNKNOWN ATOM TYPE: Cs)
(UNKNOWN ATOM TYPE: Zn)
(UNKNOWN ATOM TYPE: IB)
(UNKNOWN ATOM TYPE: LP)
> frcmod99SB = loadamberparams frcmod.ff99SB
Loading parameters: /home/appl/amber10/dat/leap/parm/frcmod.ff99SB
Reading force field modification type file (frcmod)
Reading title:
Modification/update of parm99.dat (Hornak & Simmerling)
> #
> #	Load DNA/RNA libraries
> #
> loadOff all_nucleic94.lib
Loading library: /home/appl/amber10/dat/leap/lib/all_nucleic94.lib
Loading: DA
Loading: DA3
Loading: DA5
Loading: DAN
Loading: DC
Loading: DC3
Loading: DC5
Loading: DCN
Loading: DG
Loading: DG3
Loading: DG5
Loading: DGN
Loading: DT
Loading: DT3
Loading: DT5
Loading: DTN
Loading: RA
Loading: RA3
Loading: RA5
Loading: RAN
Loading: RC
Loading: RC3
Loading: RC5
Loading: RCN
Loading: RG
Loading: RG3
Loading: RG5
Loading: RGN
Loading: RU
Loading: RU3
Loading: RU5
Loading: RUN
> #
> #	Load main chain and terminating 
> #	amino acid libraries (i.e. ff94 libs)
> #
> loadOff all_amino94.lib
Loading library: /home/appl/amber10/dat/leap/lib/all_amino94.lib
Loading: ALA
Loading: ARG
Loading: ASH
Loading: ASN
Loading: ASP
Loading: CYM
Loading: CYS
Loading: CYX
Loading: GLH
Loading: GLN
Loading: GLU
Loading: GLY
Loading: HID
Loading: HIE
Loading: HIP
Loading: ILE
Loading: LEU
Loading: LYN
Loading: LYS
Loading: MET
Loading: PHE
Loading: PRO
Loading: SER
Loading: THR
Loading: TRP
Loading: TYR
Loading: VAL
> loadOff all_aminoct94.lib
Loading library: /home/appl/amber10/dat/leap/lib/all_aminoct94.lib
Loading: CALA
Loading: CARG
Loading: CASN
Loading: CASP
Loading: CCYS
Loading: CCYX
Loading: CGLN
Loading: CGLU
Loading: CGLY
Loading: CHID
Loading: CHIE
Loading: CHIP
Loading: CILE
Loading: CLEU
Loading: CLYS
Loading: CMET
Loading: CPHE
Loading: CPRO
Loading: CSER
Loading: CTHR
Loading: CTRP
Loading: CTYR
Loading: CVAL
Loading: NHE
Loading: NME
> loadOff all_aminont94.lib
Loading library: /home/appl/amber10/dat/leap/lib/all_aminont94.lib
Loading: ACE
Loading: NALA
Loading: NARG
Loading: NASN
Loading: NASP
Loading: NCYS
Loading: NCYX
Loading: NGLN
Loading: NGLU
Loading: NGLY
Loading: NHID
Loading: NHIE
Loading: NHIP
Loading: NILE
Loading: NLEU
Loading: NLYS
Loading: NMET
Loading: NPHE
Loading: NPRO
Loading: NSER
Loading: NTHR
Loading: NTRP
Loading: NTYR
Loading: NVAL
> #
> #       Load water and ions
> # 
> loadOff ions94.lib
Loading library: /home/appl/amber10/dat/leap/lib/ions94.lib
Loading: CIO
Loading: Cl-
Loading: Cs+
Loading: IB
Loading: K+
Loading: Li+
Loading: MG2
Loading: Na+
Loading: Rb+
> loadOff solvents.lib
Loading library: /home/appl/amber10/dat/leap/lib/solvents.lib
Loading: CHCL3BOX
Loading: DC4
Loading: MEOHBOX
Loading: NMABOX
Loading: PL3
Loading: POL3BOX
Loading: QSPCFWBOX
Loading: SPC
Loading: SPCBOX
Loading: SPCFWBOX
Loading: SPF
Loading: SPG
Loading: T4E
Loading: TIP3PBOX
Loading: TIP3PFBOX
Loading: TIP4PBOX
Loading: TIP4PEWBOX
Loading: TP3
Loading: TP4
Loading: TP5
Loading: TPF
> HOH = TP3
> WAT = TP3
> 
> #
> #	Define the PDB name map for the amino acids and DNA.
> #
> addPdbResMap {
>   { 0 "ALA" "NALA" } { 1 "ALA" "CALA" }
>   { 0 "ARG" "NARG" } { 1 "ARG" "CARG" }
>   { 0 "ASN" "NASN" } { 1 "ASN" "CASN" }
>   { 0 "ASP" "NASP" } { 1 "ASP" "CASP" }
>   { 0 "CYS" "NCYS" } { 1 "CYS" "CCYS" }
>   { 0 "CYX" "NCYX" } { 1 "CYX" "CCYX" }
>   { 0 "GLN" "NGLN" } { 1 "GLN" "CGLN" }
>   { 0 "GLU" "NGLU" } { 1 "GLU" "CGLU" }
>   { 0 "GLY" "NGLY" } { 1 "GLY" "CGLY" }
>   { 0 "HID" "NHID" } { 1 "HID" "CHID" }
>   { 0 "HIE" "NHIE" } { 1 "HIE" "CHIE" }
>   { 0 "HIP" "NHIP" } { 1 "HIP" "CHIP" }
>   { 0 "ILE" "NILE" } { 1 "ILE" "CILE" }
>   { 0 "LEU" "NLEU" } { 1 "LEU" "CLEU" }
>   { 0 "LYS" "NLYS" } { 1 "LYS" "CLYS" }
>   { 0 "MET" "NMET" } { 1 "MET" "CMET" }
>   { 0 "PHE" "NPHE" } { 1 "PHE" "CPHE" }
>   { 0 "PRO" "NPRO" } { 1 "PRO" "CPRO" }
>   { 0 "SER" "NSER" } { 1 "SER" "CSER" }
>   { 0 "THR" "NTHR" } { 1 "THR" "CTHR" }
>   { 0 "TRP" "NTRP" } { 1 "TRP" "CTRP" }
>   { 0 "TYR" "NTYR" } { 1 "TYR" "CTYR" }
>   { 0 "VAL" "NVAL" } { 1 "VAL" "CVAL" }
>   { 0 "HIS" "NHIS" } { 1 "HIS" "CHIS" }
>   { 0 "GUA" "DG5"  } { 1 "GUA" "DG3"  } { "GUA" "DG" }
>   { 0 "ADE" "DA5"  } { 1 "ADE" "DA3"  } { "ADE" "DA" }
>   { 0 "CYT" "DC5"  } { 1 "CYT" "DC3"  } { "CYT" "DC" }
>   { 0 "THY" "DT5"  } { 1 "THY" "DT3"  } { "THY" "DT" }
>   { 0 "G" "DG5"  } { 1 "G" "DG3"  } { "G" "DG" } { "GN" "DGN" }
>   { 0 "A" "DA5"  } { 1 "A" "DA3"  } { "A" "DA" } { "AN" "DAN" }
>   { 0 "C" "DC5"  } { 1 "C" "DC3"  } { "C" "DC" } { "CN" "DCN" }
>   { 0 "T" "DT5"  } { 1 "T" "DT3"  } { "T" "DT" } { "TN" "DTN" }
>   { 0 "C5" "DC5" }
>   { 0 "G5" "DG5" }
>   { 0 "A5" "DA5" }
>   { 0 "T5" "DT5" }
>   { 1 "C3" "DC3" }
>   { 1 "G3" "DG3" }
>   { 1 "A3" "DA3" }
>   { 1 "T3" "DT3" }
> 
> }
> 
> addPdbAtomMap {
>   { "O5*" "O5'" }
>   { "C5*" "C5'" }
>   { "C4*" "C4'" }
>   { "O4*" "O4'" }
>   { "C3*" "C3'" }
>   { "O3*" "O3'" }
>   { "C2*" "C2'" }
>   { "C1*" "C1'" }
>   { "C5M" "C7"  }
>   { "H1*" "H1'" }
>   { "H2*1" "H2'1" }
>   { "H2*2" "H2'2" }
>   { "H3*" "H3'" }
>   { "H4*" "H4'" }
>   { "H5*1" "H5'1" }
>   { "H5*2" "H5'2" }
> # old ff atom names -> new
>   { "O1'" "O4'" }
>   { "OA"  "O1P" }
>   { "OB"  "O2P" }
> }
> 
> 
> #
> # assumed that most often proteins use HIE
> #
> NHIS = NHIE
> HIS = HIE
> CHIS = CHIE
 
Sourcing: /home/yamamori/work/programs/ABA/GLYDv.cmd
> pn=sequence{ ACE GLY NME }
Sequence: ACE
Sequence: GLY
Joining ACE - GLY
Sequence: NME
Joining GLY - NME
> impose pn { { 1 3 } } { { $N $CA $C $N -40.0 } { $C $N $CA $C -60.0  } }
> saveAmberparm pn GLYDv_helix.top GLYDv_helix.crd
Checking Unit.
Building topology.
Building atom parameters.
Building bond parameters.
Building angle parameters.
Building proper torsion parameters.
Building improper torsion parameters.
 total 4 improper torsions applied
Building H-Bond parameters.
Not Marking per-residue atom chain types.
Marking per-residue atom chain types.
 (no restraints)
> quit
	Quit
log started: Sun Oct  2 20:17:19 2011

Log file: ./leap.log
> #
> # ----- leaprc for loading the ff99SB (Hornak & Simmerling) force field
> #
> #	load atom type hybridizations
> #
> addAtomTypes {
> 	{ "H"   "H" "sp3" }
> 	{ "HO"  "H" "sp3" }
> 	{ "HS"  "H" "sp3" }
> 	{ "H1"  "H" "sp3" }
> 	{ "H2"  "H" "sp3" }
> 	{ "H3"  "H" "sp3" }
> 	{ "H4"  "H" "sp3" }
> 	{ "H5"  "H" "sp3" }
> 	{ "HW"  "H" "sp3" }
> 	{ "HC"  "H" "sp3" }
> 	{ "HA"  "H" "sp3" }
> 	{ "HP"  "H" "sp3" }
> 	{ "OH"  "O" "sp3" }
> 	{ "OS"  "O" "sp3" }
> 	{ "O"   "O" "sp2" }
> 	{ "O2"  "O" "sp2" }
> 	{ "OW"  "O" "sp3" }
> 	{ "CT"  "C" "sp3" }
> 	{ "CH"  "C" "sp3" }
> 	{ "C2"  "C" "sp3" }
> 	{ "C3"  "C" "sp3" }
> 	{ "C"   "C" "sp2" }
> 	{ "C*"  "C" "sp2" }
> 	{ "CA"  "C" "sp2" }
> 	{ "CB"  "C" "sp2" }
> 	{ "CC"  "C" "sp2" }
> 	{ "CN"  "C" "sp2" }
> 	{ "CM"  "C" "sp2" }
> 	{ "CK"  "C" "sp2" }
> 	{ "CQ"  "C" "sp2" }
> 	{ "CD"  "C" "sp2" }
> 	{ "CE"  "C" "sp2" }
> 	{ "CF"  "C" "sp2" }
> 	{ "CG"  "C" "sp2" }
> 	{ "CP"  "C" "sp2" }
> 	{ "CI"  "C" "sp2" }
> 	{ "CJ"  "C" "sp2" }
> 	{ "CW"  "C" "sp2" }
> 	{ "CV"  "C" "sp2" }
> 	{ "CR"  "C" "sp2" }
> 	{ "CA"  "C" "sp2" }
> 	{ "CY"  "C" "sp2" }
> 	{ "C0"  "C" "sp2" }
> 	{ "MG"  "Mg" "sp3" }
> 	{ "N"   "N" "sp2" }
> 	{ "NA"  "N" "sp2" }
> 	{ "N2"  "N" "sp2" }
> 	{ "N*"  "N" "sp2" }
> 	{ "NP"  "N" "sp2" }
> 	{ "NQ"  "N" "sp2" }
> 	{ "NB"  "N" "sp2" }
> 	{ "NC"  "N" "sp2" }
> 	{ "NT"  "N" "sp3" }
> 	{ "N3"  "N" "sp3" }
> 	{ "S"   "S" "sp3" }
> 	{ "SH"  "S" "sp3" }
> 	{ "P"   "P" "sp3" }
> 	{ "LP"  ""  "sp3" }
> 	{ "F"   "F" "sp3" }
> 	{ "CL"  "Cl" "sp3" }
> 	{ "BR"  "Br" "sp3" }
> 	{ "I"   "I"  "sp3" }
> 	{ "FE"  "Fe" "sp3" }
> 	{ "EP"  ""  "sp3" }
> # glycam
> 	{ "OG"  "O" "sp3" }
> 	{ "OL"  "O" "sp3" }
> 	{ "AC"  "C" "sp3" }
> 	{ "EC"  "C" "sp3" }
> }
> #
> #	Load the main parameter set.
> #
> parm99 = loadamberparams parm99.dat
log started: Sun Oct  2 20:17:19 2011

Log file: ./leap.log
> #
> # ----- leaprc for loading the ff99SB (Hornak & Simmerling) force field
> #
> #	load atom type hybridizations
> #
> addAtomTypes {
> 	{ "H"   "H" "sp3" }
> 	{ "HO"  "H" "sp3" }
> 	{ "HS"  "H" "sp3" }
> 	{ "H1"  "H" "sp3" }
> 	{ "H2"  "H" "sp3" }
> 	{ "H3"  "H" "sp3" }
> 	{ "H4"  "H" "sp3" }
> 	{ "H5"  "H" "sp3" }
> 	{ "HW"  "H" "sp3" }
> 	{ "HC"  "H" "sp3" }
> 	{ "HA"  "H" "sp3" }
> 	{ "HP"  "H" "sp3" }
> 	{ "OH"  "O" "sp3" }
> 	{ "OS"  "O" "sp3" }
> 	{ "O"   "O" "sp2" }
> 	{ "O2"  "O" "sp2" }
> 	{ "OW"  "O" "sp3" }
> 	{ "CT"  "C" "sp3" }
> 	{ "CH"  "C" "sp3" }
> 	{ "C2"  "C" "sp3" }
> 	{ "C3"  "C" "sp3" }
> 	{ "C"   "C" "sp2" }
> 	{ "C*"  "C" "sp2" }
> 	{ "CA"  "C" "sp2" }
> 	{ "CB"  "C" "sp2" }
> 	{ "CC"  "C" "sp2" }
> 	{ "CN"  "C" "sp2" }
> 	{ "CM"  "C" "sp2" }
> 	{ "CK"  "C" "sp2" }
> 	{ "CQ"  "C" "sp2" }
> 	{ "CD"  "C" "sp2" }
> 	{ "CE"  "C" "sp2" }
> 	{ "CF"  "C" "sp2" }
> 	{ "CG"  "C" "sp2" }
> 	{ "CP"  "C" "sp2" }
> 	{ "CI"  "C" "sp2" }
> 	{ "CJ"  "C" "sp2" }
> 	{ "CW"  "C" "sp2" }
> 	{ "CV"  "C" "sp2" }
> 	{ "CR"  "C" "sp2" }
> 	{ "CA"  "C" "sp2" }
> 	{ "CY"  "C" "sp2" }
> 	{ "C0"  "C" "sp2" }
> 	{ "MG"  "Mg" "sp3" }
> 	{ "N"   "N" "sp2" }
> 	{ "NA"  "N" "sp2" }
> 	{ "N2"  "N" "sp2" }
> 	{ "N*"  "N" "sp2" }
> 	{ "NP"  "N" "sp2" }
> 	{ "NQ"  "N" "sp2" }
> 	{ "NB"  "N" "sp2" }
> 	{ "NC"  "N" "sp2" }
> 	{ "NT"  "N" "sp3" }
> 	{ "N3"  "N" "sp3" }
> 	{ "S"   "S" "sp3" }
> 	{ "SH"  "S" "sp3" }
> 	{ "P"   "P" "sp3" }
> 	{ "LP"  ""  "sp3" }
> 	{ "F"   "F" "sp3" }
> 	{ "CL"  "Cl" "sp3" }
> 	{ "BR"  "Br" "sp3" }
> 	{ "I"   "I"  "sp3" }
> 	{ "FE"  "Fe" "sp3" }
> 	{ "EP"  ""  "sp3" }
> # glycam
> 	{ "OG"  "O" "sp3" }
> 	{ "OL"  "O" "sp3" }
> 	{ "AC"  "C" "sp3" }
> 	{ "EC"  "C" "sp3" }
> }
> #
> #	Load the main parameter set.
> #
> parm99 = loadamberparams parm99.dat
Loading parameters: /home/appl/amber10/dat/leap/parm/parm99.dat
Reading title:
PARM99 for DNA,RNA,AA, organic molecules, TIP3P wat. Polariz.& LP incl.02/04/99
(UNKNOWN ATOM TYPE: HZ)
(UNKNOWN ATOM TYPE: NY)
(UNKNOWN ATOM TYPE: IM)
(UNKNOWN ATOM TYPE: Li)
(UNKNOWN ATOM TYPE: IP)
(UNKNOWN ATOM TYPE: K)
(UNKNOWN ATOM TYPE: Rb)
(UNKNOWN ATOM TYPE: Cs)
(UNKNOWN ATOM TYPE: Zn)
(UNKNOWN ATOM TYPE: IB)
(UNKNOWN ATOM TYPE: LP)
> frcmod99SB = loadamberparams frcmod.ff99SB
Loading parameters: /home/appl/amber10/dat/leap/parm/frcmod.ff99SB
Reading force field modification type file (frcmod)
Reading title:
Modification/update of parm99.dat (Hornak & Simmerling)
> #
> #	Load DNA/RNA libraries
> #
> loadOff all_nucleic94.lib
Loading parameters: /home/appl/amber10/dat/leap/parm/parm99.dat
Reading title:
PARM99 for DNA,RNA,AA, organic molecules, TIP3P wat. Polariz.& LP incl.02/04/99
(UNKNOWN ATOM TYPE: HZ)
(UNKNOWN ATOM TYPE: NY)
(UNKNOWN ATOM TYPE: IM)
(UNKNOWN ATOM TYPE: Li)
(UNKNOWN ATOM TYPE: IP)
(UNKNOWN ATOM TYPE: K)
(UNKNOWN ATOM TYPE: Rb)
(UNKNOWN ATOM TYPE: Cs)
(UNKNOWN ATOM TYPE: Zn)
(UNKNOWN ATOM TYPE: IB)
(UNKNOWN ATOM TYPE: LP)
> frcmod99SB = loadamberparams frcmod.ff99SB
Loading parameters: /home/appl/amber10/dat/leap/parm/frcmod.ff99SB
Reading force field modification type file (frcmod)
Reading title:
Modification/update of parm99.dat (Hornak & Simmerling)
> #
> #	Load DNA/RNA libraries
> #
> loadOff all_nucleic94.lib
Loading library: /home/appl/amber10/dat/leap/lib/all_nucleic94.lib
Loading: DA
Loading: DA3
Loading: DA5
Loading library: /home/appl/amber10/dat/leap/lib/all_nucleic94.lib
Loading: DA
Loading: DAN
Loading: DA3
Loading: DC
Loading: DA5
Loading: DC3
Loading: DAN
Loading: DC5
Loading: DC
Loading: DCN
Loading: DC3
Loading: DG
Loading: DC5
Loading: DG3
Loading: DCN
Loading: DG5
Loading: DG
Loading: DGN
Loading: DG3
Loading: DT
Loading: DG5
Loading: DT3
Loading: DGN
Loading: DT5
Loading: DT
Loading: DTN
Loading: DT3
Loading: RA
Loading: DT5
Loading: RA3
Loading: DTN
Loading: RA5
Loading: RA
Loading: RAN
Loading: RA3
Loading: RC
Loading: RA5
Loading: RC3
Loading: RAN
Loading: RC5
Loading: RC
Loading: RCN
Loading: RC3
Loading: RG
Loading: RC5
Loading: RG3
Loading: RCN
Loading: RG5
Loading: RG
Loading: RGN
Loading: RG3
Loading: RU
Loading: RG5
Loading: RU3
Loading: RGN
Loading: RU5
Loading: RU
Loading: RUN
Loading: RU3
Loading: RU5
>Loading: RUN
 #
> #	Load main chain and terminating 
> #	amino acid libraries (i.e. ff94 libs)
> #
> loadOff all_amino94.lib
> #
> #	Load main chain and terminating 
> #	amino acid libraries (i.e. ff94 libs)
> #
> loadOff all_amino94.lib
Loading library: /home/appl/amber10/dat/leap/lib/all_amino94.lib
Loading: ALA
Loading: ARG
Loading library: /home/appl/amber10/dat/leap/lib/all_amino94.lib
Loading: ASH
Loading: ALA
Loading: ASN
Loading: ARG
Loading: ASP
Loading: ASH
Loading: CYM
Loading: ASN
Loading: CYS
Loading: ASP
Loading: CYX
Loading: CYM
Loading: GLH
Loading: CYS
Loading: GLN
Loading: CYX
Loading: GLU
Loading: GLH
Loading: GLY
Loading: GLN
Loading: HID
Loading: GLU
Loading: HIE
Loading: GLY
Loading: HIP
Loading: HID
Loading: ILE
Loading: HIE
Loading: LEU
Loading: HIP
Loading: LYN
Loading: ILE
Loading: LYS
Loading: LEU
Loading: MET
Loading: LYN
Loading: PHE
Loading: LYS
Loading: PRO
Loading: MET
Loading: SER
Loading: PHE
Loading: THR
Loading: PRO
Loading: TRP
Loading: SER
Loading: TYR
Loading: THR
Loading: VAL
Loading: TRP
Loading: TYR
> loadOff all_aminoct94.lib
Loading: VAL
> loadOff all_aminoct94.lib
Loading library: /home/appl/amber10/dat/leap/lib/all_aminoct94.lib
Loading: CALA
Loading: CARG
Loading library: /home/appl/amber10/dat/leap/lib/all_aminoct94.lib
Loading: CALA
Loading: CASN
Loading: CARG
Loading: CASP
Loading: CASN
Loading: CCYS
Loading: CASP
Loading: CCYX
Loading: CCYS
Loading: CGLN
Loading: CCYX
Loading: CGLU
Loading: CGLN
Loading: CGLY
Loading: CGLU
Loading: CHID
Loading: CGLY
Loading: CHIE
Loading: CHID
Loading: CHIP
Loading: CHIE
Loading: CILE
Loading: CHIP
Loading: CLEU
Loading: CILE
Loading: CLYS
Loading: CLEU
Loading: CMET
Loading: CLYS
Loading: CPHE
Loading: CMET
Loading: CPRO
Loading: CPHE
Loading: CSER
Loading: CPRO
Loading: CTHR
Loading: CSER
Loading: CTRP
Loading: CTHR
Loading: CTYR
Loading: CTRP
Loading: CVAL
Loading: CTYR
Loading: NHE
Loading: CVAL
Loading: NME
Loading: NHE
Loading: NME
> loadOff all_aminont94.lib
> loadOff all_aminont94.lib
Loading library: /home/appl/amber10/dat/leap/lib/all_aminont94.lib
Loading library: /home/appl/amber10/dat/leap/lib/all_aminont94.lib
Loading: ACE
Loading: ACE
Loading: NALA
Loading: NALA
Loading: NARG
Loading: NARG
Loading: NASN
Loading: NASN
Loading: NASP
Loading: NASP
Loading: NCYS
Loading: NCYS
Loading: NCYX
Loading: NCYX
Loading: NGLN
Loading: NGLN
Loading: NGLU
Loading: NGLU
Loading: NGLY
Loading: NGLY
Loading: NHID
Loading: NHID
Loading: NHIE
Loading: NHIE
Loading: NHIP
Loading: NHIP
Loading: NILE
Loading: NILE
Loading: NLEU
Loading: NLEU
Loading: NLYS
Loading: NLYS
Loading: NMET
Loading: NMET
Loading: NPHE
Loading: NPHE
Loading: NPRO
Loading: NPRO
Loading: NSER
Loading: NSER
Loading: NTHR
Loading: NTHR
Loading: NTRP
Loading: NTRP
Loading: NTYR
Loading: NTYR
Loading: NVAL
Loading: NVAL
>>  #
#
>>  #       Load water and ions
#       Load water and ions
>>  # 
# 
>>  loadOff ions94.lib
loadOff ions94.lib
Loading library: /home/appl/amber10/dat/leap/lib/ions94.lib
Loading library: /home/appl/amber10/dat/leap/lib/ions94.lib
Loading: CIO
Loading: CIO
Loading: Cl-
Loading: Cl-
Loading: Cs+
Loading: Cs+
Loading: IB
Loading: IB
Loading: K+
Loading: K+
Loading: Li+
Loading: Li+
Loading: MG2
Loading: MG2
Loading: Na+
Loading: Na+
Loading: Rb+
Loading: Rb+
>>  loadOff solvents.lib
loadOff solvents.lib
Loading library: /home/appl/amber10/dat/leap/lib/solvents.lib
Loading: CHCL3BOX
Loading library: /home/appl/amber10/dat/leap/lib/solvents.lib
Loading: CHCL3BOX
Loading: DC4
Loading: MEOHBOX
Loading: DC4
Loading: MEOHBOX
Loading: NMABOX
Loading: NMABOX
Loading: PL3
Loading: POL3BOX
Loading: PL3
Loading: POL3BOX
Loading: QSPCFWBOX
Loading: QSPCFWBOX
Loading: SPC
Loading: SPCBOX
Loading: SPC
Loading: SPCBOX
Loading: SPCFWBOX
Loading: SPCFWBOX
Loading: SPF
Loading: SPG
Loading: T4E
Loading: TIP3PBOX
Loading: SPF
Loading: SPG
Loading: T4E
Loading: TIP3PBOX
Loading: TIP3PFBOX
Loading: TIP3PFBOX
Loading: TIP4PBOX
Loading: TIP4PBOX
Loading: TIP4PEWBOX
Loading: TIP4PEWBOX
Loading: TP3
Loading: TP4
Loading: TP5
Loading: TPF
> HOH = TP3
> WAT = TP3
> 
> #
> #	Define the PDB name map for the amino acids and DNA.
> #
> addPdbResMap {
>   { 0 "ALA" "NALA" } { 1 "ALA" "CALA" }
>   { 0 "ARG" "NARG" } { 1 "ARG" "CARG" }
>   { 0 "ASN" "NASN" } { 1 "ASN" "CASN" }
>   { 0 "ASP" "NASP" } { 1 "ASP" "CASP" }
>   { 0 "CYS" "NCYS" } { 1 "CYS" "CCYS" }
>   { 0 "CYX" "NCYX" } { 1 "CYX" "CCYX" }
>   { 0 "GLN" "NGLN" } { 1 "GLN" "CGLN" }
>   { 0 "GLU" "NGLU" } { 1 "GLU" "CGLU" }
>   { 0 "GLY" "NGLY" } { 1 "GLY" "CGLY" }
>   { 0 "HID" "NHID" } { 1 "HID" "CHID" }
>   { 0 "HIE" "NHIE" } { 1 "HIE" "CHIE" }
>   { 0 "HIP" "NHIP" } { 1 "HIP" "CHIP" }
>   { 0 "ILE" "NILE" } { 1 "ILE" "CILE" }
>   { 0 "LEU" "NLEU" } { 1 "LEU" "CLEU" }
>   { 0 "LYS" "NLYS" } { 1 "LYS" "CLYS" }
>   { 0 "MET" "NMET" } { 1 "MET" "CMET" }
>   { 0 "PHE" "NPHE" } { 1 "PHE" "CPHE" }
>   { 0 "PRO" "NPRO" } { 1 "PRO" "CPRO" }
>   { 0 "SER" "NSER" } { 1 "SER" "CSER" }
>   { 0 "THR" "NTHR" } { 1 "THR" "CTHR" }
>   { 0 "TRP" "NTRP" } { 1 "TRP" "CTRP" }
>   { 0 "TYR" "NTYR" } { 1 "TYR" "CTYR" }
>   { 0 "VAL" "NVAL" } { 1 "VAL" "CVAL" }
>   { 0 "HIS" "NHIS" } { 1 "HIS" "CHIS" }
>   { 0 "GUA" "DG5"  } { 1 "GUA" "DG3"  } { "GUA" "DG" }
>   { 0 "ADE" "DA5"  } { 1 "ADE" "DA3"  } { "ADE" "DA" }
>   { 0 "CYT" "DC5"  } { 1 "CYT" "DC3"  } { "CYT" "DC" }
>   { 0 "THY" "DT5"  } { 1 "THY" "DT3"  } { "THY" "DT" }
>   { 0 "G" "DG5"  } { 1 "G" "DG3"  } { "G" "DG" } { "GN" "DGN" }
>   { 0 "A" "DA5"  } { 1 "A" "DA3"  } { "A" "DA" } { "AN" "DAN" }
>   { 0 "C" "DC5"  } { 1 "C" "DC3"  } { "C" "DC" } { "CN" "DCN" }
>   { 0 "T" "DT5"  } { 1 "T" "DT3"  } { "T" "DT" } { "TN" "DTN" }
>   { 0 "C5" "DC5" }
>   { 0 "G5" "DG5" }
>   { 0 "A5" "DA5" }
>   { 0 "T5" "DT5" }
>   { 1 "C3" "DC3" }
>   { 1 "G3" "DG3" }
>   { 1 "A3" "DA3" }
>   { 1 "T3" "DT3" }
> 
> }
> 
> addPdbAtomMap {
>   { "O5*" "O5'" }
>   { "C5*" "C5'" }
>   { "C4*" "C4'" }
>   { "O4*" "O4'" }
>   { "C3*" "C3'" }
>   { "O3*" "O3'" }
>   { "C2*" "C2'" }
>   { "C1*" "C1'" }
>   { "C5M" "C7"  }
>   { "H1*" "H1'" }
>   { "H2*1" "H2'1" }
>   { "H2*2" "H2'2" }
>   { "H3*" "H3'" }
>   { "H4*" "H4'" }
>   { "H5*1" "H5'1" }
>   { "H5*2" "H5'2" }
> # old ff atom names -> new
>   { "O1'" "O4'" }
>   { "OA"  "O1P" }
>   { "OB"  "O2P" }
> }
> 
> 
> #
> # assumed that most often proteins use HIE
> #
> NHIS = NHIE
> HIS = HIE
> CHIS = CHIE
 
Loading: TP3
Sourcing: /home/yamamori/work/programs/ABA/GLY10v_helix.cmd
Loading: TP4
>Loading: TP5
 pn=sequence{ ACE GLY GLY GLY GLY GLY GLY GLY GLY GLY GLY NME }
Loading: TPF
Sequence: ACE
Sequence: GLY
>Joining ACE - GLY
 Sequence: GLY
HOH = TP3
> WAT = TP3
Joining GLY - GLY
>Sequence: GLY
 
> #
> #	Define the PDB name map for the amino acids and DNA.
> #
Joining GLY - GLY
>Sequence: GLY
 addPdbResMap {
>   { 0 "ALA" "NALA" } { 1 "ALA" "CALA" }
>   { 0 "ARG" "NARG" } { 1 "ARG" "CARG" }
>   { 0 "ASN" "NASN" } { 1 "ASN" "CASN" }
Joining GLY - GLY
>Sequence: GLY
   { 0 "ASP" "NASP" } { 1 "ASP" "CASP" }
>   { 0 "CYS" "NCYS" } { 1 "CYS" "CCYS" }
>   { 0 "CYX" "NCYX" } { 1 "CYX" "CCYX" }
>   { 0 "GLN" "NGLN" } { 1 "GLN" "CGLN" }
Joining GLY - GLY
Sequence: GLY
Joining GLY - GLY
Sequence: GLY
Joining GLY - GLY
Sequence: GLY
Joining GLY - GLY
Sequence: GLY
Joining GLY - GLY
Sequence: GLY
>Joining GLY - GLY
 Sequence: NME
  { 0 "GLU" "NGLU" } { 1 "GLU" "CGLU" }
>   { 0 "GLY" "NGLY" } { 1 "GLY" "CGLY" }
> Joining GLY - NME
  { 0 "HID" "NHID" } { 1 "HID" "CHID" }
>   { 0 "HIE" "NHIE" } { 1 "HIE" "CHIE" }
>   { 0 "HIP" "NHIP" } { 1 "HIP" "CHIP" }
>   { 0 "ILE" "NILE" } { 1 "ILE" "CILE" }
>   { 0 "LEU" "NLEU" } { 1 "LEU" "CLEU" }
>   { 0 "LYS" "NLYS" } { 1 "LYS" "CLYS" }
>   { 0 "MET" "NMET" } { 1 "MET" "CMET" }
>   { 0 "PHE" "NPHE" } { 1 "PHE" "CPHE" }
>   { 0 "PRO" "NPRO" } { 1 "PRO" "CPRO" }
>   { 0 "SER" "NSER" } { 1 "SER" "CSER" }
>   { 0 "THR" "NTHR" } { 1 "THR" "CTHR" }
>   { 0 "TRP" "NTRP" } { 1 "TRP" "CTRP" }
>   { 0 "TYR" "NTYR" } { 1 "TYR" "CTYR" }
>>  impose pn { { 2 22 } } { { $N $CA $C $N -40.0 } { $C $N $CA $C -60.0  } }
  { 0 "VAL" "NVAL" } { 1 "VAL" "CVAL" }
>   { 0 "HIS" "NHIS" } { 1 "HIS" "CHIS" }
>   { 0 "GUA" "DG5"  } { 1 "GUA" "DG3"  } { "GUA" "DG" }
>   { 0 "ADE" "DA5"  } { 1 "ADE" "DA3"  } { "ADE" "DA" }
>   { 0 "CYT" "DC5"  } { 1 "CYT" "DC3"  } { "CYT" "DC" }
>   { 0 "THY" "DT5"  } { 1 "THY" "DT3"  } { "THY" "DT" }
>   { 0 "G" "DG5"  } { 1 "G" "DG3"  } { "G" "DG" } { "GN" "DGN" }
>   { 0 "A" "DA5"  } { 1 "A" "DA3"  } { "A" "DA" } { "AN" "DAN" }
>   { 0 "C" "DC5"  } { 1 "C" "DC3"  } { "C" "DC" } { "CN" "DCN" }
>   { 0 "T" "DT5"  } { 1 "T" "DT3"  } { "T" "DT" } { "TN" "DTN" }
>   { 0 "C5" "DC5" }
>   { 0 "G5" "DG5" }
>   { 0 "A5" "DA5" }
>   { 0 "T5" "DT5" }
>   { 1 "C3" "DC3" }
>   { 1 "G3" "DG3" }
>   { 1 "A3" "DA3" }
>   { 1 "T3" "DT3" }
> 
> }
> 
> addPdbAtomMap {
>   { "O5*" "O5'" }
>   { "C5*" "C5'" }
>   { "C4*" "C4'" }
>   { "O4*" "O4'" }
>   { "C3*" "C3'" }
>   { "O3*" "O3'" }
>   { "C2*" "C2'" }
>   { "C1*" "C1'" }
>   { "C5M" "C7"  }
>   { "H1*" "H1'" }
>   { "H2*1" "H2'1" }
>   { "H2*2" "H2'2" }
>   { "H3*" "H3'" }
>   { "H4*" "H4'" }
>   { "H5*1" "H5'1" }
>   { "H5*2" "H5'2" }
> # old ff atom names -> new
>   { "O1'" "O4'" }
>   { "OA"  "O1P" }
>   { "OB"  "O2P" }
> }
> 
> 
> #
> # assumed that most often proteins use HIE
> #
> NHIS = NHIE
> HIS = HIE
> CHIS = CHIE
 
Sourcing: /home/yamamori/work/programs/ABA/GLY10v.cmd
> pn=sequence{ ACE GLY GLY GLY GLY GLY GLY GLY GLY GLY GLY NME }
Sequence: ACE
Sequence: GLY
Joining ACE - GLY
Sequence: GLY
Joining GLY - GLY
Sequence: GLY
> Joining GLY - GLY
saveAmberparm pn GLY10v_helix.top GLY10v_helix.crd
Sequence: GLY
Joining GLY - GLY
Sequence: GLY
Joining GLY - GLY
Sequence: GLY
Checking Unit.
Joining GLY - GLY
Building topology.
Sequence: GLY
Building atom parameters.
Joining GLY - GLY
Building bond parameters.
Sequence: GLY
Building angle parameters.
Joining GLY - GLY
Building proper torsion parameters.
Sequence: GLY
Joining GLY - GLY
Sequence: GLY
Joining GLY - GLY
Sequence: NME
Joining GLY - NME
> saveAmberparm pn GLY10v.top GLY10v.crd
Building improper torsion parameters.
Checking Unit.
 total 22 improper torsions applied
Building topology.
Building H-Bond parameters.
Building atom parameters.
Not Marking per-residue atom chain types.
Building bond parameters.
Marking per-residue atom chain types.
Building angle parameters.
 (no restraints)
Building proper torsion parameters.
Building improper torsion parameters.
 total 22 improper torsions applied
Building H-Bond parameters.
> quit
Not Marking per-residue atom chain types.
	Quit
Marking per-residue atom chain types.
 (no restraints)
> quit
	Quit
log started: Wed Nov  2 10:38:49 2011

Log file: ./leap.log
> #
> # ----- leaprc for loading the ff99SB (Hornak & Simmerling) force field
> #
> #	load atom type hybridizations
> #
> addAtomTypes {
> 	{ "H"   "H" "sp3" }
> 	{ "HO"  "H" "sp3" }
> 	{ "HS"  "H" "sp3" }
> 	{ "H1"  "H" "sp3" }
> 	{ "H2"  "H" "sp3" }
> 	{ "H3"  "H" "sp3" }
> 	{ "H4"  "H" "sp3" }
> 	{ "H5"  "H" "sp3" }
> 	{ "HW"  "H" "sp3" }
> 	{ "HC"  "H" "sp3" }
> 	{ "HA"  "H" "sp3" }
> 	{ "HP"  "H" "sp3" }
> 	{ "OH"  "O" "sp3" }
> 	{ "OS"  "O" "sp3" }
> 	{ "O"   "O" "sp2" }
> 	{ "O2"  "O" "sp2" }
> 	{ "OW"  "O" "sp3" }
> 	{ "CT"  "C" "sp3" }
> 	{ "CH"  "C" "sp3" }
> 	{ "C2"  "C" "sp3" }
> 	{ "C3"  "C" "sp3" }
> 	{ "C"   "C" "sp2" }
> 	{ "C*"  "C" "sp2" }
> 	{ "CA"  "C" "sp2" }
> 	{ "CB"  "C" "sp2" }
> 	{ "CC"  "C" "sp2" }
> 	{ "CN"  "C" "sp2" }
> 	{ "CM"  "C" "sp2" }
> 	{ "CK"  "C" "sp2" }
> 	{ "CQ"  "C" "sp2" }
> 	{ "CD"  "C" "sp2" }
> 	{ "CE"  "C" "sp2" }
> 	{ "CF"  "C" "sp2" }
> 	{ "CG"  "C" "sp2" }
> 	{ "CP"  "C" "sp2" }
> 	{ "CI"  "C" "sp2" }
> 	{ "CJ"  "C" "sp2" }
> 	{ "CW"  "C" "sp2" }
> 	{ "CV"  "C" "sp2" }
> 	{ "CR"  "C" "sp2" }
> 	{ "CA"  "C" "sp2" }
> 	{ "CY"  "C" "sp2" }
> 	{ "C0"  "C" "sp2" }
> 	{ "MG"  "Mg" "sp3" }
> 	{ "N"   "N" "sp2" }
> 	{ "NA"  "N" "sp2" }
> 	{ "N2"  "N" "sp2" }
> 	{ "N*"  "N" "sp2" }
> 	{ "NP"  "N" "sp2" }
> 	{ "NQ"  "N" "sp2" }
> 	{ "NB"  "N" "sp2" }
> 	{ "NC"  "N" "sp2" }
> 	{ "NT"  "N" "sp3" }
> 	{ "N3"  "N" "sp3" }
> 	{ "S"   "S" "sp3" }
> 	{ "SH"  "S" "sp3" }
> 	{ "P"   "P" "sp3" }
> 	{ "LP"  ""  "sp3" }
> 	{ "F"   "F" "sp3" }
> 	{ "CL"  "Cl" "sp3" }
> 	{ "BR"  "Br" "sp3" }
> 	{ "I"   "I"  "sp3" }
> 	{ "FE"  "Fe" "sp3" }
> 	{ "EP"  ""  "sp3" }
> # glycam
> 	{ "OG"  "O" "sp3" }
> 	{ "OL"  "O" "sp3" }
> 	{ "AC"  "C" "sp3" }
> 	{ "EC"  "C" "sp3" }
> }
> #
> #	Load the main parameter set.
> #
> parm99 = loadamberparams parm99.dat
Loading parameters: /home/appl/amber10/dat/leap/parm/parm99.dat
Reading title:
PARM99 for DNA,RNA,AA, organic molecules, TIP3P wat. Polariz.& LP incl.02/04/99
(UNKNOWN ATOM TYPE: HZ)
(UNKNOWN ATOM TYPE: NY)
(UNKNOWN ATOM TYPE: IM)
(UNKNOWN ATOM TYPE: Li)
(UNKNOWN ATOM TYPE: IP)
(UNKNOWN ATOM TYPE: K)
(UNKNOWN ATOM TYPE: Rb)
(UNKNOWN ATOM TYPE: Cs)
(UNKNOWN ATOM TYPE: Zn)
(UNKNOWN ATOM TYPE: IB)
(UNKNOWN ATOM TYPE: LP)
> frcmod99SB = loadamberparams frcmod.ff99SB
Loading parameters: /home/appl/amber10/dat/leap/parm/frcmod.ff99SB
Reading force field modification type file (frcmod)
Reading title:
Modification/update of parm99.dat (Hornak & Simmerling)
> #
> #	Load DNA/RNA libraries
> #
> loadOff all_nucleic94.lib
Loading library: /home/appl/amber10/dat/leap/lib/all_nucleic94.lib
Loading: DA
Loading: DA3
Loading: DA5
Loading: DAN
Loading: DC
Loading: DC3
Loading: DC5
Loading: DCN
Loading: DG
Loading: DG3
Loading: DG5
Loading: DGN
Loading: DT
Loading: DT3
Loading: DT5
Loading: DTN
Loading: RA
Loading: RA3
Loading: RA5
Loading: RAN
Loading: RC
Loading: RC3
Loading: RC5
Loading: RCN
Loading: RG
Loading: RG3
Loading: RG5
Loading: RGN
Loading: RU
Loading: RU3
Loading: RU5
Loading: RUN
> #
> #	Load main chain and terminating 
> #	amino acid libraries (i.e. ff94 libs)
> #
> loadOff all_amino94.lib
Loading library: /home/appl/amber10/dat/leap/lib/all_amino94.lib
Loading: ALA
Loading: ARG
Loading: ASH
Loading: ASN
Loading: ASP
Loading: CYM
Loading: CYS
Loading: CYX
Loading: GLH
Loading: GLN
Loading: GLU
Loading: GLY
Loading: HID
Loading: HIE
Loading: HIP
Loading: ILE
Loading: LEU
Loading: LYN
Loading: LYS
Loading: MET
Loading: PHE
Loading: PRO
Loading: SER
Loading: THR
Loading: TRP
Loading: TYR
Loading: VAL
> loadOff all_aminoct94.lib
Loading library: /home/appl/amber10/dat/leap/lib/all_aminoct94.lib
Loading: CALA
Loading: CARG
Loading: CASN
Loading: CASP
Loading: CCYS
Loading: CCYX
Loading: CGLN
Loading: CGLU
Loading: CGLY
Loading: CHID
Loading: CHIE
Loading: CHIP
Loading: CILE
Loading: CLEU
Loading: CLYS
Loading: CMET
Loading: CPHE
Loading: CPRO
Loading: CSER
Loading: CTHR
Loading: CTRP
Loading: CTYR
Loading: CVAL
Loading: NHE
Loading: NME
> loadOff all_aminont94.lib
Loading library: /home/appl/amber10/dat/leap/lib/all_aminont94.lib
Loading: ACE
Loading: NALA
Loading: NARG
Loading: NASN
Loading: NASP
Loading: NCYS
Loading: NCYX
Loading: NGLN
Loading: NGLU
Loading: NGLY
Loading: NHID
Loading: NHIE
Loading: NHIP
Loading: NILE
Loading: NLEU
Loading: NLYS
Loading: NMET
Loading: NPHE
Loading: NPRO
Loading: NSER
Loading: NTHR
Loading: NTRP
Loading: NTYR
Loading: NVAL
> #
> #       Load water and ions
> # 
> loadOff ions94.lib
Loading library: /home/appl/amber10/dat/leap/lib/ions94.lib
Loading: CIO
Loading: Cl-
Loading: Cs+
Loading: IB
Loading: K+
Loading: Li+
Loading: MG2
Loading: Na+
Loading: Rb+
> loadOff solvents.lib
Loading library: /home/appl/amber10/dat/leap/lib/solvents.lib
Loading: CHCL3BOX
Loading: DC4
Loading: MEOHBOX
Loading: NMABOX
Loading: PL3
Loading: POL3BOX
Loading: QSPCFWBOX
Loading: SPC
Loading: SPCBOX
Loading: SPCFWBOX
Loading: SPF
Loading: SPG
Loading: T4E
Loading: TIP3PBOX
Loading: TIP3PFBOX
Loading: TIP4PBOX
Loading: TIP4PEWBOX
Loading: TP3
Loading: TP4
Loading: TP5
Loading: TPF
> HOH = TP3
> WAT = TP3
> 
> #
> #	Define the PDB name map for the amino acids and DNA.
> #
> addPdbResMap {
>   { 0 "ALA" "NALA" } { 1 "ALA" "CALA" }
>   { 0 "ARG" "NARG" } { 1 "ARG" "CARG" }
>   { 0 "ASN" "NASN" } { 1 "ASN" "CASN" }
>   { 0 "ASP" "NASP" } { 1 "ASP" "CASP" }
>   { 0 "CYS" "NCYS" } { 1 "CYS" "CCYS" }
>   { 0 "CYX" "NCYX" } { 1 "CYX" "CCYX" }
>   { 0 "GLN" "NGLN" } { 1 "GLN" "CGLN" }
>   { 0 "GLU" "NGLU" } { 1 "GLU" "CGLU" }
>   { 0 "GLY" "NGLY" } { 1 "GLY" "CGLY" }
>   { 0 "HID" "NHID" } { 1 "HID" "CHID" }
>   { 0 "HIE" "NHIE" } { 1 "HIE" "CHIE" }
>   { 0 "HIP" "NHIP" } { 1 "HIP" "CHIP" }
>   { 0 "ILE" "NILE" } { 1 "ILE" "CILE" }
>   { 0 "LEU" "NLEU" } { 1 "LEU" "CLEU" }
>   { 0 "LYS" "NLYS" } { 1 "LYS" "CLYS" }
>   { 0 "MET" "NMET" } { 1 "MET" "CMET" }
>   { 0 "PHE" "NPHE" } { 1 "PHE" "CPHE" }
>   { 0 "PRO" "NPRO" } { 1 "PRO" "CPRO" }
>   { 0 "SER" "NSER" } { 1 "SER" "CSER" }
>   { 0 "THR" "NTHR" } { 1 "THR" "CTHR" }
>   { 0 "TRP" "NTRP" } { 1 "TRP" "CTRP" }
>   { 0 "TYR" "NTYR" } { 1 "TYR" "CTYR" }
>   { 0 "VAL" "NVAL" } { 1 "VAL" "CVAL" }
>   { 0 "HIS" "NHIS" } { 1 "HIS" "CHIS" }
>   { 0 "GUA" "DG5"  } { 1 "GUA" "DG3"  } { "GUA" "DG" }
>   { 0 "ADE" "DA5"  } { 1 "ADE" "DA3"  } { "ADE" "DA" }
>   { 0 "CYT" "DC5"  } { 1 "CYT" "DC3"  } { "CYT" "DC" }
>   { 0 "THY" "DT5"  } { 1 "THY" "DT3"  } { "THY" "DT" }
>   { 0 "G" "DG5"  } { 1 "G" "DG3"  } { "G" "DG" } { "GN" "DGN" }
>   { 0 "A" "DA5"  } { 1 "A" "DA3"  } { "A" "DA" } { "AN" "DAN" }
>   { 0 "C" "DC5"  } { 1 "C" "DC3"  } { "C" "DC" } { "CN" "DCN" }
>   { 0 "T" "DT5"  } { 1 "T" "DT3"  } { "T" "DT" } { "TN" "DTN" }
>   { 0 "C5" "DC5" }
>   { 0 "G5" "DG5" }
>   { 0 "A5" "DA5" }
>   { 0 "T5" "DT5" }
>   { 1 "C3" "DC3" }
>   { 1 "G3" "DG3" }
>   { 1 "A3" "DA3" }
>   { 1 "T3" "DT3" }
> 
> }
> 
> addPdbAtomMap {
>   { "O5*" "O5'" }
>   { "C5*" "C5'" }
>   { "C4*" "C4'" }
>   { "O4*" "O4'" }
>   { "C3*" "C3'" }
>   { "O3*" "O3'" }
>   { "C2*" "C2'" }
>   { "C1*" "C1'" }
>   { "C5M" "C7"  }
>   { "H1*" "H1'" }
>   { "H2*1" "H2'1" }
>   { "H2*2" "H2'2" }
>   { "H3*" "H3'" }
>   { "H4*" "H4'" }
>   { "H5*1" "H5'1" }
>   { "H5*2" "H5'2" }
> # old ff atom names -> new
>   { "O1'" "O4'" }
>   { "OA"  "O1P" }
>   { "OB"  "O2P" }
> }
> 
> 
> #
> # assumed that most often proteins use HIE
> #
> NHIS = NHIE
> HIS = HIE
> CHIS = CHIE
 
Sourcing: /home/yamamori/work/programs/ABA/CHIvv_extend.cmd
> pn=sequence{ GLY TYR ASP PRO GLU THR GLY THR TRP GLY }
Sequence: GLY
Sequence: TYR
Joining GLY - TYR
Sequence: ASP
Joining TYR - ASP
Sequence: PRO
Joining ASP - PRO
Sequence: GLU
Joining PRO - GLU
Sequence: THR
Joining GLU - THR
Sequence: GLY
Joining THR - GLY
Sequence: THR
Joining GLY - THR
Sequence: TRP
Joining THR - TRP
Sequence: GLY
Joining TRP - GLY
> saveAmberparm pn CHIvv_extend.top  CHIvv_extend.crd
Checking Unit.
WARNING: The unperturbed charge of the unit: -2.000000 is not zero.

 -- ignoring the warning.

Building topology.
Building atom parameters.
Building bond parameters.
Building angle parameters.
Building proper torsion parameters.
Building improper torsion parameters.
 ** Warning: No sp2 improper torsion term for  C*-CN-CB-CA
        atoms are: CG CE2 CD2 CE3
 ** Warning: No sp2 improper torsion term for  NA-CA-CN-CB
        atoms are: NE1 CZ2 CE2 CD2
 total 33 improper torsions applied
Building H-Bond parameters.
Not Marking per-residue atom chain types.
Marking per-residue atom chain types.
 (no restraints)
> quit
	Quit
log started: Wed Nov  2 10:45:29 2011

Log file: ./leap.log
> #
> # ----- leaprc for loading the ff99SB (Hornak & Simmerling) force field
> #
> #	load atom type hybridizations
> #
> addAtomTypes {
> 	{ "H"   "H" "sp3" }
> 	{ "HO"  "H" "sp3" }
> 	{ "HS"  "H" "sp3" }
> 	{ "H1"  "H" "sp3" }
> 	{ "H2"  "H" "sp3" }
> 	{ "H3"  "H" "sp3" }
> 	{ "H4"  "H" "sp3" }
> 	{ "H5"  "H" "sp3" }
> 	{ "HW"  "H" "sp3" }
> 	{ "HC"  "H" "sp3" }
> 	{ "HA"  "H" "sp3" }
> 	{ "HP"  "H" "sp3" }
> 	{ "OH"  "O" "sp3" }
> 	{ "OS"  "O" "sp3" }
> 	{ "O"   "O" "sp2" }
> 	{ "O2"  "O" "sp2" }
> 	{ "OW"  "O" "sp3" }
> 	{ "CT"  "C" "sp3" }
> 	{ "CH"  "C" "sp3" }
> 	{ "C2"  "C" "sp3" }
> 	{ "C3"  "C" "sp3" }
> 	{ "C"   "C" "sp2" }
> 	{ "C*"  "C" "sp2" }
> 	{ "CA"  "C" "sp2" }
> 	{ "CB"  "C" "sp2" }
> 	{ "CC"  "C" "sp2" }
> 	{ "CN"  "C" "sp2" }
> 	{ "CM"  "C" "sp2" }
> 	{ "CK"  "C" "sp2" }
> 	{ "CQ"  "C" "sp2" }
> 	{ "CD"  "C" "sp2" }
> 	{ "CE"  "C" "sp2" }
> 	{ "CF"  "C" "sp2" }
> 	{ "CG"  "C" "sp2" }
> 	{ "CP"  "C" "sp2" }
> 	{ "CI"  "C" "sp2" }
> 	{ "CJ"  "C" "sp2" }
> 	{ "CW"  "C" "sp2" }
> 	{ "CV"  "C" "sp2" }
> 	{ "CR"  "C" "sp2" }
> 	{ "CA"  "C" "sp2" }
> 	{ "CY"  "C" "sp2" }
> 	{ "C0"  "C" "sp2" }
> 	{ "MG"  "Mg" "sp3" }
> 	{ "N"   "N" "sp2" }
> 	{ "NA"  "N" "sp2" }
> 	{ "N2"  "N" "sp2" }
> 	{ "N*"  "N" "sp2" }
> 	{ "NP"  "N" "sp2" }
> 	{ "NQ"  "N" "sp2" }
> 	{ "NB"  "N" "sp2" }
> 	{ "NC"  "N" "sp2" }
> 	{ "NT"  "N" "sp3" }
> 	{ "N3"  "N" "sp3" }
> 	{ "S"   "S" "sp3" }
> 	{ "SH"  "S" "sp3" }
> 	{ "P"   "P" "sp3" }
> 	{ "LP"  ""  "sp3" }
> 	{ "F"   "F" "sp3" }
> 	{ "CL"  "Cl" "sp3" }
> 	{ "BR"  "Br" "sp3" }
> 	{ "I"   "I"  "sp3" }
> 	{ "FE"  "Fe" "sp3" }
> 	{ "EP"  ""  "sp3" }
> # glycam
> 	{ "OG"  "O" "sp3" }
> 	{ "OL"  "O" "sp3" }
> 	{ "AC"  "C" "sp3" }
> 	{ "EC"  "C" "sp3" }
> }
> #
> #	Load the main parameter set.
> #
> parm99 = loadamberparams parm99.dat
Loading parameters: /home/appl/amber10/dat/leap/parm/parm99.dat
Reading title:
PARM99 for DNA,RNA,AA, organic molecules, TIP3P wat. Polariz.& LP incl.02/04/99
(UNKNOWN ATOM TYPE: HZ)
(UNKNOWN ATOM TYPE: NY)
(UNKNOWN ATOM TYPE: IM)
(UNKNOWN ATOM TYPE: Li)
(UNKNOWN ATOM TYPE: IP)
(UNKNOWN ATOM TYPE: K)
(UNKNOWN ATOM TYPE: Rb)
(UNKNOWN ATOM TYPE: Cs)
(UNKNOWN ATOM TYPE: Zn)
(UNKNOWN ATOM TYPE: IB)
(UNKNOWN ATOM TYPE: LP)
> frcmod99SB = loadamberparams frcmod.ff99SB
Loading parameters: /home/appl/amber10/dat/leap/parm/frcmod.ff99SB
Reading force field modification type file (frcmod)
Reading title:
Modification/update of parm99.dat (Hornak & Simmerling)
> #
> #	Load DNA/RNA libraries
> #
> loadOff all_nucleic94.lib
Loading library: /home/appl/amber10/dat/leap/lib/all_nucleic94.lib
Loading: DA
Loading: DA3
Loading: DA5
Loading: DAN
Loading: DC
Loading: DC3
Loading: DC5
Loading: DCN
Loading: DG
Loading: DG3
Loading: DG5
Loading: DGN
Loading: DT
Loading: DT3
Loading: DT5
Loading: DTN
Loading: RA
Loading: RA3
Loading: RA5
Loading: RAN
Loading: RC
Loading: RC3
Loading: RC5
Loading: RCN
Loading: RG
Loading: RG3
Loading: RG5
Loading: RGN
Loading: RU
Loading: RU3
Loading: RU5
Loading: RUN
> #
> #	Load main chain and terminating 
> #	amino acid libraries (i.e. ff94 libs)
> #
> loadOff all_amino94.lib
Loading library: /home/appl/amber10/dat/leap/lib/all_amino94.lib
Loading: ALA
Loading: ARG
Loading: ASH
Loading: ASN
Loading: ASP
Loading: CYM
Loading: CYS
Loading: CYX
Loading: GLH
Loading: GLN
Loading: GLU
Loading: GLY
Loading: HID
Loading: HIE
Loading: HIP
Loading: ILE
Loading: LEU
Loading: LYN
Loading: LYS
Loading: MET
Loading: PHE
Loading: PRO
Loading: SER
Loading: THR
Loading: TRP
Loading: TYR
Loading: VAL
> loadOff all_aminoct94.lib
Loading library: /home/appl/amber10/dat/leap/lib/all_aminoct94.lib
Loading: CALA
Loading: CARG
Loading: CASN
Loading: CASP
Loading: CCYS
Loading: CCYX
Loading: CGLN
Loading: CGLU
Loading: CGLY
Loading: CHID
Loading: CHIE
Loading: CHIP
Loading: CILE
Loading: CLEU
Loading: CLYS
Loading: CMET
Loading: CPHE
Loading: CPRO
Loading: CSER
Loading: CTHR
Loading: CTRP
Loading: CTYR
Loading: CVAL
Loading: NHE
Loading: NME
> loadOff all_aminont94.lib
Loading library: /home/appl/amber10/dat/leap/lib/all_aminont94.lib
Loading: ACE
Loading: NALA
Loading: NARG
Loading: NASN
Loading: NASP
Loading: NCYS
Loading: NCYX
Loading: NGLN
Loading: NGLU
Loading: NGLY
Loading: NHID
Loading: NHIE
Loading: NHIP
Loading: NILE
Loading: NLEU
Loading: NLYS
Loading: NMET
Loading: NPHE
Loading: NPRO
Loading: NSER
Loading: NTHR
Loading: NTRP
Loading: NTYR
Loading: NVAL
> #
> #       Load water and ions
> # 
> loadOff ions94.lib
Loading library: /home/appl/amber10/dat/leap/lib/ions94.lib
Loading: CIO
Loading: Cl-
Loading: Cs+
Loading: IB
Loading: K+
Loading: Li+
Loading: MG2
Loading: Na+
Loading: Rb+
> loadOff solvents.lib
Loading library: /home/appl/amber10/dat/leap/lib/solvents.lib
Loading: CHCL3BOX
Loading: DC4
Loading: MEOHBOX
Loading: NMABOX
Loading: PL3
Loading: POL3BOX
Loading: QSPCFWBOX
Loading: SPC
Loading: SPCBOX
Loading: SPCFWBOX
Loading: SPF
Loading: SPG
Loading: T4E
Loading: TIP3PBOX
Loading: TIP3PFBOX
Loading: TIP4PBOX
Loading: TIP4PEWBOX
Loading: TP3
Loading: TP4
Loading: TP5
Loading: TPF
> HOH = TP3
> WAT = TP3
> 
> #
> #	Define the PDB name map for the amino acids and DNA.
> #
> addPdbResMap {
>   { 0 "ALA" "NALA" } { 1 "ALA" "CALA" }
>   { 0 "ARG" "NARG" } { 1 "ARG" "CARG" }
>   { 0 "ASN" "NASN" } { 1 "ASN" "CASN" }
>   { 0 "ASP" "NASP" } { 1 "ASP" "CASP" }
>   { 0 "CYS" "NCYS" } { 1 "CYS" "CCYS" }
>   { 0 "CYX" "NCYX" } { 1 "CYX" "CCYX" }
>   { 0 "GLN" "NGLN" } { 1 "GLN" "CGLN" }
>   { 0 "GLU" "NGLU" } { 1 "GLU" "CGLU" }
>   { 0 "GLY" "NGLY" } { 1 "GLY" "CGLY" }
>   { 0 "HID" "NHID" } { 1 "HID" "CHID" }
>   { 0 "HIE" "NHIE" } { 1 "HIE" "CHIE" }
>   { 0 "HIP" "NHIP" } { 1 "HIP" "CHIP" }
>   { 0 "ILE" "NILE" } { 1 "ILE" "CILE" }
>   { 0 "LEU" "NLEU" } { 1 "LEU" "CLEU" }
>   { 0 "LYS" "NLYS" } { 1 "LYS" "CLYS" }
>   { 0 "MET" "NMET" } { 1 "MET" "CMET" }
>   { 0 "PHE" "NPHE" } { 1 "PHE" "CPHE" }
>   { 0 "PRO" "NPRO" } { 1 "PRO" "CPRO" }
>   { 0 "SER" "NSER" } { 1 "SER" "CSER" }
>   { 0 "THR" "NTHR" } { 1 "THR" "CTHR" }
>   { 0 "TRP" "NTRP" } { 1 "TRP" "CTRP" }
>   { 0 "TYR" "NTYR" } { 1 "TYR" "CTYR" }
>   { 0 "VAL" "NVAL" } { 1 "VAL" "CVAL" }
>   { 0 "HIS" "NHIS" } { 1 "HIS" "CHIS" }
>   { 0 "GUA" "DG5"  } { 1 "GUA" "DG3"  } { "GUA" "DG" }
>   { 0 "ADE" "DA5"  } { 1 "ADE" "DA3"  } { "ADE" "DA" }
>   { 0 "CYT" "DC5"  } { 1 "CYT" "DC3"  } { "CYT" "DC" }
>   { 0 "THY" "DT5"  } { 1 "THY" "DT3"  } { "THY" "DT" }
>   { 0 "G" "DG5"  } { 1 "G" "DG3"  } { "G" "DG" } { "GN" "DGN" }
>   { 0 "A" "DA5"  } { 1 "A" "DA3"  } { "A" "DA" } { "AN" "DAN" }
>   { 0 "C" "DC5"  } { 1 "C" "DC3"  } { "C" "DC" } { "CN" "DCN" }
>   { 0 "T" "DT5"  } { 1 "T" "DT3"  } { "T" "DT" } { "TN" "DTN" }
>   { 0 "C5" "DC5" }
>   { 0 "G5" "DG5" }
>   { 0 "A5" "DA5" }
>   { 0 "T5" "DT5" }
>   { 1 "C3" "DC3" }
>   { 1 "G3" "DG3" }
>   { 1 "A3" "DA3" }
>   { 1 "T3" "DT3" }
> 
> }
> 
> addPdbAtomMap {
>   { "O5*" "O5'" }
>   { "C5*" "C5'" }
>   { "C4*" "C4'" }
>   { "O4*" "O4'" }
>   { "C3*" "C3'" }
>   { "O3*" "O3'" }
>   { "C2*" "C2'" }
>   { "C1*" "C1'" }
>   { "C5M" "C7"  }
>   { "H1*" "H1'" }
>   { "H2*1" "H2'1" }
>   { "H2*2" "H2'2" }
>   { "H3*" "H3'" }
>   { "H4*" "H4'" }
>   { "H5*1" "H5'1" }
>   { "H5*2" "H5'2" }
> # old ff atom names -> new
>   { "O1'" "O4'" }
>   { "OA"  "O1P" }
>   { "OB"  "O2P" }
> }
> 
> 
> #
> # assumed that most often proteins use HIE
> #
> NHIS = NHIE
> HIS = HIE
> CHIS = CHIE
 
Sourcing: /home/yamamori/work/programs/ABA/CHIv_extend.cmd
> pn=sequence{ GLY TYR ASP PRO GLU THR GLY THR TRP GLY }
Sequence: GLY
Sequence: TYR
Joining GLY - TYR
Sequence: ASP
Joining TYR - ASP
Sequence: PRO
Joining ASP - PRO
Sequence: GLU
Joining PRO - GLU
Sequence: THR
Joining GLU - THR
Sequence: GLY
Joining THR - GLY
Sequence: THR
Joining GLY - THR
Sequence: TRP
Joining THR - TRP
Sequence: GLY
Joining TRP - GLY
> saveAmberparm pn CHIv_extend.top  CHIv_extend.crd
Checking Unit.
WARNING: The unperturbed charge of the unit: -2.000000 is not zero.

 -- ignoring the warning.

Building topology.
Building atom parameters.
Building bond parameters.
Building angle parameters.
Building proper torsion parameters.
Building improper torsion parameters.
 ** Warning: No sp2 improper torsion term for  C*-CN-CB-CA
        atoms are: CG CE2 CD2 CE3
 ** Warning: No sp2 improper torsion term for  NA-CA-CN-CB
        atoms are: NE1 CZ2 CE2 CD2
 total 33 improper torsions applied
Building H-Bond parameters.
Not Marking per-residue atom chain types.
Marking per-residue atom chain types.
 (no restraints)
> quit
	Quit
log started: Wed Nov  2 12:24:22 2011

Log file: ./leap.log
> #
> # ----- leaprc for loading the ff99SB (Hornak & Simmerling) force field
> #
> #	load atom type hybridizations
> #
> addAtomTypes {
> 	{ "H"   "H" "sp3" }
> 	{ "HO"  "H" "sp3" }
> 	{ "HS"  "H" "sp3" }
> 	{ "H1"  "H" "sp3" }
> 	{ "H2"  "H" "sp3" }
> 	{ "H3"  "H" "sp3" }
> 	{ "H4"  "H" "sp3" }
> 	{ "H5"  "H" "sp3" }
> 	{ "HW"  "H" "sp3" }
> 	{ "HC"  "H" "sp3" }
> 	{ "HA"  "H" "sp3" }
> 	{ "HP"  "H" "sp3" }
> 	{ "OH"  "O" "sp3" }
> 	{ "OS"  "O" "sp3" }
> 	{ "O"   "O" "sp2" }
> 	{ "O2"  "O" "sp2" }
> 	{ "OW"  "O" "sp3" }
> 	{ "CT"  "C" "sp3" }
> 	{ "CH"  "C" "sp3" }
> 	{ "C2"  "C" "sp3" }
> 	{ "C3"  "C" "sp3" }
> 	{ "C"   "C" "sp2" }
> 	{ "C*"  "C" "sp2" }
> 	{ "CA"  "C" "sp2" }
> 	{ "CB"  "C" "sp2" }
> 	{ "CC"  "C" "sp2" }
> 	{ "CN"  "C" "sp2" }
> 	{ "CM"  "C" "sp2" }
> 	{ "CK"  "C" "sp2" }
> 	{ "CQ"  "C" "sp2" }
> 	{ "CD"  "C" "sp2" }
> 	{ "CE"  "C" "sp2" }
> 	{ "CF"  "C" "sp2" }
> 	{ "CG"  "C" "sp2" }
> 	{ "CP"  "C" "sp2" }
> 	{ "CI"  "C" "sp2" }
> 	{ "CJ"  "C" "sp2" }
> 	{ "CW"  "C" "sp2" }
> 	{ "CV"  "C" "sp2" }
> 	{ "CR"  "C" "sp2" }
> 	{ "CA"  "C" "sp2" }
> 	{ "CY"  "C" "sp2" }
> 	{ "C0"  "C" "sp2" }
> 	{ "MG"  "Mg" "sp3" }
> 	{ "N"   "N" "sp2" }
> 	{ "NA"  "N" "sp2" }
> 	{ "N2"  "N" "sp2" }
> 	{ "N*"  "N" "sp2" }
> 	{ "NP"  "N" "sp2" }
> 	{ "NQ"  "N" "sp2" }
> 	{ "NB"  "N" "sp2" }
> 	{ "NC"  "N" "sp2" }
> 	{ "NT"  "N" "sp3" }
> 	{ "N3"  "N" "sp3" }
> 	{ "S"   "S" "sp3" }
> 	{ "SH"  "S" "sp3" }
> 	{ "P"   "P" "sp3" }
> 	{ "LP"  ""  "sp3" }
> 	{ "F"   "F" "sp3" }
> 	{ "CL"  "Cl" "sp3" }
> 	{ "BR"  "Br" "sp3" }
> 	{ "I"   "I"  "sp3" }
> 	{ "FE"  "Fe" "sp3" }
> 	{ "EP"  ""  "sp3" }
> # glycam
> 	{ "OG"  "O" "sp3" }
> 	{ "OL"  "O" "sp3" }
> 	{ "AC"  "C" "sp3" }
> 	{ "EC"  "C" "sp3" }
> }
> #
> #	Load the main parameter set.
> #
> parm99 = loadamberparams parm99.dat
Loading parameters: /home/appl/amber10/dat/leap/parm/parm99.dat
Reading title:
PARM99 for DNA,RNA,AA, organic molecules, TIP3P wat. Polariz.& LP incl.02/04/99
(UNKNOWN ATOM TYPE: HZ)
(UNKNOWN ATOM TYPE: NY)
(UNKNOWN ATOM TYPE: IM)
(UNKNOWN ATOM TYPE: Li)
(UNKNOWN ATOM TYPE: IP)
(UNKNOWN ATOM TYPE: K)
(UNKNOWN ATOM TYPE: Rb)
(UNKNOWN ATOM TYPE: Cs)
(UNKNOWN ATOM TYPE: Zn)
(UNKNOWN ATOM TYPE: IB)
(UNKNOWN ATOM TYPE: LP)
> frcmod99SB = loadamberparams frcmod.ff99SB
Loading parameters: /home/appl/amber10/dat/leap/parm/frcmod.ff99SB
Reading force field modification type file (frcmod)
Reading title:
Modification/update of parm99.dat (Hornak & Simmerling)
> #
> #	Load DNA/RNA libraries
> #
> loadOff all_nucleic94.lib
Loading library: /home/appl/amber10/dat/leap/lib/all_nucleic94.lib
Loading: DA
Loading: DA3
Loading: DA5
Loading: DAN
Loading: DC
Loading: DC3
Loading: DC5
Loading: DCN
Loading: DG
Loading: DG3
Loading: DG5
Loading: DGN
Loading: DT
Loading: DT3
Loading: DT5
Loading: DTN
Loading: RA
Loading: RA3
Loading: RA5
Loading: RAN
Loading: RC
Loading: RC3
Loading: RC5
Loading: RCN
Loading: RG
Loading: RG3
Loading: RG5
Loading: RGN
Loading: RU
Loading: RU3
Loading: RU5
Loading: RUN
> #
> #	Load main chain and terminating 
> #	amino acid libraries (i.e. ff94 libs)
> #
> loadOff all_amino94.lib
Loading library: /home/appl/amber10/dat/leap/lib/all_amino94.lib
Loading: ALA
Loading: ARG
Loading: ASH
Loading: ASN
Loading: ASP
Loading: CYM
Loading: CYS
Loading: CYX
Loading: GLH
Loading: GLN
Loading: GLU
Loading: GLY
Loading: HID
Loading: HIE
Loading: HIP
Loading: ILE
Loading: LEU
Loading: LYN
Loading: LYS
Loading: MET
Loading: PHE
Loading: PRO
Loading: SER
Loading: THR
Loading: TRP
Loading: TYR
Loading: VAL
> loadOff all_aminoct94.lib
Loading library: /home/appl/amber10/dat/leap/lib/all_aminoct94.lib
Loading: CALA
Loading: CARG
Loading: CASN
Loading: CASP
Loading: CCYS
Loading: CCYX
Loading: CGLN
Loading: CGLU
Loading: CGLY
Loading: CHID
Loading: CHIE
Loading: CHIP
Loading: CILE
Loading: CLEU
Loading: CLYS
Loading: CMET
Loading: CPHE
Loading: CPRO
Loading: CSER
Loading: CTHR
Loading: CTRP
Loading: CTYR
Loading: CVAL
Loading: NHE
Loading: NME
> loadOff all_aminont94.lib
Loading library: /home/appl/amber10/dat/leap/lib/all_aminont94.lib
Loading: ACE
Loading: NALA
Loading: NARG
Loading: NASN
Loading: NASP
Loading: NCYS
Loading: NCYX
Loading: NGLN
Loading: NGLU
Loading: NGLY
Loading: NHID
Loading: NHIE
Loading: NHIP
Loading: NILE
Loading: NLEU
Loading: NLYS
Loading: NMET
Loading: NPHE
Loading: NPRO
Loading: NSER
Loading: NTHR
Loading: NTRP
Loading: NTYR
Loading: NVAL
> #
> #       Load water and ions
> # 
> loadOff ions94.lib
Loading library: /home/appl/amber10/dat/leap/lib/ions94.lib
Loading: CIO
Loading: Cl-
Loading: Cs+
Loading: IB
Loading: K+
Loading: Li+
Loading: MG2
Loading: Na+
Loading: Rb+
> loadOff solvents.lib
Loading library: /home/appl/amber10/dat/leap/lib/solvents.lib
Loading: CHCL3BOX
Loading: DC4
Loading: MEOHBOX
Loading: NMABOX
Loading: PL3
Loading: POL3BOX
Loading: QSPCFWBOX
Loading: SPC
Loading: SPCBOX
Loading: SPCFWBOX
Loading: SPF
Loading: SPG
Loading: T4E
Loading: TIP3PBOX
Loading: TIP3PFBOX
Loading: TIP4PBOX
Loading: TIP4PEWBOX
Loading: TP3
Loading: TP4
Loading: TP5
Loading: TPF
> HOH = TP3
> WAT = TP3
> 
> #
> #	Define the PDB name map for the amino acids and DNA.
> #
> addPdbResMap {
>   { 0 "ALA" "NALA" } { 1 "ALA" "CALA" }
>   { 0 "ARG" "NARG" } { 1 "ARG" "CARG" }
>   { 0 "ASN" "NASN" } { 1 "ASN" "CASN" }
>   { 0 "ASP" "NASP" } { 1 "ASP" "CASP" }
>   { 0 "CYS" "NCYS" } { 1 "CYS" "CCYS" }
>   { 0 "CYX" "NCYX" } { 1 "CYX" "CCYX" }
>   { 0 "GLN" "NGLN" } { 1 "GLN" "CGLN" }
>   { 0 "GLU" "NGLU" } { 1 "GLU" "CGLU" }
>   { 0 "GLY" "NGLY" } { 1 "GLY" "CGLY" }
>   { 0 "HID" "NHID" } { 1 "HID" "CHID" }
>   { 0 "HIE" "NHIE" } { 1 "HIE" "CHIE" }
>   { 0 "HIP" "NHIP" } { 1 "HIP" "CHIP" }
>   { 0 "ILE" "NILE" } { 1 "ILE" "CILE" }
>   { 0 "LEU" "NLEU" } { 1 "LEU" "CLEU" }
>   { 0 "LYS" "NLYS" } { 1 "LYS" "CLYS" }
>   { 0 "MET" "NMET" } { 1 "MET" "CMET" }
>   { 0 "PHE" "NPHE" } { 1 "PHE" "CPHE" }
>   { 0 "PRO" "NPRO" } { 1 "PRO" "CPRO" }
>   { 0 "SER" "NSER" } { 1 "SER" "CSER" }
>   { 0 "THR" "NTHR" } { 1 "THR" "CTHR" }
>   { 0 "TRP" "NTRP" } { 1 "TRP" "CTRP" }
>   { 0 "TYR" "NTYR" } { 1 "TYR" "CTYR" }
>   { 0 "VAL" "NVAL" } { 1 "VAL" "CVAL" }
>   { 0 "HIS" "NHIS" } { 1 "HIS" "CHIS" }
>   { 0 "GUA" "DG5"  } { 1 "GUA" "DG3"  } { "GUA" "DG" }
>   { 0 "ADE" "DA5"  } { 1 "ADE" "DA3"  } { "ADE" "DA" }
>   { 0 "CYT" "DC5"  } { 1 "CYT" "DC3"  } { "CYT" "DC" }
>   { 0 "THY" "DT5"  } { 1 "THY" "DT3"  } { "THY" "DT" }
>   { 0 "G" "DG5"  } { 1 "G" "DG3"  } { "G" "DG" } { "GN" "DGN" }
>   { 0 "A" "DA5"  } { 1 "A" "DA3"  } { "A" "DA" } { "AN" "DAN" }
>   { 0 "C" "DC5"  } { 1 "C" "DC3"  } { "C" "DC" } { "CN" "DCN" }
>   { 0 "T" "DT5"  } { 1 "T" "DT3"  } { "T" "DT" } { "TN" "DTN" }
>   { 0 "C5" "DC5" }
>   { 0 "G5" "DG5" }
>   { 0 "A5" "DA5" }
>   { 0 "T5" "DT5" }
>   { 1 "C3" "DC3" }
>   { 1 "G3" "DG3" }
>   { 1 "A3" "DA3" }
>   { 1 "T3" "DT3" }
> 
> }
> 
> addPdbAtomMap {
>   { "O5*" "O5'" }
>   { "C5*" "C5'" }
>   { "C4*" "C4'" }
>   { "O4*" "O4'" }
>   { "C3*" "C3'" }
>   { "O3*" "O3'" }
>   { "C2*" "C2'" }
>   { "C1*" "C1'" }
>   { "C5M" "C7"  }
>   { "H1*" "H1'" }
>   { "H2*1" "H2'1" }
>   { "H2*2" "H2'2" }
>   { "H3*" "H3'" }
>   { "H4*" "H4'" }
>   { "H5*1" "H5'1" }
>   { "H5*2" "H5'2" }
> # old ff atom names -> new
>   { "O1'" "O4'" }
>   { "OA"  "O1P" }
>   { "OB"  "O2P" }
> }
> 
> 
> #
> # assumed that most often proteins use HIE
> #
> NHIS = NHIE
> HIS = HIE
> CHIS = CHIE
 
Sourcing: /home/yamamori/work/programs/ABA/CHIv_extend.cmd
> pn=sequence{ NGLY TYR ASP PRO GLU THR GLY THR TRP CGLY }
Sequence: NGLY
Sequence: TYR
Joining NGLY - TYR
Sequence: ASP
Joining TYR - ASP
Sequence: PRO
Joining ASP - PRO
Sequence: GLU
Joining PRO - GLU
Sequence: THR
Joining GLU - THR
Sequence: GLY
Joining THR - GLY
Sequence: THR
Joining GLY - THR
Sequence: TRP
Joining THR - TRP
Sequence: CGLY
Joining TRP - CGLY
> saveAmberparm pn CHIv_extend.top  CHIv_extend.crd
Checking Unit.
WARNING: The unperturbed charge of the unit: -2.000000 is not zero.

 -- ignoring the warning.

Building topology.
Building atom parameters.
Building bond parameters.
Building angle parameters.
Building proper torsion parameters.
Building improper torsion parameters.
 ** Warning: No sp2 improper torsion term for  C*-CN-CB-CA
        atoms are: CG CE2 CD2 CE3
 ** Warning: No sp2 improper torsion term for  NA-CA-CN-CB
        atoms are: NE1 CZ2 CE2 CD2
 total 34 improper torsions applied
Building H-Bond parameters.
Not Marking per-residue atom chain types.
Marking per-residue atom chain types.
  (Residues lacking connect0/connect1 - 
   these don't have chain types marked:

	res	total affected

	CGLY	1
	NGLY	1
  )
 (no restraints)
> quit
	Quit
