This file contains any messages produced by compilers while
running configure, to aid debugging if configure makes a mistake.

It was created by gc configure 7.0, which was
generated by GNU Autoconf 2.61.  Invocation command line was

  $ ./configure 

## --------- ##
## Platform. ##
## --------- ##

hostname = ajisai00
uname -m = x86_64
uname -r = 2.6.18-194.32.1.el5
uname -s = Linux
uname -v = #1 SMP Wed Jan 5 17:52:25 EST 2011

/usr/bin/uname -p = unknown
/bin/uname -X     = unknown

/bin/arch              = x86_64
/usr/bin/arch -k       = unknown
/usr/convex/getsysinfo = unknown
/usr/bin/hostinfo      = unknown
/bin/machine           = unknown
/usr/bin/oslevel       = unknown
/bin/universe          = unknown

PATH: /home/yamamori/local/bin
PATH: /home/yamamori/bin
PATH: /home/yamamori/local/bin
PATH: /home/yamamori/bin
PATH: /home/yamamori/local/bin
PATH: /home/yamamori/bin
PATH: /home/sge/bin/lx24-amd64
PATH: /opt/intel/Compiler/11.0/083/bin/intel64
PATH: /opt/intel/Compiler/11.0/083/bin/intel64
PATH: /opt/intel/impi/3.2.1.009/bin64
PATH: /home/sge/bin/lx24-amd64
PATH: /opt/intel/Compiler/11.0/083/bin/intel64
PATH: /opt/intel/Compiler/11.0/083/bin/intel64
PATH: /opt/intel/impi/3.2.1.009/bin64
PATH: /home/sge/bin/lx24-amd64
PATH: /usr/lib64/qt-3.3/bin
PATH: /opt/intel/Compiler/11.0/083/bin/intel64
PATH: /opt/intel/Compiler/11.0/083/bin/intel64
PATH: /usr/local/bin
PATH: /bin
PATH: /usr/bin
PATH: /home/yamamori/bin
PATH: /home/shun/usr/bin/
PATH: /home/Ryuhei/software/R-2.91/bin/R
PATH: /home/software/LAPACK
PATH: /home/software/BLAS
PATH: /home/software/numpy-1.6.0/numpy
PATH: /home/software/numpy-1.6.0/build
PATH: /home/software/numpy-1.6.0/
PATH: /home/yamamori/lib/python2.7/site-packages/numpy/core/lib
PATH: /home/yamamori/mybin/
PATH: /home/yamamori//home/yamamori/work/scripts/gnuplot
PATH: /home/shun/usr/bin/
PATH: /home/Ryuhei/software/R-2.91/bin/R
PATH: /home/software/LAPACK
PATH: /home/software/BLAS
PATH: /home/software/numpy-1.6.0/numpy
PATH: /home/software/numpy-1.6.0/build
PATH: /home/software/numpy-1.6.0/
PATH: /home/yamamori/lib/python2.7/site-packages/numpy/core/lib
PATH: /home/yamamori/mybin/
PATH: /home/yamamori//home/yamamori/work/scripts/gnuplot
PATH: /home/shun/usr/bin/
PATH: /home/Ryuhei/software/R-2.91/bin/R
PATH: /home/software/LAPACK
PATH: /home/software/BLAS
PATH: /home/software/numpy-1.6.0/numpy
PATH: /home/software/numpy-1.6.0/build
PATH: /home/software/numpy-1.6.0/
PATH: /home/yamamori/lib/python2.7/site-packages/numpy/core/lib
PATH: /home/yamamori/mybin/
PATH: /home/yamamori//home/yamamori/work/scripts/gnuplot


## ----------- ##
## Core tests. ##
## ----------- ##

configure:2037: checking build system type
configure:2055: result: x86_64-unknown-linux-gnu
configure:2077: checking host system type
configure:2092: result: x86_64-unknown-linux-gnu
configure:2114: checking target system type
configure:2129: result: x86_64-unknown-linux-gnu
configure:2160: checking GC version numbers
configure:2198: result: major=7 minor=0 
configure:2216: checking for a BSD-compatible install
configure:2272: result: /usr/bin/install -c
configure:2283: checking whether build environment is sane
configure:2326: result: yes
configure:2391: checking for gawk
configure:2407: found /bin/gawk
configure:2418: result: gawk
configure:2429: checking whether make sets $(MAKE)
configure:2450: result: yes
configure:2634: checking whether to enable maintainer-specific portions of Makefiles
configure:2643: result: no
configure:2674: checking for style of include used by make
configure:2702: result: GNU
configure:2775: checking for gcc
configure:2791: found /usr/bin/gcc
configure:2802: result: gcc
configure:3040: checking for C compiler version
configure:3047: gcc --version >&5
gcc (GCC) 4.1.2 20080704 (Red Hat 4.1.2-48)
Copyright (C) 2006 Free Software Foundation, Inc.
This is free software; see the source for copying conditions.  There is NO
warranty; not even for MERCHANTABILITY or FITNESS FOR A PARTICULAR PURPOSE.

configure:3050: $? = 0
configure:3057: gcc -v >&5
Using built-in specs.
Target: x86_64-redhat-linux
Configured with: ../configure --prefix=/usr --mandir=/usr/share/man --infodir=/usr/share/info --enable-shared --enable-threads=posix --enable-checking=release --with-system-zlib --enable-__cxa_atexit --disable-libunwind-exceptions --enable-libgcj-multifile --enable-languages=c,c++,objc,obj-c++,java,fortran,ada --enable-java-awt=gtk --disable-dssi --enable-plugin --with-java-home=/usr/lib/jvm/java-1.4.2-gcj-1.4.2.0/jre --with-cpu=generic --host=x86_64-redhat-linux
Thread model: posix
gcc version 4.1.2 20080704 (Red Hat 4.1.2-48)
configure:3060: $? = 0
configure:3067: gcc -V >&5
gcc: '-V' option must have argument
configure:3070: $? = 1
configure:3093: checking for C compiler default output file name
configure:3120: gcc    conftest.c  >&5
configure:3123: $? = 0
configure:3161: result: a.out
configure:3178: checking whether the C compiler works
configure:3188: ./a.out
configure:3191: $? = 0
configure:3208: result: yes
configure:3215: checking whether we are cross compiling
configure:3217: result: no
configure:3220: checking for suffix of executables
configure:3227: gcc -o conftest    conftest.c  >&5
configure:3230: $? = 0
configure:3254: result: 
configure:3260: checking for suffix of object files
configure:3286: gcc -c   conftest.c >&5
configure:3289: $? = 0
configure:3312: result: o
configure:3316: checking whether we are using the GNU C compiler
configure:3345: gcc -c   conftest.c >&5
configure:3351: $? = 0
configure:3368: result: yes
configure:3373: checking whether gcc accepts -g
configure:3403: gcc -c -g  conftest.c >&5
configure:3409: $? = 0
configure:3508: result: yes
configure:3525: checking for gcc option to accept ISO C89
configure:3599: gcc  -c -g -O2  conftest.c >&5
configure:3605: $? = 0
configure:3628: result: none needed
configure:3648: checking dependency style of gcc
configure:3738: result: gcc3
configure:3756: checking whether gcc and cc understand -c and -o together
configure:3791: gcc -c conftest.c -o conftest2.o >&5
configure:3794: $? = 0
configure:3800: gcc -c conftest.c -o conftest2.o >&5
configure:3803: $? = 0
configure:3814: cc -c conftest.c >&5
configure:3817: $? = 0
configure:3825: cc -c conftest.c -o conftest2.o >&5
configure:3828: $? = 0
configure:3834: cc -c conftest.c -o conftest2.o >&5
configure:3837: $? = 0
configure:3855: result: yes
configure:3938: checking for g++
configure:3954: found /usr/bin/g++
configure:3965: result: g++
configure:3996: checking for C++ compiler version
configure:4003: g++ --version >&5
g++ (GCC) 4.1.2 20080704 (Red Hat 4.1.2-48)
Copyright (C) 2006 Free Software Foundation, Inc.
This is free software; see the source for copying conditions.  There is NO
warranty; not even for MERCHANTABILITY or FITNESS FOR A PARTICULAR PURPOSE.

configure:4006: $? = 0
configure:4013: g++ -v >&5
Using built-in specs.
Target: x86_64-redhat-linux
Configured with: ../configure --prefix=/usr --mandir=/usr/share/man --infodir=/usr/share/info --enable-shared --enable-threads=posix --enable-checking=release --with-system-zlib --enable-__cxa_atexit --disable-libunwind-exceptions --enable-libgcj-multifile --enable-languages=c,c++,objc,obj-c++,java,fortran,ada --enable-java-awt=gtk --disable-dssi --enable-plugin --with-java-home=/usr/lib/jvm/java-1.4.2-gcj-1.4.2.0/jre --with-cpu=generic --host=x86_64-redhat-linux
Thread model: posix
gcc version 4.1.2 20080704 (Red Hat 4.1.2-48)
configure:4016: $? = 0
configure:4023: g++ -V >&5
g++: '-V' option must have argument
configure:4026: $? = 1
configure:4029: checking whether we are using the GNU C++ compiler
configure:4058: g++ -c   conftest.cpp >&5
configure:4064: $? = 0
configure:4081: result: yes
configure:4086: checking whether g++ accepts -g
configure:4116: g++ -c -g  conftest.cpp >&5
configure:4122: $? = 0
configure:4221: result: yes
configure:4246: checking dependency style of g++
configure:4336: result: gcc3
configure:4405: checking for ar
configure:4421: found /usr/bin/ar
configure:4432: result: ar
configure:4501: checking for ranlib
configure:4517: found /usr/bin/ranlib
configure:4528: result: ranlib
configure:4568: checking for a BSD-compatible install
configure:4624: result: /usr/bin/install -c
configure:4645: checking for thread model used by GCC
configure:4651: result: posix
configure:4706: WARNING: "Explict GC_INIT() calls may be required."
configure:5865: checking for xlc
configure:5892: gcc -c -g -O2  conftest.c >&5
conftest.c:21:4: error: #error 
configure:5898: $? = 1
configure: failed program was:
| /* confdefs.h.  */
| #define PACKAGE_NAME "gc"
| #define PACKAGE_TARNAME "gc"
| #define PACKAGE_VERSION "7.0"
| #define PACKAGE_STRING "gc 7.0"
| #define PACKAGE_BUGREPORT "Hans.Boehm@hp.com"
| #define GC_VERSION_MAJOR 7
| #define GC_VERSION_MINOR 0
| #define PACKAGE "gc"
| #define VERSION "7.0"
| #define GC_LINUX_THREADS 1
| #define _REENTRANT 1
| #define THREAD_LOCAL_ALLOC 1
| /* end confdefs.h.  */
| 
| int
| main ()
| {
| 
|  #ifndef __xlC__
|  # error
|  #endif
| 
|   ;
|   return 0;
| }
configure:5912: result: no
configure:5937: checking for dlopen in -ldl
configure:5972: gcc -o conftest -g -O2   conftest.c -ldl   >&5
configure:5978: $? = 0
configure:5996: result: yes
configure:6061: checking whether to build shared libraries
configure:6095: result: yes
configure:6102: checking which machine-dependent code should be used
configure:6161: result: 
configure:6217: checking for a sed that does not truncate output
configure:6271: result: /bin/sed
configure:6274: checking for grep that handles long lines and -e
configure:6348: result: /bin/grep
configure:6353: checking for egrep
configure:6431: result: /bin/grep -E
configure:6447: checking for ld used by gcc
configure:6514: result: /usr/bin/ld
configure:6523: checking if the linker (/usr/bin/ld) is GNU ld
configure:6538: result: yes
configure:6543: checking for /usr/bin/ld option to reload object files
configure:6550: result: -r
configure:6568: checking for BSD-compatible nm
configure:6617: result: /usr/bin/nm -B
configure:6621: checking whether ln -s works
configure:6625: result: yes
configure:6632: checking how to recognise dependent libraries
configure:6808: result: pass_all
configure:6895: gcc -c -g -O2  conftest.c >&5
configure:6898: $? = 0
configure:7041: checking how to run the C preprocessor
configure:7081: gcc -E  conftest.c
configure:7087: $? = 0
configure:7118: gcc -E  conftest.c
conftest.c:15:28: error: ac_nonexistent.h: No such file or directory
configure:7124: $? = 1
configure: failed program was:
| /* confdefs.h.  */
| #define PACKAGE_NAME "gc"
| #define PACKAGE_TARNAME "gc"
| #define PACKAGE_VERSION "7.0"
| #define PACKAGE_STRING "gc 7.0"
| #define PACKAGE_BUGREPORT "Hans.Boehm@hp.com"
| #define GC_VERSION_MAJOR 7
| #define GC_VERSION_MINOR 0
| #define PACKAGE "gc"
| #define VERSION "7.0"
| #define GC_LINUX_THREADS 1
| #define _REENTRANT 1
| #define THREAD_LOCAL_ALLOC 1
| /* end confdefs.h.  */
| #include <ac_nonexistent.h>
configure:7157: result: gcc -E
configure:7186: gcc -E  conftest.c
configure:7192: $? = 0
configure:7223: gcc -E  conftest.c
conftest.c:15:28: error: ac_nonexistent.h: No such file or directory
configure:7229: $? = 1
configure: failed program was:
| /* confdefs.h.  */
| #define PACKAGE_NAME "gc"
| #define PACKAGE_TARNAME "gc"
| #define PACKAGE_VERSION "7.0"
| #define PACKAGE_STRING "gc 7.0"
| #define PACKAGE_BUGREPORT "Hans.Boehm@hp.com"
| #define GC_VERSION_MAJOR 7
| #define GC_VERSION_MINOR 0
| #define PACKAGE "gc"
| #define VERSION "7.0"
| #define GC_LINUX_THREADS 1
| #define _REENTRANT 1
| #define THREAD_LOCAL_ALLOC 1
| /* end confdefs.h.  */
| #include <ac_nonexistent.h>
configure:7267: checking for ANSI C header files
configure:7297: gcc -c -g -O2  conftest.c >&5
configure:7303: $? = 0
configure:7402: gcc -o conftest -g -O2   conftest.c  >&5
configure:7405: $? = 0
configure:7411: ./conftest
configure:7414: $? = 0
configure:7431: result: yes
configure:7455: checking for sys/types.h
configure:7476: gcc -c -g -O2  conftest.c >&5
configure:7482: $? = 0
configure:7498: result: yes
configure:7455: checking for sys/stat.h
configure:7476: gcc -c -g -O2  conftest.c >&5
configure:7482: $? = 0
configure:7498: result: yes
configure:7455: checking for stdlib.h
configure:7476: gcc -c -g -O2  conftest.c >&5
configure:7482: $? = 0
configure:7498: result: yes
configure:7455: checking for string.h
configure:7476: gcc -c -g -O2  conftest.c >&5
configure:7482: $? = 0
configure:7498: result: yes
configure:7455: checking for memory.h
configure:7476: gcc -c -g -O2  conftest.c >&5
configure:7482: $? = 0
configure:7498: result: yes
configure:7455: checking for strings.h
configure:7476: gcc -c -g -O2  conftest.c >&5
configure:7482: $? = 0
configure:7498: result: yes
configure:7455: checking for inttypes.h
configure:7476: gcc -c -g -O2  conftest.c >&5
configure:7482: $? = 0
configure:7498: result: yes
configure:7455: checking for stdint.h
configure:7476: gcc -c -g -O2  conftest.c >&5
configure:7482: $? = 0
configure:7498: result: yes
configure:7455: checking for unistd.h
configure:7476: gcc -c -g -O2  conftest.c >&5
configure:7482: $? = 0
configure:7498: result: yes
configure:7525: checking dlfcn.h usability
configure:7542: gcc -c -g -O2  conftest.c >&5
configure:7548: $? = 0
configure:7562: result: yes
configure:7566: checking dlfcn.h presence
configure:7581: gcc -E  conftest.c
configure:7587: $? = 0
configure:7601: result: yes
configure:7634: checking for dlfcn.h
configure:7642: result: yes
configure:7665: checking how to run the C++ preprocessor
configure:7701: g++ -E  conftest.cpp
configure:7707: $? = 0
configure:7738: g++ -E  conftest.cpp
conftest.cpp:26:28: error: ac_nonexistent.h: No such file or directory
configure:7744: $? = 1
configure: failed program was:
| /* confdefs.h.  */
| #define PACKAGE_NAME "gc"
| #define PACKAGE_TARNAME "gc"
| #define PACKAGE_VERSION "7.0"
| #define PACKAGE_STRING "gc 7.0"
| #define PACKAGE_BUGREPORT "Hans.Boehm@hp.com"
| #define GC_VERSION_MAJOR 7
| #define GC_VERSION_MINOR 0
| #define PACKAGE "gc"
| #define VERSION "7.0"
| #define GC_LINUX_THREADS 1
| #define _REENTRANT 1
| #define THREAD_LOCAL_ALLOC 1
| #define STDC_HEADERS 1
| #define HAVE_SYS_TYPES_H 1
| #define HAVE_SYS_STAT_H 1
| #define HAVE_STDLIB_H 1
| #define HAVE_STRING_H 1
| #define HAVE_MEMORY_H 1
| #define HAVE_STRINGS_H 1
| #define HAVE_INTTYPES_H 1
| #define HAVE_STDINT_H 1
| #define HAVE_UNISTD_H 1
| #define HAVE_DLFCN_H 1
| /* end confdefs.h.  */
| #include <ac_nonexistent.h>
configure:7777: result: g++ -E
configure:7806: g++ -E  conftest.cpp
configure:7812: $? = 0
configure:7843: g++ -E  conftest.cpp
conftest.cpp:26:28: error: ac_nonexistent.h: No such file or directory
configure:7849: $? = 1
configure: failed program was:
| /* confdefs.h.  */
| #define PACKAGE_NAME "gc"
| #define PACKAGE_TARNAME "gc"
| #define PACKAGE_VERSION "7.0"
| #define PACKAGE_STRING "gc 7.0"
| #define PACKAGE_BUGREPORT "Hans.Boehm@hp.com"
| #define GC_VERSION_MAJOR 7
| #define GC_VERSION_MINOR 0
| #define PACKAGE "gc"
| #define VERSION "7.0"
| #define GC_LINUX_THREADS 1
| #define _REENTRANT 1
| #define THREAD_LOCAL_ALLOC 1
| #define STDC_HEADERS 1
| #define HAVE_SYS_TYPES_H 1
| #define HAVE_SYS_STAT_H 1
| #define HAVE_STDLIB_H 1
| #define HAVE_STRING_H 1
| #define HAVE_MEMORY_H 1
| #define HAVE_STRINGS_H 1
| #define HAVE_INTTYPES_H 1
| #define HAVE_STDINT_H 1
| #define HAVE_UNISTD_H 1
| #define HAVE_DLFCN_H 1
| /* end confdefs.h.  */
| #include <ac_nonexistent.h>
configure:7942: checking for g77
configure:7958: found /usr/bin/g77
configure:7969: result: g77
configure:7999: checking for Fortran 77 compiler version
configure:8006: g77 --version >&5
GNU Fortran (GCC) 3.4.6 20060404 (Red Hat 3.4.6-4)
Copyright (C) 2006 Free Software Foundation, Inc.

GNU Fortran comes with NO WARRANTY, to the extent permitted by law.
You may redistribute copies of GNU Fortran
under the terms of the GNU General Public License.
For more information about these matters, see the file named COPYING
or type the command `info -f g77 Copying'.
configure:8009: $? = 0
configure:8016: g77 -v >&5
Reading specs from /usr/lib/gcc/x86_64-redhat-linux/3.4.6/specs
Configured with: ../configure --prefix=/usr --mandir=/usr/share/man --infodir=/usr/share/info --enable-shared --enable-threads=posix --disable-checking --with-system-zlib --enable-__cxa_atexit --disable-libunwind-exceptions --enable-languages=c,c++,f77 --disable-libgcj --host=x86_64-redhat-linux
Thread model: posix
gcc version 3.4.6 20060404 (Red Hat 3.4.6-4)
configure:8019: $? = 0
configure:8026: g77 -V >&5
g77: `-V' option must have argument
configure:8029: $? = 1
configure:8037: checking whether we are using the GNU Fortran 77 compiler
configure:8056: g77 -c  conftest.F >&5
configure:8062: $? = 0
configure:8079: result: yes
configure:8085: checking whether g77 accepts -g
configure:8102: g77 -c -g conftest.f >&5
configure:8108: $? = 0
configure:8124: result: yes
configure:8154: checking the maximum length of command line arguments
configure:8263: result: 32768
configure:8274: checking command to parse /usr/bin/nm -B output from gcc object
configure:8379: gcc -c -g -O2  conftest.c >&5
configure:8382: $? = 0
configure:8386: /usr/bin/nm -B conftest.o \| sed -n -e 's/^.*[ 	]\([ABCDGIRSTW][ABCDGIRSTW]*\)[ 	][ 	]*\([_A-Za-z][_A-Za-z0-9]*\)$/\1 \2 \2/p' \> conftest.nm
configure:8389: $? = 0
configure:8441: gcc -o conftest -g -O2   conftest.c conftstm.o >&5
configure:8444: $? = 0
configure:8482: result: ok
configure:8486: checking for objdir
configure:8501: result: .libs
configure:8593: checking for ar
configure:8620: result: ar
configure:8689: checking for ranlib
configure:8716: result: ranlib
configure:8785: checking for strip
configure:8801: found /usr/bin/strip
configure:8812: result: strip
configure:9102: checking if gcc supports -fno-rtti -fno-exceptions
configure:9120: gcc -c -g -O2  -fno-rtti -fno-exceptions conftest.c >&5
cc1: warning: command line option "-fno-rtti" is valid for C++/ObjC++ but not for C
configure:9124: $? = 0
configure:9137: result: no
configure:9152: checking for gcc option to produce PIC
configure:9362: result: -fPIC
configure:9370: checking if gcc PIC flag -fPIC works
configure:9388: gcc -c -g -O2  -fPIC -DPIC conftest.c >&5
configure:9392: $? = 0
configure:9405: result: yes
configure:9433: checking if gcc static flag -static works
configure:9461: result: yes
configure:9471: checking if gcc supports -c -o file.o
configure:9492: gcc -c -g -O2  -o out/conftest2.o conftest.c >&5
configure:9496: $? = 0
configure:9518: result: yes
configure:9544: checking whether the gcc linker (/usr/bin/ld -m elf_x86_64) supports shared libraries
configure:10498: result: yes
configure:10519: checking whether -lc should be explicitly linked in
configure:10524: gcc -c -g -O2  conftest.c >&5
configure:10527: $? = 0
configure:10542: gcc -shared conftest.o  -v -Wl,-soname -Wl,conftest -o conftest 2\>\&1 \| grep  -lc  \>/dev/null 2\>\&1
configure:10545: $? = 0
configure:10557: result: no
configure:10565: checking dynamic linker characteristics
configure:11153: result: GNU/Linux ld.so
configure:11162: checking how to hardcode library paths into programs
configure:11187: result: immediate
configure:11201: checking whether stripping libraries is possible
configure:11206: result: yes
configure:12007: checking if libtool supports shared libraries
configure:12009: result: yes
configure:12012: checking whether to build shared libraries
configure:12033: result: yes
configure:12036: checking whether to build static libraries
configure:12040: result: yes
configure:12132: creating libtool
configure:12720: checking for ld used by g++
configure:12787: result: /usr/bin/ld -m elf_x86_64
configure:12796: checking if the linker (/usr/bin/ld -m elf_x86_64) is GNU ld
configure:12811: result: yes
configure:12862: checking whether the g++ linker (/usr/bin/ld -m elf_x86_64) supports shared libraries
configure:13796: result: yes
configure:13818: g++ -c -g -O2  conftest.cpp >&5
configure:13821: $? = 0
configure:13940: checking for g++ option to produce PIC
configure:14214: result: -fPIC
configure:14222: checking if g++ PIC flag -fPIC works
configure:14240: g++ -c -g -O2  -fPIC -DPIC conftest.cpp >&5
configure:14244: $? = 0
configure:14257: result: yes
configure:14285: checking if g++ static flag -static works
configure:14313: result: yes
configure:14323: checking if g++ supports -c -o file.o
configure:14344: g++ -c -g -O2  -o out/conftest2.o conftest.cpp >&5
configure:14348: $? = 0
configure:14370: result: yes
configure:14396: checking whether the g++ linker (/usr/bin/ld -m elf_x86_64) supports shared libraries
configure:14421: result: yes
configure:14488: checking dynamic linker characteristics
configure:15076: result: GNU/Linux ld.so
configure:15085: checking how to hardcode library paths into programs
configure:15110: result: immediate
configure:15636: checking if libtool supports shared libraries
configure:15638: result: yes
configure:15641: checking whether to build shared libraries
configure:15661: result: yes
configure:15664: checking whether to build static libraries
configure:15668: result: yes
configure:15678: checking for g77 option to produce PIC
configure:15888: result: -fPIC
configure:15896: checking if g77 PIC flag -fPIC works
configure:15914: g77 -c -g -O2 -fPIC conftest.f >&5
configure:15918: $? = 0
configure:15931: result: yes
configure:15959: checking if g77 static flag -static works
configure:15987: result: yes
configure:15997: checking if g77 supports -c -o file.o
configure:16018: g77 -c -g -O2 -o out/conftest2.o conftest.f >&5
configure:16022: $? = 0
configure:16044: result: yes
configure:16070: checking whether the g77 linker (/usr/bin/ld -m elf_x86_64) supports shared libraries
configure:17004: result: yes
configure:17071: checking dynamic linker characteristics
configure:17659: result: GNU/Linux ld.so
configure:17668: checking how to hardcode library paths into programs
configure:17693: result: immediate
configure:21269: checking sys/dg_sys_info.h usability
configure:21286: gcc -c -g -O2  conftest.c >&5
conftest.c:59:29: error: sys/dg_sys_info.h: No such file or directory
configure:21292: $? = 1
configure: failed program was:
| /* confdefs.h.  */
| #define PACKAGE_NAME "gc"
| #define PACKAGE_TARNAME "gc"
| #define PACKAGE_VERSION "7.0"
| #define PACKAGE_STRING "gc 7.0"
| #define PACKAGE_BUGREPORT "Hans.Boehm@hp.com"
| #define GC_VERSION_MAJOR 7
| #define GC_VERSION_MINOR 0
| #define PACKAGE "gc"
| #define VERSION "7.0"
| #define GC_LINUX_THREADS 1
| #define _REENTRANT 1
| #define THREAD_LOCAL_ALLOC 1
| #define STDC_HEADERS 1
| #define HAVE_SYS_TYPES_H 1
| #define HAVE_SYS_STAT_H 1
| #define HAVE_STDLIB_H 1
| #define HAVE_STRING_H 1
| #define HAVE_MEMORY_H 1
| #define HAVE_STRINGS_H 1
| #define HAVE_INTTYPES_H 1
| #define HAVE_STDINT_H 1
| #define HAVE_UNISTD_H 1
| #define HAVE_DLFCN_H 1
| /* end confdefs.h.  */
| #include <stdio.h>
| #ifdef HAVE_SYS_TYPES_H
| # include <sys/types.h>
| #endif
| #ifdef HAVE_SYS_STAT_H
| # include <sys/stat.h>
| #endif
| #ifdef STDC_HEADERS
| # include <stdlib.h>
| # include <stddef.h>
| #else
| # ifdef HAVE_STDLIB_H
| #  include <stdlib.h>
| # endif
| #endif
| #ifdef HAVE_STRING_H
| # if !defined STDC_HEADERS && defined HAVE_MEMORY_H
| #  include <memory.h>
| # endif
| # include <string.h>
| #endif
| #ifdef HAVE_STRINGS_H
| # include <strings.h>
| #endif
| #ifdef HAVE_INTTYPES_H
| # include <inttypes.h>
| #endif
| #ifdef HAVE_STDINT_H
| # include <stdint.h>
| #endif
| #ifdef HAVE_UNISTD_H
| # include <unistd.h>
| #endif
| #include <sys/dg_sys_info.h>
configure:21306: result: no
configure:21310: checking sys/dg_sys_info.h presence
configure:21325: gcc -E  conftest.c
conftest.c:26:29: error: sys/dg_sys_info.h: No such file or directory
configure:21331: $? = 1
configure: failed program was:
| /* confdefs.h.  */
| #define PACKAGE_NAME "gc"
| #define PACKAGE_TARNAME "gc"
| #define PACKAGE_VERSION "7.0"
| #define PACKAGE_STRING "gc 7.0"
| #define PACKAGE_BUGREPORT "Hans.Boehm@hp.com"
| #define GC_VERSION_MAJOR 7
| #define GC_VERSION_MINOR 0
| #define PACKAGE "gc"
| #define VERSION "7.0"
| #define GC_LINUX_THREADS 1
| #define _REENTRANT 1
| #define THREAD_LOCAL_ALLOC 1
| #define STDC_HEADERS 1
| #define HAVE_SYS_TYPES_H 1
| #define HAVE_SYS_STAT_H 1
| #define HAVE_STDLIB_H 1
| #define HAVE_STRING_H 1
| #define HAVE_MEMORY_H 1
| #define HAVE_STRINGS_H 1
| #define HAVE_INTTYPES_H 1
| #define HAVE_STDINT_H 1
| #define HAVE_UNISTD_H 1
| #define HAVE_DLFCN_H 1
| /* end confdefs.h.  */
| #include <sys/dg_sys_info.h>
configure:21345: result: no
configure:21378: checking for sys/dg_sys_info.h
configure:21385: result: no
configure:21432: checking whether Solaris gcc optimization fix is necessary
configure:21455: result: no
configure:21735: checking atomic_ops.h usability
configure:21752: gcc -c -g -O2  conftest.c >&5
conftest.c:64:24: error: atomic_ops.h: No such file or directory
configure:21758: $? = 1
configure: failed program was:
| /* confdefs.h.  */
| #define PACKAGE_NAME "gc"
| #define PACKAGE_TARNAME "gc"
| #define PACKAGE_VERSION "7.0"
| #define PACKAGE_STRING "gc 7.0"
| #define PACKAGE_BUGREPORT "Hans.Boehm@hp.com"
| #define GC_VERSION_MAJOR 7
| #define GC_VERSION_MINOR 0
| #define PACKAGE "gc"
| #define VERSION "7.0"
| #define GC_LINUX_THREADS 1
| #define _REENTRANT 1
| #define THREAD_LOCAL_ALLOC 1
| #define STDC_HEADERS 1
| #define HAVE_SYS_TYPES_H 1
| #define HAVE_SYS_STAT_H 1
| #define HAVE_STDLIB_H 1
| #define HAVE_STRING_H 1
| #define HAVE_MEMORY_H 1
| #define HAVE_STRINGS_H 1
| #define HAVE_INTTYPES_H 1
| #define HAVE_STDINT_H 1
| #define HAVE_UNISTD_H 1
| #define HAVE_DLFCN_H 1
| #define NO_EXECUTE_PERMISSION 1
| #define ALL_INTERIOR_POINTERS 1
| #define GC_GCJ_SUPPORT 1
| #define JAVA_FINALIZATION 1
| #define ATOMIC_UNCOLLECTABLE 1
| /* end confdefs.h.  */
| #include <stdio.h>
| #ifdef HAVE_SYS_TYPES_H
| # include <sys/types.h>
| #endif
| #ifdef HAVE_SYS_STAT_H
| # include <sys/stat.h>
| #endif
| #ifdef STDC_HEADERS
| # include <stdlib.h>
| # include <stddef.h>
| #else
| # ifdef HAVE_STDLIB_H
| #  include <stdlib.h>
| # endif
| #endif
| #ifdef HAVE_STRING_H
| # if !defined STDC_HEADERS && defined HAVE_MEMORY_H
| #  include <memory.h>
| # endif
| # include <string.h>
| #endif
| #ifdef HAVE_STRINGS_H
| # include <strings.h>
| #endif
| #ifdef HAVE_INTTYPES_H
| # include <inttypes.h>
| #endif
| #ifdef HAVE_STDINT_H
| # include <stdint.h>
| #endif
| #ifdef HAVE_UNISTD_H
| # include <unistd.h>
| #endif
| #include <atomic_ops.h>
configure:21772: result: no
configure:21776: checking atomic_ops.h presence
configure:21791: gcc -E  conftest.c
conftest.c:31:24: error: atomic_ops.h: No such file or directory
configure:21797: $? = 1
configure: failed program was:
| /* confdefs.h.  */
| #define PACKAGE_NAME "gc"
| #define PACKAGE_TARNAME "gc"
| #define PACKAGE_VERSION "7.0"
| #define PACKAGE_STRING "gc 7.0"
| #define PACKAGE_BUGREPORT "Hans.Boehm@hp.com"
| #define GC_VERSION_MAJOR 7
| #define GC_VERSION_MINOR 0
| #define PACKAGE "gc"
| #define VERSION "7.0"
| #define GC_LINUX_THREADS 1
| #define _REENTRANT 1
| #define THREAD_LOCAL_ALLOC 1
| #define STDC_HEADERS 1
| #define HAVE_SYS_TYPES_H 1
| #define HAVE_SYS_STAT_H 1
| #define HAVE_STDLIB_H 1
| #define HAVE_STRING_H 1
| #define HAVE_MEMORY_H 1
| #define HAVE_STRINGS_H 1
| #define HAVE_INTTYPES_H 1
| #define HAVE_STDINT_H 1
| #define HAVE_UNISTD_H 1
| #define HAVE_DLFCN_H 1
| #define NO_EXECUTE_PERMISSION 1
| #define ALL_INTERIOR_POINTERS 1
| #define GC_GCJ_SUPPORT 1
| #define JAVA_FINALIZATION 1
| #define ATOMIC_UNCOLLECTABLE 1
| /* end confdefs.h.  */
| #include <atomic_ops.h>
configure:21811: result: no
configure:21844: checking for atomic_ops.h
configure:21851: result: no
configure:21879: Using internal version of libatomic_ops
configure:22159: creating ./config.status

## ---------------------- ##
## Running config.status. ##
## ---------------------- ##

This file was extended by gc config.status 7.0, which was
generated by GNU Autoconf 2.61.  Invocation command line was

  CONFIG_FILES    = 
  CONFIG_HEADERS  = 
  CONFIG_LINKS    = 
  CONFIG_COMMANDS = 
  $ ./config.status 

on ajisai00

config.status:691: creating Makefile
config.status:691: creating bdw-gc.pc
config.status:876: executing depfiles commands
config.status:876: executing default commands
configure:23387: === configuring in libatomic_ops (/home/yamamori/work/programs/MD_pep/lib/gc-7.0/libatomic_ops)
configure:23490: running /bin/sh ./configure '--prefix=/usr/local'  --cache-file=/dev/null --srcdir=.

## ---------------- ##
## Cache variables. ##
## ---------------- ##

ac_cv_build=x86_64-unknown-linux-gnu
ac_cv_c_compiler_gnu=yes
ac_cv_cxx_compiler_gnu=yes
ac_cv_env_CCASFLAGS_set=
ac_cv_env_CCASFLAGS_value=
ac_cv_env_CCAS_set=
ac_cv_env_CCAS_value=
ac_cv_env_CCC_set=
ac_cv_env_CCC_value=
ac_cv_env_CC_set=
ac_cv_env_CC_value=
ac_cv_env_CFLAGS_set=
ac_cv_env_CFLAGS_value=
ac_cv_env_CPPFLAGS_set=
ac_cv_env_CPPFLAGS_value=
ac_cv_env_CPP_set=
ac_cv_env_CPP_value=
ac_cv_env_CXXCPP_set=
ac_cv_env_CXXCPP_value=
ac_cv_env_CXXFLAGS_set=
ac_cv_env_CXXFLAGS_value=
ac_cv_env_CXX_set=
ac_cv_env_CXX_value=
ac_cv_env_F77_set=
ac_cv_env_F77_value=
ac_cv_env_FFLAGS_set=
ac_cv_env_FFLAGS_value=
ac_cv_env_LDFLAGS_set=
ac_cv_env_LDFLAGS_value=
ac_cv_env_LIBS_set=
ac_cv_env_LIBS_value=
ac_cv_env_build_alias_set=
ac_cv_env_build_alias_value=
ac_cv_env_host_alias_set=
ac_cv_env_host_alias_value=
ac_cv_env_target_alias_set=
ac_cv_env_target_alias_value=
ac_cv_f77_compiler_gnu=yes
ac_cv_header_atomic_ops_h=no
ac_cv_header_dlfcn_h=yes
ac_cv_header_inttypes_h=yes
ac_cv_header_memory_h=yes
ac_cv_header_stdc=yes
ac_cv_header_stdint_h=yes
ac_cv_header_stdlib_h=yes
ac_cv_header_string_h=yes
ac_cv_header_strings_h=yes
ac_cv_header_sys_dg_sys_info_h=no
ac_cv_header_sys_stat_h=yes
ac_cv_header_sys_types_h=yes
ac_cv_header_unistd_h=yes
ac_cv_host=x86_64-unknown-linux-gnu
ac_cv_lib_dl_dlopen=yes
ac_cv_objext=o
ac_cv_path_EGREP='/bin/grep -E'
ac_cv_path_GREP=/bin/grep
ac_cv_path_install='/usr/bin/install -c'
ac_cv_prog_AWK=gawk
ac_cv_prog_CPP='gcc -E'
ac_cv_prog_CXXCPP='g++ -E'
ac_cv_prog_ac_ct_AR=ar
ac_cv_prog_ac_ct_CC=gcc
ac_cv_prog_ac_ct_CXX=g++
ac_cv_prog_ac_ct_F77=g77
ac_cv_prog_ac_ct_RANLIB=ranlib
ac_cv_prog_ac_ct_STRIP=strip
ac_cv_prog_cc_c89=
ac_cv_prog_cc_g=yes
ac_cv_prog_cc_gcc_c_o=yes
ac_cv_prog_cxx_g=yes
ac_cv_prog_f77_g=yes
ac_cv_prog_make_make_set=yes
ac_cv_target=x86_64-unknown-linux-gnu
am_cv_CC_dependencies_compiler_type=gcc3
am_cv_CXX_dependencies_compiler_type=gcc3
lt_cv_deplibs_check_method=pass_all
lt_cv_file_magic_cmd='$MAGIC_CMD'
lt_cv_file_magic_test_file=
lt_cv_ld_reload_flag=-r
lt_cv_objdir=.libs
lt_cv_path_LD=/usr/bin/ld
lt_cv_path_LDCXX='/usr/bin/ld -m elf_x86_64'
lt_cv_path_NM='/usr/bin/nm -B'
lt_cv_path_SED=/bin/sed
lt_cv_prog_compiler_c_o=yes
lt_cv_prog_compiler_c_o_CXX=yes
lt_cv_prog_compiler_c_o_F77=yes
lt_cv_prog_compiler_rtti_exceptions=no
lt_cv_prog_gnu_ld=yes
lt_cv_prog_gnu_ldcxx=yes
lt_cv_sys_global_symbol_pipe='sed -n -e '\''s/^.*[ 	]\([ABCDGIRSTW][ABCDGIRSTW]*\)[ 	][ 	]*\([_A-Za-z][_A-Za-z0-9]*\)$/\1 \2 \2/p'\'''
lt_cv_sys_global_symbol_to_c_name_address='sed -n -e '\''s/^: \([^ ]*\) $/  {\"\1\", (lt_ptr) 0},/p'\'' -e '\''s/^[BCDEGRST] \([^ ]*\) \([^ ]*\)$/  {"\2", (lt_ptr) \&\2},/p'\'''
lt_cv_sys_global_symbol_to_cdecl='sed -n -e '\''s/^. .* \(.*\)$/extern int \1;/p'\'''
lt_cv_sys_max_cmd_len=32768
lt_lt_cv_prog_compiler_c_o='"yes"'
lt_lt_cv_prog_compiler_c_o_CXX='"yes"'
lt_lt_cv_prog_compiler_c_o_F77='"yes"'
lt_lt_cv_sys_global_symbol_pipe='"sed -n -e '\''s/^.*[ 	]\\([ABCDGIRSTW][ABCDGIRSTW]*\\)[ 	][ 	]*\\([_A-Za-z][_A-Za-z0-9]*\\)\$/\\1 \\2 \\2/p'\''"'
lt_lt_cv_sys_global_symbol_to_c_name_address='"sed -n -e '\''s/^: \\([^ ]*\\) \$/  {\\\"\\1\\\", (lt_ptr) 0},/p'\'' -e '\''s/^[BCDEGRST] \\([^ ]*\\) \\([^ ]*\\)\$/  {\"\\2\", (lt_ptr) \\&\\2},/p'\''"'
lt_lt_cv_sys_global_symbol_to_cdecl='"sed -n -e '\''s/^. .* \\(.*\\)\$/extern int \\1;/p'\''"'

## ----------------- ##
## Output variables. ##
## ----------------- ##

ACLOCAL='${SHELL} /home/yamamori/work/programs/MD_pep/lib/gc-7.0/missing --run aclocal-1.9'
AMDEPBACKSLASH='\'
AMDEP_FALSE='#'
AMDEP_TRUE=''
AMTAR='${SHELL} /home/yamamori/work/programs/MD_pep/lib/gc-7.0/missing --run tar'
AR='ar'
AUTOCONF='${SHELL} /home/yamamori/work/programs/MD_pep/lib/gc-7.0/missing --run autoconf'
AUTOHEADER='${SHELL} /home/yamamori/work/programs/MD_pep/lib/gc-7.0/missing --run autoheader'
AUTOMAKE='${SHELL} /home/yamamori/work/programs/MD_pep/lib/gc-7.0/missing --run automake-1.9'
AWK='gawk'
CC='gcc'
CCAS='gcc'
CCASFLAGS='-g -O2'
CCDEPMODE='depmode=gcc3'
CFLAGS='-g -O2'
COMPILER_XLC_FALSE=''
COMPILER_XLC_TRUE='#'
CPLUSPLUS_FALSE=''
CPLUSPLUS_TRUE='#'
CPP='gcc -E'
CPPFLAGS=''
CXX='g++'
CXXCPP='g++ -E'
CXXDEPMODE='depmode=gcc3'
CXXFLAGS='-g -O2'
CXXINCLUDES=''
CYGPATH_W='echo'
DARWIN_THREADS_FALSE=''
DARWIN_THREADS_TRUE='#'
DEFS='-DPACKAGE_NAME=\"gc\" -DPACKAGE_TARNAME=\"gc\" -DPACKAGE_VERSION=\"7.0\" -DPACKAGE_STRING=\"gc\ 7.0\" -DPACKAGE_BUGREPORT=\"Hans.Boehm@hp.com\" -DGC_VERSION_MAJOR=7 -DGC_VERSION_MINOR=0 -DPACKAGE=\"gc\" -DVERSION=\"7.0\" -DGC_LINUX_THREADS=1 -D_REENTRANT=1 -DTHREAD_LOCAL_ALLOC=1 -DSTDC_HEADERS=1 -DHAVE_SYS_TYPES_H=1 -DHAVE_SYS_STAT_H=1 -DHAVE_STDLIB_H=1 -DHAVE_STRING_H=1 -DHAVE_MEMORY_H=1 -DHAVE_STRINGS_H=1 -DHAVE_INTTYPES_H=1 -DHAVE_STDINT_H=1 -DHAVE_UNISTD_H=1 -DHAVE_DLFCN_H=1 -DNO_EXECUTE_PERMISSION=1 -DALL_INTERIOR_POINTERS=1 -DGC_GCJ_SUPPORT=1 -DJAVA_FINALIZATION=1 -DATOMIC_UNCOLLECTABLE=1'
DEPDIR='.deps'
ECHO='echo'
ECHO_C=''
ECHO_N='-n'
ECHO_T=''
EGREP='/bin/grep -E'
ENABLE_GCJ_SUPPORT_FALSE='#'
ENABLE_GCJ_SUPPORT_TRUE=''
EXEEXT=''
EXTRA_TEST_LIBS=''
F77='g77'
FFLAGS='-g -O2'
GC_CFLAGS=' -fexceptions -I $(top_srcdir)/libatomic_ops/src'
GC_VERSION=''
GREP='/bin/grep'
INCLUDES='-I./include'
INSTALL_DATA='${INSTALL} -m 644'
INSTALL_PROGRAM='${INSTALL}'
INSTALL_SCRIPT='${INSTALL}'
INSTALL_STRIP_PROGRAM='${SHELL} $(install_sh) -c -s'
LDFLAGS=''
LIBOBJS=''
LIBS=''
LIBTOOL='$(SHELL) $(top_builddir)/libtool'
LN_S='ln -s'
LTLIBOBJS=''
MAINT='#'
MAINTAINER_MODE_FALSE=''
MAINTAINER_MODE_TRUE='#'
MAKEINFO='${SHELL} /home/yamamori/work/programs/MD_pep/lib/gc-7.0/missing --run makeinfo'
NEED_ATOMIC_OPS_ASM_FALSE=''
NEED_ATOMIC_OPS_ASM_TRUE='#'
OBJEXT='o'
PACKAGE='gc'
PACKAGE_BUGREPORT='Hans.Boehm@hp.com'
PACKAGE_NAME='gc'
PACKAGE_STRING='gc 7.0'
PACKAGE_TARNAME='gc'
PACKAGE_VERSION='7.0'
PATH_SEPARATOR=':'
PTHREADS_FALSE='#'
PTHREADS_TRUE=''
RANLIB='ranlib'
SET_MAKE=''
SHELL='/bin/sh'
STRIP='strip'
THREADDLLIBS='-lpthread -ldl'
THREADS_FALSE='#'
THREADS_TRUE=''
UNWINDLIBS=''
USE_INTERNAL_LIBATOMIC_OPS_FALSE='#'
USE_INTERNAL_LIBATOMIC_OPS_TRUE=''
USE_LIBDIR_FALSE='#'
USE_LIBDIR_TRUE=''
VERSION='7.0'
WIN32_THREADS_FALSE=''
WIN32_THREADS_TRUE='#'
ac_ct_CC='gcc'
ac_ct_CXX='g++'
ac_ct_F77='g77'
addlibs=''
addobjs=' mach_dep.lo'
am__fastdepCC_FALSE='#'
am__fastdepCC_TRUE=''
am__fastdepCXX_FALSE='#'
am__fastdepCXX_TRUE=''
am__include='include'
am__leading_dot='.'
am__quote=''
am__tar='${AMTAR} chof - "$$tardir"'
am__untar='${AMTAR} xf -'
atomic_ops_libs='-latomic_ops'
bindir='${exec_prefix}/bin'
build='x86_64-unknown-linux-gnu'
build_alias=''
build_cpu='x86_64'
build_os='linux-gnu'
build_vendor='unknown'
datadir='${datarootdir}'
datarootdir='${prefix}/share'
docdir='${datarootdir}/doc/${PACKAGE_TARNAME}'
dvidir='${docdir}'
exec_prefix='${prefix}'
extra_ldflags_libgc=''
host='x86_64-unknown-linux-gnu'
host_alias=''
host_cpu='x86_64'
host_os='linux-gnu'
host_vendor='unknown'
htmldir='${docdir}'
includedir='${prefix}/include'
infodir='${datarootdir}/info'
install_sh='/home/yamamori/work/programs/MD_pep/lib/gc-7.0/install-sh'
libdir='${exec_prefix}/lib'
libexecdir='${exec_prefix}/libexec'
localedir='${datarootdir}/locale'
localstatedir='${prefix}/var'
mandir='${datarootdir}/man'
mkdir_p='mkdir -p --'
oldincludedir='/usr/include'
pdfdir='${docdir}'
prefix='/usr/local'
program_transform_name='s,x,x,'
psdir='${docdir}'
sbindir='${exec_prefix}/sbin'
sharedstatedir='${prefix}/com'
subdirs=' libatomic_ops'
sysconfdir='${prefix}/etc'
target='x86_64-unknown-linux-gnu'
target_alias=''
target_all='libgc.la'
target_cpu='x86_64'
target_os='linux-gnu'
target_vendor='unknown'

## ----------- ##
## confdefs.h. ##
## ----------- ##

#define PACKAGE_NAME "gc"
#define PACKAGE_TARNAME "gc"
#define PACKAGE_VERSION "7.0"
#define PACKAGE_STRING "gc 7.0"
#define PACKAGE_BUGREPORT "Hans.Boehm@hp.com"
#define GC_VERSION_MAJOR 7
#define GC_VERSION_MINOR 0
#define PACKAGE "gc"
#define VERSION "7.0"
#define GC_LINUX_THREADS 1
#define _REENTRANT 1
#define THREAD_LOCAL_ALLOC 1
#define STDC_HEADERS 1
#define HAVE_SYS_TYPES_H 1
#define HAVE_SYS_STAT_H 1
#define HAVE_STDLIB_H 1
#define HAVE_STRING_H 1
#define HAVE_MEMORY_H 1
#define HAVE_STRINGS_H 1
#define HAVE_INTTYPES_H 1
#define HAVE_STDINT_H 1
#define HAVE_UNISTD_H 1
#define HAVE_DLFCN_H 1
#define NO_EXECUTE_PERMISSION 1
#define ALL_INTERIOR_POINTERS 1
#define GC_GCJ_SUPPORT 1
#define JAVA_FINALIZATION 1
#define ATOMIC_UNCOLLECTABLE 1

configure: exit 0
