This file contains any messages produced by compilers while
running configure, to aid debugging if configure makes a mistake.

It was created by netCDF configure 4.3.0, which was
generated by GNU Autoconf 2.69.  Invocation command line was

  $ ./configure --prefix=/home/yamamori/work/programs/MD_pep --enable-shared --disable-netcdf-4 --disable-dap

## --------- ##
## Platform. ##
## --------- ##

hostname = ajisai00
uname -m = x86_64
uname -r = 2.6.18-194.32.1.el5
uname -s = Linux
uname -v = #1 SMP Wed Jan 5 17:52:25 EST 2011

/usr/bin/uname -p = unknown
/bin/uname -X     = unknown

/bin/arch              = x86_64
/usr/bin/arch -k       = unknown
/usr/convex/getsysinfo = unknown
/usr/bin/hostinfo      = unknown
/bin/machine           = unknown
/usr/bin/oslevel       = unknown
/bin/universe          = unknown

PATH: /home/yamamori/local/bin
PATH: /home/yamamori/bin
PATH: /home/yamamori/local/bin
PATH: /home/yamamori/bin
PATH: /home/yamamori/local/bin
PATH: /home/yamamori/bin
PATH: /home/sge/bin/lx24-amd64
PATH: /opt/intel/Compiler/11.0/083/bin/intel64
PATH: /opt/intel/Compiler/11.0/083/bin/intel64
PATH: /opt/intel/impi/3.2.1.009/bin64
PATH: /home/sge/bin/lx24-amd64
PATH: /opt/intel/Compiler/11.0/083/bin/intel64
PATH: /opt/intel/Compiler/11.0/083/bin/intel64
PATH: /opt/intel/impi/3.2.1.009/bin64
PATH: /home/sge/bin/lx24-amd64
PATH: /usr/lib64/qt-3.3/bin
PATH: /opt/intel/Compiler/11.0/083/bin/intel64
PATH: /opt/intel/Compiler/11.0/083/bin/intel64
PATH: /usr/local/bin
PATH: /bin
PATH: /usr/bin
PATH: /home/yamamori/bin
PATH: /home/shun/usr/bin/
PATH: /home/Ryuhei/software/R-2.91/bin/R
PATH: /home/software/LAPACK
PATH: /home/software/BLAS
PATH: /home/software/numpy-1.6.0/numpy
PATH: /home/software/numpy-1.6.0/build
PATH: /home/software/numpy-1.6.0/
PATH: /home/yamamori/lib/python2.7/site-packages/numpy/core/lib
PATH: /home/yamamori/mybin/
PATH: /home/yamamori//home/yamamori/work/scripts/gnuplot
PATH: /home/shun/usr/bin/
PATH: /home/Ryuhei/software/R-2.91/bin/R
PATH: /home/software/LAPACK
PATH: /home/software/BLAS
PATH: /home/software/numpy-1.6.0/numpy
PATH: /home/software/numpy-1.6.0/build
PATH: /home/software/numpy-1.6.0/
PATH: /home/yamamori/lib/python2.7/site-packages/numpy/core/lib
PATH: /home/yamamori/mybin/
PATH: /home/yamamori//home/yamamori/work/scripts/gnuplot
PATH: /home/shun/usr/bin/
PATH: /home/Ryuhei/software/R-2.91/bin/R
PATH: /home/software/LAPACK
PATH: /home/software/BLAS
PATH: /home/software/numpy-1.6.0/numpy
PATH: /home/software/numpy-1.6.0/build
PATH: /home/software/numpy-1.6.0/
PATH: /home/yamamori/lib/python2.7/site-packages/numpy/core/lib
PATH: /home/yamamori/mybin/
PATH: /home/yamamori//home/yamamori/work/scripts/gnuplot


## ----------- ##
## Core tests. ##
## ----------- ##

configure:2753: netCDF 4.3.0
configure:2793: checking build system type
configure:2807: result: x86_64-unknown-linux-gnu
configure:2827: checking host system type
configure:2840: result: x86_64-unknown-linux-gnu
configure:2862: checking target system type
configure:2875: result: x86_64-unknown-linux-gnu
configure:2922: checking for a BSD-compatible install
configure:2990: result: /usr/bin/install -c
configure:3001: checking whether build environment is sane
configure:3051: result: yes
configure:3192: checking for a thread-safe mkdir -p
configure:3231: result: /bin/mkdir -p
configure:3244: checking for gawk
configure:3260: found /bin/gawk
configure:3271: result: gawk
configure:3282: checking whether make sets $(MAKE)
configure:3304: result: yes
configure:3388: checking user options
configure:3393: checking whether a win32 DLL is desired
configure:3401: result: no
configure:3421: checking whether a NCIO_MINBLOCKSIZE was specified
configure:3431: result: 256
configure:3463: checking if fsync support is enabled
configure:3473: result: no
configure:3482: checking whether extra valgrind tests should be run
configure:3490: result: no
configure:3494: checking whether we should try to build netCDF-4
configure:3502: result: no
configure:3517: checking whether reading of HDF4 SD files is to be enabled
configure:3525: result: no
configure:3529: checking whether to fetch some sample HDF4 files from Unidata ftp site to test HDF4 reading (requires wget)
configure:3542: result: no
configure:3546: checking whether parallel I/O for classic and 64-bit offset files using parallel-netcdf is to be enabled
configure:3554: result: no
configure:3558: checking whether extra example tests should be run
configure:3566: result: no
configure:3570: checking whether parallel IO tests should be run
configure:3578: result: no
configure:3582: checking whether a default chunk size in bytes was specified
configure:3592: result: 4194304
configure:3601: checking whether a maximum per-variable cache size for HDF5 was specified
configure:3611: result: 67108864
configure:3620: checking whether a number of chunks for the default per-variable cache was specified
configure:3630: result: 10
configure:3639: checking whether a default file cache size for HDF5 was specified
configure:3649: result: 4194304
configure:3658: checking whether a default file cache maximum number of elements for HDF5 was specified
configure:3668: result: 1009
configure:3677: checking whether a default cache preemption for HDF5 was specified
configure:3687: result: 0.75
configure:3696: checking whether netCDF-4 logging is enabled
configure:3704: result: no
configure:3708: checking whether cdmremote client is to be built
configure:3718: result: no
configure:3722: checking whether DAP client is to be built
configure:3730: result: no
configure:3767: checking for style of include used by make
configure:3795: result: GNU
configure:3866: checking for gcc
configure:3882: found /usr/bin/gcc
configure:3893: result: gcc
configure:4122: checking for C compiler version
configure:4131: gcc --version >&5
gcc (GCC) 4.1.2 20080704 (Red Hat 4.1.2-48)
Copyright (C) 2006 Free Software Foundation, Inc.
This is free software; see the source for copying conditions.  There is NO
warranty; not even for MERCHANTABILITY or FITNESS FOR A PARTICULAR PURPOSE.

configure:4142: $? = 0
configure:4131: gcc -v >&5
Using built-in specs.
Target: x86_64-redhat-linux
Configured with: ../configure --prefix=/usr --mandir=/usr/share/man --infodir=/usr/share/info --enable-shared --enable-threads=posix --enable-checking=release --with-system-zlib --enable-__cxa_atexit --disable-libunwind-exceptions --enable-libgcj-multifile --enable-languages=c,c++,objc,obj-c++,java,fortran,ada --enable-java-awt=gtk --disable-dssi --enable-plugin --with-java-home=/usr/lib/jvm/java-1.4.2-gcj-1.4.2.0/jre --with-cpu=generic --host=x86_64-redhat-linux
Thread model: posix
gcc version 4.1.2 20080704 (Red Hat 4.1.2-48)
configure:4142: $? = 0
configure:4131: gcc -V >&5
gcc: '-V' option must have argument
configure:4142: $? = 1
configure:4131: gcc -qversion >&5
gcc: unrecognized option '-qversion'
gcc: no input files
configure:4142: $? = 1
configure:4162: checking whether the C compiler works
configure:4184: gcc    conftest.c  >&5
configure:4188: $? = 0
configure:4236: result: yes
configure:4239: checking for C compiler default output file name
configure:4241: result: a.out
configure:4247: checking for suffix of executables
configure:4254: gcc -o conftest    conftest.c  >&5
configure:4258: $? = 0
configure:4280: result: 
configure:4302: checking whether we are cross compiling
configure:4310: gcc -o conftest    conftest.c  >&5
configure:4314: $? = 0
configure:4321: ./conftest
configure:4325: $? = 0
configure:4340: result: no
configure:4345: checking for suffix of object files
configure:4367: gcc -c   conftest.c >&5
configure:4371: $? = 0
configure:4392: result: o
configure:4396: checking whether we are using the GNU C compiler
configure:4415: gcc -c   conftest.c >&5
configure:4415: $? = 0
configure:4424: result: yes
configure:4433: checking whether gcc accepts -g
configure:4453: gcc -c -g  conftest.c >&5
configure:4453: $? = 0
configure:4494: result: yes
configure:4511: checking for gcc option to accept ISO C89
configure:4574: gcc  -c -g -O2  conftest.c >&5
configure:4574: $? = 0
configure:4587: result: none needed
configure:4609: checking dependency style of gcc
configure:4720: result: gcc3
configure:4736: checking for curl_easy_setopt in -lcurl
configure:4761: gcc -o conftest -g -O2   conftest.c -lcurl   >&5
configure:4761: $? = 0
configure:4770: result: yes
configure:4854: checking whether dap remote testing should be enabled (default on)
configure:4865: result: no
configure:4869: checking whether netcdf4 group names should be enabled (default on)
configure:4878: dap groups disabled because dap disabled or netcdf-4 disabled
configure:4882: result: no
configure:4918: checking whether the time-consuming dap tests should be enabled (default off)
configure:4929: result: no
configure:4942: checking whether netCDF extra tests should be run (developers only)
configure:4950: result: no
configure:4967: checking whether FFIO will be used
configure:4975: result: no
configure:5001: checking whether examples should be built
configure:5009: result: yes
configure:5021: checking whether v2 netCDF API should be built
configure:5029: result: yes
configure:5048: checking whether the ncgen/ncdump/nccopy should be built
configure:5057: result: yes
configure:5069: checking whether test should be built and run
configure:5078: result: yes
configure:5090: checking whether large file (> 2GB) tests should be run
configure:5098: result: no
configure:5115: checking whether benchmaks should be run (experimental)
configure:5123: result: no
configure:5135: checking whether extreme numbers should be used in tests
configure:5150: result: yes
configure:5162: checking where to put large temp files if large file tests are run
configure:5171: result: .
configure:5186: finding C compiler
configure:5237: checking for gcc
configure:5264: result: gcc
configure:5493: checking for C compiler version
configure:5502: gcc --version >&5
gcc (GCC) 4.1.2 20080704 (Red Hat 4.1.2-48)
Copyright (C) 2006 Free Software Foundation, Inc.
This is free software; see the source for copying conditions.  There is NO
warranty; not even for MERCHANTABILITY or FITNESS FOR A PARTICULAR PURPOSE.

configure:5513: $? = 0
configure:5502: gcc -v >&5
Using built-in specs.
Target: x86_64-redhat-linux
Configured with: ../configure --prefix=/usr --mandir=/usr/share/man --infodir=/usr/share/info --enable-shared --enable-threads=posix --enable-checking=release --with-system-zlib --enable-__cxa_atexit --disable-libunwind-exceptions --enable-libgcj-multifile --enable-languages=c,c++,objc,obj-c++,java,fortran,ada --enable-java-awt=gtk --disable-dssi --enable-plugin --with-java-home=/usr/lib/jvm/java-1.4.2-gcj-1.4.2.0/jre --with-cpu=generic --host=x86_64-redhat-linux
Thread model: posix
gcc version 4.1.2 20080704 (Red Hat 4.1.2-48)
configure:5513: $? = 0
configure:5502: gcc -V >&5
gcc: '-V' option must have argument
configure:5513: $? = 1
configure:5502: gcc -qversion >&5
gcc: unrecognized option '-qversion'
gcc: no input files
configure:5513: $? = 1
configure:5517: checking whether we are using the GNU C compiler
configure:5545: result: yes
configure:5554: checking whether gcc accepts -g
configure:5615: result: yes
configure:5632: checking for gcc option to accept ISO C89
configure:5708: result: none needed
configure:5730: checking dependency style of gcc
configure:5841: result: gcc3
configure:5857: checking whether gcc and cc understand -c and -o together
configure:5888: gcc -c conftest.c -o conftest2.o >&5
configure:5892: $? = 0
configure:5898: gcc -c conftest.c -o conftest2.o >&5
configure:5902: $? = 0
configure:5913: cc -c conftest.c >&5
configure:5917: $? = 0
configure:5925: cc -c conftest.c -o conftest2.o >&5
configure:5929: $? = 0
configure:5935: cc -c conftest.c -o conftest2.o >&5
configure:5939: $? = 0
configure:5957: result: yes
configure:5982: checking for an ANSI C-conforming const
configure:6048: gcc -c -g -O2  conftest.c >&5
configure:6048: $? = 0
configure:6055: result: yes
configure:6080: gcc -c   conftest.c >&5
conftest.c: In function 'main':
conftest.c:24: error: 'CURLOPT_KEYPASSWD' undeclared (first use in this function)
conftest.c:24: error: (Each undeclared identifier is reported only once
conftest.c:24: error: for each function it appears in.)
configure:6080: $? = 1
configure: failed program was:
| /* confdefs.h */
| #define PACKAGE_NAME "netCDF"
| #define PACKAGE_TARNAME "netcdf"
| #define PACKAGE_VERSION "4.3.0"
| #define PACKAGE_STRING "netCDF 4.3.0"
| #define PACKAGE_BUGREPORT "support-netcdf@unidata.ucar.edu"
| #define PACKAGE_URL ""
| #define PACKAGE "netcdf"
| #define VERSION "4.3.0"
| #define NCIO_MINBLOCKSIZE 256
| #define DEFAULT_CHUNK_SIZE 4194304
| #define MAX_DEFAULT_CACHE_SIZE 67108864
| #define DEFAULT_CHUNKS_IN_CACHE 10
| #define CHUNK_CACHE_SIZE 4194304
| #define CHUNK_CACHE_NELEMS 1009
| #define CHUNK_CACHE_PREEMPTION 0.75
| #define USE_EXTREME_NUMBERS 1
| #define TEMP_LARGE "."
| /* end confdefs.h.  */
| #include "curl/curl.h"
| int
| main ()
| {
| int x = CURLOPT_KEYPASSWD;
|   ;
|   return 0;
| }
configure:6086: checking whether a CURLOPT_KEYPASSWD is defined
configure:6088: result: no
configure:6098: setting up libtool
configure:6147: checking how to print strings
configure:6174: result: printf
configure:6195: checking for a sed that does not truncate output
configure:6259: result: /bin/sed
configure:6277: checking for grep that handles long lines and -e
configure:6335: result: /bin/grep
configure:6340: checking for egrep
configure:6402: result: /bin/grep -E
configure:6407: checking for fgrep
configure:6469: result: /bin/grep -F
configure:6504: checking for ld used by gcc
configure:6571: result: /usr/bin/ld
configure:6578: checking if the linker (/usr/bin/ld) is GNU ld
configure:6593: result: yes
configure:6605: checking for BSD- or MS-compatible name lister (nm)
configure:6654: result: /usr/bin/nm -B
configure:6784: checking the name lister (/usr/bin/nm -B) interface
configure:6791: gcc -c -g -O2  conftest.c >&5
configure:6794: /usr/bin/nm -B "conftest.o"
configure:6797: output
0000000000000000 B some_variable
configure:6804: result: BSD nm
configure:6807: checking whether ln -s works
configure:6811: result: yes
configure:6819: checking the maximum length of command line arguments
configure:6950: result: 98304
configure:6967: checking whether the shell understands some XSI constructs
configure:6977: result: yes
configure:6981: checking whether the shell understands "+="
configure:6987: result: yes
configure:7022: checking how to convert x86_64-unknown-linux-gnu file names to x86_64-unknown-linux-gnu format
configure:7062: result: func_convert_file_noop
configure:7069: checking how to convert x86_64-unknown-linux-gnu file names to toolchain format
configure:7089: result: func_convert_file_noop
configure:7096: checking for /usr/bin/ld option to reload object files
configure:7103: result: -r
configure:7177: checking for objdump
configure:7193: found /usr/bin/objdump
configure:7204: result: objdump
configure:7233: checking how to recognize dependent libraries
configure:7431: result: pass_all
configure:7516: checking for dlltool
configure:7546: result: no
configure:7573: checking how to associate runtime and link libraries
configure:7600: result: printf %s\n
configure:7660: checking for ar
configure:7676: found /usr/bin/ar
configure:7687: result: ar
configure:7724: checking for archiver @FILE support
configure:7741: gcc -c -g -O2  conftest.c >&5
configure:7741: $? = 0
configure:7744: ar cru libconftest.a @conftest.lst >&5
configure:7747: $? = 0
configure:7752: ar cru libconftest.a @conftest.lst >&5
ar: conftest.o: No such file or directory
configure:7755: $? = 1
configure:7767: result: @
configure:7825: checking for strip
configure:7841: found /usr/bin/strip
configure:7852: result: strip
configure:7924: checking for ranlib
configure:7940: found /usr/bin/ranlib
configure:7951: result: ranlib
configure:8053: checking command to parse /usr/bin/nm -B output from gcc object
configure:8173: gcc -c -g -O2  conftest.c >&5
configure:8176: $? = 0
configure:8180: /usr/bin/nm -B conftest.o \| sed -n -e 's/^.*[ ]\([ABCDGIRSTW][ABCDGIRSTW]*\)[ ][ ]*\([_A-Za-z][_A-Za-z0-9]*\)$/\1 \2 \2/p' | sed '/ __gnu_lto/d' \> conftest.nm
configure:8183: $? = 0
configure:8249: gcc -o conftest -g -O2   conftest.c conftstm.o >&5
configure:8252: $? = 0
configure:8290: result: ok
configure:8327: checking for sysroot
configure:8357: result: no
configure:8434: gcc -c -g -O2  conftest.c >&5
configure:8437: $? = 0
configure:8620: checking for mt
configure:8636: found /bin/mt
configure:8647: result: mt
configure:8670: checking if mt is a manifest tool
configure:8676: mt '-?'
usage: mt [-v] [--version] [-h] [ -f device ] command [ count ]
configure:8684: result: no
configure:9326: checking how to run the C preprocessor
configure:9357: gcc -E  conftest.c
configure:9357: $? = 0
configure:9371: gcc -E  conftest.c
conftest.c:20:28: error: ac_nonexistent.h: No such file or directory
configure:9371: $? = 1
configure: failed program was:
| /* confdefs.h */
| #define PACKAGE_NAME "netCDF"
| #define PACKAGE_TARNAME "netcdf"
| #define PACKAGE_VERSION "4.3.0"
| #define PACKAGE_STRING "netCDF 4.3.0"
| #define PACKAGE_BUGREPORT "support-netcdf@unidata.ucar.edu"
| #define PACKAGE_URL ""
| #define PACKAGE "netcdf"
| #define VERSION "4.3.0"
| #define NCIO_MINBLOCKSIZE 256
| #define DEFAULT_CHUNK_SIZE 4194304
| #define MAX_DEFAULT_CACHE_SIZE 67108864
| #define DEFAULT_CHUNKS_IN_CACHE 10
| #define CHUNK_CACHE_SIZE 4194304
| #define CHUNK_CACHE_NELEMS 1009
| #define CHUNK_CACHE_PREEMPTION 0.75
| #define USE_EXTREME_NUMBERS 1
| #define TEMP_LARGE "."
| /* end confdefs.h.  */
| #include <ac_nonexistent.h>
configure:9396: result: gcc -E
configure:9416: gcc -E  conftest.c
configure:9416: $? = 0
configure:9430: gcc -E  conftest.c
conftest.c:20:28: error: ac_nonexistent.h: No such file or directory
configure:9430: $? = 1
configure: failed program was:
| /* confdefs.h */
| #define PACKAGE_NAME "netCDF"
| #define PACKAGE_TARNAME "netcdf"
| #define PACKAGE_VERSION "4.3.0"
| #define PACKAGE_STRING "netCDF 4.3.0"
| #define PACKAGE_BUGREPORT "support-netcdf@unidata.ucar.edu"
| #define PACKAGE_URL ""
| #define PACKAGE "netcdf"
| #define VERSION "4.3.0"
| #define NCIO_MINBLOCKSIZE 256
| #define DEFAULT_CHUNK_SIZE 4194304
| #define MAX_DEFAULT_CACHE_SIZE 67108864
| #define DEFAULT_CHUNKS_IN_CACHE 10
| #define CHUNK_CACHE_SIZE 4194304
| #define CHUNK_CACHE_NELEMS 1009
| #define CHUNK_CACHE_PREEMPTION 0.75
| #define USE_EXTREME_NUMBERS 1
| #define TEMP_LARGE "."
| /* end confdefs.h.  */
| #include <ac_nonexistent.h>
configure:9459: checking for ANSI C header files
configure:9479: gcc -c -g -O2  conftest.c >&5
configure:9479: $? = 0
configure:9552: gcc -o conftest -g -O2   conftest.c  >&5
configure:9552: $? = 0
configure:9552: ./conftest
configure:9552: $? = 0
configure:9563: result: yes
configure:9576: checking for sys/types.h
configure:9576: gcc -c -g -O2  conftest.c >&5
configure:9576: $? = 0
configure:9576: result: yes
configure:9576: checking for sys/stat.h
configure:9576: gcc -c -g -O2  conftest.c >&5
configure:9576: $? = 0
configure:9576: result: yes
configure:9576: checking for stdlib.h
configure:9576: gcc -c -g -O2  conftest.c >&5
configure:9576: $? = 0
configure:9576: result: yes
configure:9576: checking for string.h
configure:9576: gcc -c -g -O2  conftest.c >&5
configure:9576: $? = 0
configure:9576: result: yes
configure:9576: checking for memory.h
configure:9576: gcc -c -g -O2  conftest.c >&5
configure:9576: $? = 0
configure:9576: result: yes
configure:9576: checking for strings.h
configure:9576: gcc -c -g -O2  conftest.c >&5
configure:9576: $? = 0
configure:9576: result: yes
configure:9576: checking for inttypes.h
configure:9576: gcc -c -g -O2  conftest.c >&5
configure:9576: $? = 0
configure:9576: result: yes
configure:9576: checking for stdint.h
configure:9576: gcc -c -g -O2  conftest.c >&5
configure:9576: $? = 0
configure:9576: result: yes
configure:9576: checking for unistd.h
configure:9576: gcc -c -g -O2  conftest.c >&5
configure:9576: $? = 0
configure:9576: result: yes
configure:9590: checking for dlfcn.h
configure:9590: gcc -c -g -O2  conftest.c >&5
configure:9590: $? = 0
configure:9590: result: yes
configure:10094: checking for objdir
configure:10109: result: .libs
configure:10380: checking if gcc supports -fno-rtti -fno-exceptions
configure:10398: gcc -c -g -O2  -fno-rtti -fno-exceptions conftest.c >&5
cc1: warning: command line option "-fno-rtti" is valid for C++/ObjC++ but not for C
configure:10402: $? = 0
configure:10415: result: no
configure:10742: checking for gcc option to produce PIC
configure:10749: result: -fPIC -DPIC
configure:10757: checking if gcc PIC flag -fPIC -DPIC works
configure:10775: gcc -c -g -O2  -fPIC -DPIC -DPIC conftest.c >&5
configure:10779: $? = 0
configure:10792: result: yes
configure:10821: checking if gcc static flag -static works
configure:10849: result: yes
configure:10864: checking if gcc supports -c -o file.o
configure:10885: gcc -c -g -O2  -o out/conftest2.o conftest.c >&5
configure:10889: $? = 0
configure:10911: result: yes
configure:10919: checking if gcc supports -c -o file.o
configure:10966: result: yes
configure:10999: checking whether the gcc linker (/usr/bin/ld -m elf_x86_64) supports shared libraries
configure:12156: result: yes
configure:12193: checking whether -lc should be explicitly linked in
configure:12201: gcc -c -g -O2  conftest.c >&5
configure:12204: $? = 0
configure:12219: gcc -shared  -fPIC -DPIC conftest.o  -v -Wl,-soname -Wl,conftest -o conftest 2\>\&1 \| /bin/grep  -lc  \>/dev/null 2\>\&1
configure:12222: $? = 0
configure:12236: result: no
configure:12396: checking dynamic linker characteristics
configure:12896: gcc -o conftest -g -O2   -Wl,-rpath -Wl,/foo conftest.c  >&5
configure:12896: $? = 0
configure:13130: result: GNU/Linux ld.so
configure:13237: checking how to hardcode library paths into programs
configure:13262: result: immediate
configure:13802: checking whether stripping libraries is possible
configure:13807: result: yes
configure:13842: checking if libtool supports shared libraries
configure:13844: result: yes
configure:13847: checking whether to build shared libraries
configure:13868: result: yes
configure:13871: checking whether to build static libraries
configure:13875: result: yes
configure:13921: finding other utilities
configure:13929: checking for doxygen
configure:13945: found /usr/bin/doxygen
configure:13956: result: doxygen
configure:13995: checking for special C compiler options needed for large files
configure:14040: result: no
configure:14046: checking for _FILE_OFFSET_BITS value needed for large files
configure:14071: gcc -c -g -O2  conftest.c >&5
configure:14071: $? = 0
configure:14103: result: no
configure:14189: displaying some results
configure:14195: checking CPPFLAGS
configure:14197: result: 
configure:14199: checking CC CFLAGS
configure:14201: result: gcc -g -O2
configure:14204: checking type gcc
configure:14206: result: gcc is /usr/bin/gcc
configure:14209: checking CXX
configure:14224: result: unset
configure:14228: checking FC
configure:14243: result: unset
configure:14247: checking F90
configure:14262: result: unset
configure:14266: checking AR
configure:14269: result: ar
configure:14271: checking AR_FLAGS
configure:14273: result: cru
configure:14276: checking type ar
configure:14278: result: ar is /usr/bin/ar
configure:14285: checking NM
configure:14288: result: /usr/bin/nm -B
configure:14290: checking NMFLAGS
configure:14292: result: 
configure:14307: checking types, headers, and functions
configure:14310: checking for stdlib.h
configure:14310: result: yes
configure:14320: checking for sys/types.h
configure:14320: result: yes
configure:14332: checking sys/param.h usability
configure:14332: gcc -c -g -O2  conftest.c >&5
configure:14332: $? = 0
configure:14332: result: yes
configure:14332: checking sys/param.h presence
configure:14332: gcc -E  conftest.c
configure:14332: $? = 0
configure:14332: result: yes
configure:14332: checking for sys/param.h
configure:14332: result: yes
configure:14346: checking for dirent.h that defines DIR
configure:14365: gcc -c -g -O2  conftest.c >&5
configure:14365: $? = 0
configure:14373: result: yes
configure:14386: checking for library containing opendir
configure:14417: gcc -o conftest -g -O2   conftest.c  >&5
configure:14417: $? = 0
configure:14434: result: none required
configure:14501: checking for ANSI C header files
configure:14605: result: yes
configure:14613: checking for sys/wait.h that is POSIX.1 compatible
configure:14639: gcc -c -g -O2  conftest.c >&5
configure:14639: $? = 0
configure:14646: result: yes
configure:14654: checking whether time.h and sys/time.h may both be included
configure:14674: gcc -c -g -O2  conftest.c >&5
configure:14674: $? = 0
configure:14681: result: yes
configure:14692: checking locale.h usability
configure:14692: gcc -c -g -O2  conftest.c >&5
configure:14692: $? = 0
configure:14692: result: yes
configure:14692: checking locale.h presence
configure:14692: gcc -E  conftest.c
configure:14692: $? = 0
configure:14692: result: yes
configure:14692: checking for locale.h
configure:14692: result: yes
configure:14692: checking stdio.h usability
configure:14692: gcc -c -g -O2  conftest.c >&5
configure:14692: $? = 0
configure:14692: result: yes
configure:14692: checking stdio.h presence
configure:14692: gcc -E  conftest.c
configure:14692: $? = 0
configure:14692: result: yes
configure:14692: checking for stdio.h
configure:14692: result: yes
configure:14692: checking stdarg.h usability
configure:14692: gcc -c -g -O2  conftest.c >&5
configure:14692: $? = 0
configure:14692: result: yes
configure:14692: checking stdarg.h presence
configure:14692: gcc -E  conftest.c
configure:14692: $? = 0
configure:14692: result: yes
configure:14692: checking for stdarg.h
configure:14692: result: yes
configure:14692: checking errno.h usability
configure:14692: gcc -c -g -O2  conftest.c >&5
configure:14692: $? = 0
configure:14692: result: yes
configure:14692: checking errno.h presence
configure:14692: gcc -E  conftest.c
configure:14692: $? = 0
configure:14692: result: yes
configure:14692: checking for errno.h
configure:14692: result: yes
configure:14692: checking ctype.h usability
configure:14692: gcc -c -g -O2  conftest.c >&5
configure:14692: $? = 0
configure:14692: result: yes
configure:14692: checking ctype.h presence
configure:14692: gcc -E  conftest.c
configure:14692: $? = 0
configure:14692: result: yes
configure:14692: checking for ctype.h
configure:14692: result: yes
configure:14692: checking fcntl.h usability
configure:14692: gcc -c -g -O2  conftest.c >&5
configure:14692: $? = 0
configure:14692: result: yes
configure:14692: checking fcntl.h presence
configure:14692: gcc -E  conftest.c
configure:14692: $? = 0
configure:14692: result: yes
configure:14692: checking for fcntl.h
configure:14692: result: yes
configure:14692: checking malloc.h usability
configure:14692: gcc -c -g -O2  conftest.c >&5
configure:14692: $? = 0
configure:14692: result: yes
configure:14692: checking malloc.h presence
configure:14692: gcc -E  conftest.c
configure:14692: $? = 0
configure:14692: result: yes
configure:14692: checking for malloc.h
configure:14692: result: yes
configure:14692: checking for stdlib.h
configure:14692: result: yes
configure:14692: checking for string.h
configure:14692: result: yes
configure:14692: checking for strings.h
configure:14692: result: yes
configure:14692: checking for unistd.h
configure:14692: result: yes
configure:14692: checking for sys/stat.h
configure:14692: result: yes
configure:14692: checking getopt.h usability
configure:14692: gcc -c -g -O2  conftest.c >&5
configure:14692: $? = 0
configure:14692: result: yes
configure:14692: checking getopt.h presence
configure:14692: gcc -E  conftest.c
configure:14692: $? = 0
configure:14692: result: yes
configure:14692: checking for getopt.h
configure:14692: result: yes
configure:14692: checking sys/time.h usability
configure:14692: gcc -c -g -O2  conftest.c >&5
configure:14692: $? = 0
configure:14692: result: yes
configure:14692: checking sys/time.h presence
configure:14692: gcc -E  conftest.c
configure:14692: $? = 0
configure:14692: result: yes
configure:14692: checking for sys/time.h
configure:14692: result: yes
configure:14704: checking for vprintf
configure:14704: gcc -o conftest -g -O2   conftest.c  >&5
conftest.c:74: warning: conflicting types for built-in function 'vprintf'
configure:14704: $? = 0
configure:14704: result: yes
configure:14710: checking for _doprnt
configure:14710: gcc -o conftest -g -O2   conftest.c  >&5
/tmp/cciaw2cu.o: In function `main':
/home/yamamori/work/programs/MD_pep/lib/netcdf-4.3.0/conftest.c:86: undefined reference to `_doprnt'
collect2: ld returned 1 exit status
configure:14710: $? = 1
configure: failed program was:
| /* confdefs.h */
| #define PACKAGE_NAME "netCDF"
| #define PACKAGE_TARNAME "netcdf"
| #define PACKAGE_VERSION "4.3.0"
| #define PACKAGE_STRING "netCDF 4.3.0"
| #define PACKAGE_BUGREPORT "support-netcdf@unidata.ucar.edu"
| #define PACKAGE_URL ""
| #define PACKAGE "netcdf"
| #define VERSION "4.3.0"
| #define NCIO_MINBLOCKSIZE 256
| #define DEFAULT_CHUNK_SIZE 4194304
| #define MAX_DEFAULT_CACHE_SIZE 67108864
| #define DEFAULT_CHUNKS_IN_CACHE 10
| #define CHUNK_CACHE_SIZE 4194304
| #define CHUNK_CACHE_NELEMS 1009
| #define CHUNK_CACHE_PREEMPTION 0.75
| #define USE_EXTREME_NUMBERS 1
| #define TEMP_LARGE "."
| #define STDC_HEADERS 1
| #define HAVE_SYS_TYPES_H 1
| #define HAVE_SYS_STAT_H 1
| #define HAVE_STDLIB_H 1
| #define HAVE_STRING_H 1
| #define HAVE_MEMORY_H 1
| #define HAVE_STRINGS_H 1
| #define HAVE_INTTYPES_H 1
| #define HAVE_STDINT_H 1
| #define HAVE_UNISTD_H 1
| #define HAVE_DLFCN_H 1
| #define LT_OBJDIR ".libs/"
| #define HAVE_SYS_PARAM_H 1
| #define HAVE_DIRENT_H 1
| #define STDC_HEADERS 1
| #define HAVE_SYS_WAIT_H 1
| #define TIME_WITH_SYS_TIME 1
| #define HAVE_LOCALE_H 1
| #define HAVE_STDIO_H 1
| #define HAVE_STDARG_H 1
| #define HAVE_ERRNO_H 1
| #define HAVE_CTYPE_H 1
| #define HAVE_FCNTL_H 1
| #define HAVE_MALLOC_H 1
| #define HAVE_STDLIB_H 1
| #define HAVE_STRING_H 1
| #define HAVE_STRINGS_H 1
| #define HAVE_UNISTD_H 1
| #define HAVE_SYS_STAT_H 1
| #define HAVE_GETOPT_H 1
| #define HAVE_SYS_TIME_H 1
| #define HAVE_VPRINTF 1
| /* end confdefs.h.  */
| /* Define _doprnt to an innocuous variant, in case <limits.h> declares _doprnt.
|    For example, HP-UX 11i <limits.h> declares gettimeofday.  */
| #define _doprnt innocuous__doprnt
| 
| /* System header to define __stub macros and hopefully few prototypes,
|     which can conflict with char _doprnt (); below.
|     Prefer <limits.h> to <assert.h> if __STDC__ is defined, since
|     <limits.h> exists even on freestanding compilers.  */
| 
| #ifdef __STDC__
| # include <limits.h>
| #else
| # include <assert.h>
| #endif
| 
| #undef _doprnt
| 
| /* Override any GCC internal prototype to avoid an error.
|    Use char because int might match the return type of a GCC
|    builtin and then its argument prototype would still apply.  */
| #ifdef __cplusplus
| extern "C"
| #endif
| char _doprnt ();
| /* The GNU C library defines this for functions which it implements
|     to always fail with ENOSYS.  Some functions are actually named
|     something starting with __ and the normal name is an alias.  */
| #if defined __stub__doprnt || defined __stub____doprnt
| choke me
| #endif
| 
| int
| main ()
| {
| return _doprnt ();
|   ;
|   return 0;
| }
configure:14710: result: no
configure:14727: checking sys/resource.h usability
configure:14727: gcc -c -g -O2  conftest.c >&5
configure:14727: $? = 0
configure:14727: result: yes
configure:14727: checking sys/resource.h presence
configure:14727: gcc -E  conftest.c
configure:14727: $? = 0
configure:14727: result: yes
configure:14727: checking for sys/resource.h
configure:14727: result: yes
configure:14740: checking for stdbool.h that conforms to C99
configure:14807: gcc -c -g -O2  conftest.c >&5
configure:14807: $? = 0
configure:14814: result: yes
configure:14816: checking for _Bool
configure:14816: gcc -c -g -O2  conftest.c >&5
configure:14816: $? = 0
configure:14816: gcc -c -g -O2  conftest.c >&5
conftest.c: In function 'main':
conftest.c:89: error: expected expression before ')' token
configure:14816: $? = 1
configure: failed program was:
| /* confdefs.h */
| #define PACKAGE_NAME "netCDF"
| #define PACKAGE_TARNAME "netcdf"
| #define PACKAGE_VERSION "4.3.0"
| #define PACKAGE_STRING "netCDF 4.3.0"
| #define PACKAGE_BUGREPORT "support-netcdf@unidata.ucar.edu"
| #define PACKAGE_URL ""
| #define PACKAGE "netcdf"
| #define VERSION "4.3.0"
| #define NCIO_MINBLOCKSIZE 256
| #define DEFAULT_CHUNK_SIZE 4194304
| #define MAX_DEFAULT_CACHE_SIZE 67108864
| #define DEFAULT_CHUNKS_IN_CACHE 10
| #define CHUNK_CACHE_SIZE 4194304
| #define CHUNK_CACHE_NELEMS 1009
| #define CHUNK_CACHE_PREEMPTION 0.75
| #define USE_EXTREME_NUMBERS 1
| #define TEMP_LARGE "."
| #define STDC_HEADERS 1
| #define HAVE_SYS_TYPES_H 1
| #define HAVE_SYS_STAT_H 1
| #define HAVE_STDLIB_H 1
| #define HAVE_STRING_H 1
| #define HAVE_MEMORY_H 1
| #define HAVE_STRINGS_H 1
| #define HAVE_INTTYPES_H 1
| #define HAVE_STDINT_H 1
| #define HAVE_UNISTD_H 1
| #define HAVE_DLFCN_H 1
| #define LT_OBJDIR ".libs/"
| #define HAVE_SYS_PARAM_H 1
| #define HAVE_DIRENT_H 1
| #define STDC_HEADERS 1
| #define HAVE_SYS_WAIT_H 1
| #define TIME_WITH_SYS_TIME 1
| #define HAVE_LOCALE_H 1
| #define HAVE_STDIO_H 1
| #define HAVE_STDARG_H 1
| #define HAVE_ERRNO_H 1
| #define HAVE_CTYPE_H 1
| #define HAVE_FCNTL_H 1
| #define HAVE_MALLOC_H 1
| #define HAVE_STDLIB_H 1
| #define HAVE_STRING_H 1
| #define HAVE_STRINGS_H 1
| #define HAVE_UNISTD_H 1
| #define HAVE_SYS_STAT_H 1
| #define HAVE_GETOPT_H 1
| #define HAVE_SYS_TIME_H 1
| #define HAVE_VPRINTF 1
| #define HAVE_SYS_RESOURCE_H 1
| /* end confdefs.h.  */
| #include <stdio.h>
| #ifdef HAVE_SYS_TYPES_H
| # include <sys/types.h>
| #endif
| #ifdef HAVE_SYS_STAT_H
| # include <sys/stat.h>
| #endif
| #ifdef STDC_HEADERS
| # include <stdlib.h>
| # include <stddef.h>
| #else
| # ifdef HAVE_STDLIB_H
| #  include <stdlib.h>
| # endif
| #endif
| #ifdef HAVE_STRING_H
| # if !defined STDC_HEADERS && defined HAVE_MEMORY_H
| #  include <memory.h>
| # endif
| # include <string.h>
| #endif
| #ifdef HAVE_STRINGS_H
| # include <strings.h>
| #endif
| #ifdef HAVE_INTTYPES_H
| # include <inttypes.h>
| #endif
| #ifdef HAVE_STDINT_H
| # include <stdint.h>
| #endif
| #ifdef HAVE_UNISTD_H
| # include <unistd.h>
| #endif
| int
| main ()
| {
| if (sizeof ((_Bool)))
| 	    return 0;
|   ;
|   return 0;
| }
configure:14816: result: yes
configure:14841: checking for strlcat
configure:14841: gcc -o conftest -g -O2   conftest.c  >&5
/tmp/ccMCe8PB.o: In function `main':
/home/yamamori/work/programs/MD_pep/lib/netcdf-4.3.0/conftest.c:89: undefined reference to `strlcat'
collect2: ld returned 1 exit status
configure:14841: $? = 1
configure: failed program was:
| /* confdefs.h */
| #define PACKAGE_NAME "netCDF"
| #define PACKAGE_TARNAME "netcdf"
| #define PACKAGE_VERSION "4.3.0"
| #define PACKAGE_STRING "netCDF 4.3.0"
| #define PACKAGE_BUGREPORT "support-netcdf@unidata.ucar.edu"
| #define PACKAGE_URL ""
| #define PACKAGE "netcdf"
| #define VERSION "4.3.0"
| #define NCIO_MINBLOCKSIZE 256
| #define DEFAULT_CHUNK_SIZE 4194304
| #define MAX_DEFAULT_CACHE_SIZE 67108864
| #define DEFAULT_CHUNKS_IN_CACHE 10
| #define CHUNK_CACHE_SIZE 4194304
| #define CHUNK_CACHE_NELEMS 1009
| #define CHUNK_CACHE_PREEMPTION 0.75
| #define USE_EXTREME_NUMBERS 1
| #define TEMP_LARGE "."
| #define STDC_HEADERS 1
| #define HAVE_SYS_TYPES_H 1
| #define HAVE_SYS_STAT_H 1
| #define HAVE_STDLIB_H 1
| #define HAVE_STRING_H 1
| #define HAVE_MEMORY_H 1
| #define HAVE_STRINGS_H 1
| #define HAVE_INTTYPES_H 1
| #define HAVE_STDINT_H 1
| #define HAVE_UNISTD_H 1
| #define HAVE_DLFCN_H 1
| #define LT_OBJDIR ".libs/"
| #define HAVE_SYS_PARAM_H 1
| #define HAVE_DIRENT_H 1
| #define STDC_HEADERS 1
| #define HAVE_SYS_WAIT_H 1
| #define TIME_WITH_SYS_TIME 1
| #define HAVE_LOCALE_H 1
| #define HAVE_STDIO_H 1
| #define HAVE_STDARG_H 1
| #define HAVE_ERRNO_H 1
| #define HAVE_CTYPE_H 1
| #define HAVE_FCNTL_H 1
| #define HAVE_MALLOC_H 1
| #define HAVE_STDLIB_H 1
| #define HAVE_STRING_H 1
| #define HAVE_STRINGS_H 1
| #define HAVE_UNISTD_H 1
| #define HAVE_SYS_STAT_H 1
| #define HAVE_GETOPT_H 1
| #define HAVE_SYS_TIME_H 1
| #define HAVE_VPRINTF 1
| #define HAVE_SYS_RESOURCE_H 1
| #define HAVE__BOOL 1
| #define HAVE_STDBOOL_H 1
| /* end confdefs.h.  */
| /* Define strlcat to an innocuous variant, in case <limits.h> declares strlcat.
|    For example, HP-UX 11i <limits.h> declares gettimeofday.  */
| #define strlcat innocuous_strlcat
| 
| /* System header to define __stub macros and hopefully few prototypes,
|     which can conflict with char strlcat (); below.
|     Prefer <limits.h> to <assert.h> if __STDC__ is defined, since
|     <limits.h> exists even on freestanding compilers.  */
| 
| #ifdef __STDC__
| # include <limits.h>
| #else
| # include <assert.h>
| #endif
| 
| #undef strlcat
| 
| /* Override any GCC internal prototype to avoid an error.
|    Use char because int might match the return type of a GCC
|    builtin and then its argument prototype would still apply.  */
| #ifdef __cplusplus
| extern "C"
| #endif
| char strlcat ();
| /* The GNU C library defines this for functions which it implements
|     to always fail with ENOSYS.  Some functions are actually named
|     something starting with __ and the normal name is an alias.  */
| #if defined __stub_strlcat || defined __stub___strlcat
| choke me
| #endif
| 
| int
| main ()
| {
| return strlcat ();
|   ;
|   return 0;
| }
configure:14841: result: no
configure:14841: checking for strerror
configure:14841: gcc -o conftest -g -O2   conftest.c  >&5
configure:14841: $? = 0
configure:14841: result: yes
configure:14841: checking for snprintf
configure:14841: gcc -o conftest -g -O2   conftest.c  >&5
conftest.c:79: warning: conflicting types for built-in function 'snprintf'
configure:14841: $? = 0
configure:14841: result: yes
configure:14841: checking for strchr
configure:14841: gcc -o conftest -g -O2   conftest.c  >&5
conftest.c:80: warning: conflicting types for built-in function 'strchr'
configure:14841: $? = 0
configure:14841: result: yes
configure:14841: checking for strrchr
configure:14841: gcc -o conftest -g -O2   conftest.c  >&5
conftest.c:81: warning: conflicting types for built-in function 'strrchr'
configure:14841: $? = 0
configure:14841: result: yes
configure:14841: checking for strcat
configure:14841: gcc -o conftest -g -O2   conftest.c  >&5
conftest.c:82: warning: conflicting types for built-in function 'strcat'
configure:14841: $? = 0
configure:14841: result: yes
configure:14841: checking for strcpy
configure:14841: gcc -o conftest -g -O2   conftest.c  >&5
conftest.c:83: warning: conflicting types for built-in function 'strcpy'
configure:14841: $? = 0
configure:14841: result: yes
configure:14841: checking for strdup
configure:14841: gcc -o conftest -g -O2   conftest.c  >&5
conftest.c:84: warning: conflicting types for built-in function 'strdup'
configure:14841: $? = 0
configure:14841: result: yes
configure:14841: checking for strcasecmp
configure:14841: gcc -o conftest -g -O2   conftest.c  >&5
conftest.c:85: warning: conflicting types for built-in function 'strcasecmp'
configure:14841: $? = 0
configure:14841: result: yes
configure:14841: checking for strtod
configure:14841: gcc -o conftest -g -O2   conftest.c  >&5
configure:14841: $? = 0
configure:14841: result: yes
configure:14841: checking for strtoll
configure:14841: gcc -o conftest -g -O2   conftest.c  >&5
configure:14841: $? = 0
configure:14841: result: yes
configure:14841: checking for strtoull
configure:14841: gcc -o conftest -g -O2   conftest.c  >&5
configure:14841: $? = 0
configure:14841: result: yes
configure:14841: checking for strstr
configure:14841: gcc -o conftest -g -O2   conftest.c  >&5
conftest.c:89: warning: conflicting types for built-in function 'strstr'
configure:14841: $? = 0
configure:14841: result: yes
configure:14841: checking for mkstemp
configure:14841: gcc -o conftest -g -O2   conftest.c  >&5
configure:14841: $? = 0
configure:14841: result: yes
configure:14841: checking for rand
configure:14841: gcc -o conftest -g -O2   conftest.c  >&5
configure:14841: $? = 0
configure:14841: result: yes
configure:14841: checking for getrlimit
configure:14841: gcc -o conftest -g -O2   conftest.c  >&5
configure:14841: $? = 0
configure:14841: result: yes
configure:14841: checking for gettimeofday
configure:14841: gcc -o conftest -g -O2   conftest.c  >&5
configure:14841: $? = 0
configure:14841: result: yes
configure:14841: checking for fsync
configure:14841: gcc -o conftest -g -O2   conftest.c  >&5
configure:14841: $? = 0
configure:14841: result: yes
configure:14841: checking for MPI_Comm_f2c
configure:14841: gcc -o conftest -g -O2   conftest.c  >&5
/tmp/ccy4Llon.o: In function `main':
/home/yamamori/work/programs/MD_pep/lib/netcdf-4.3.0/conftest.c:106: undefined reference to `MPI_Comm_f2c'
collect2: ld returned 1 exit status
configure:14841: $? = 1
configure: failed program was:
| /* confdefs.h */
| #define PACKAGE_NAME "netCDF"
| #define PACKAGE_TARNAME "netcdf"
| #define PACKAGE_VERSION "4.3.0"
| #define PACKAGE_STRING "netCDF 4.3.0"
| #define PACKAGE_BUGREPORT "support-netcdf@unidata.ucar.edu"
| #define PACKAGE_URL ""
| #define PACKAGE "netcdf"
| #define VERSION "4.3.0"
| #define NCIO_MINBLOCKSIZE 256
| #define DEFAULT_CHUNK_SIZE 4194304
| #define MAX_DEFAULT_CACHE_SIZE 67108864
| #define DEFAULT_CHUNKS_IN_CACHE 10
| #define CHUNK_CACHE_SIZE 4194304
| #define CHUNK_CACHE_NELEMS 1009
| #define CHUNK_CACHE_PREEMPTION 0.75
| #define USE_EXTREME_NUMBERS 1
| #define TEMP_LARGE "."
| #define STDC_HEADERS 1
| #define HAVE_SYS_TYPES_H 1
| #define HAVE_SYS_STAT_H 1
| #define HAVE_STDLIB_H 1
| #define HAVE_STRING_H 1
| #define HAVE_MEMORY_H 1
| #define HAVE_STRINGS_H 1
| #define HAVE_INTTYPES_H 1
| #define HAVE_STDINT_H 1
| #define HAVE_UNISTD_H 1
| #define HAVE_DLFCN_H 1
| #define LT_OBJDIR ".libs/"
| #define HAVE_SYS_PARAM_H 1
| #define HAVE_DIRENT_H 1
| #define STDC_HEADERS 1
| #define HAVE_SYS_WAIT_H 1
| #define TIME_WITH_SYS_TIME 1
| #define HAVE_LOCALE_H 1
| #define HAVE_STDIO_H 1
| #define HAVE_STDARG_H 1
| #define HAVE_ERRNO_H 1
| #define HAVE_CTYPE_H 1
| #define HAVE_FCNTL_H 1
| #define HAVE_MALLOC_H 1
| #define HAVE_STDLIB_H 1
| #define HAVE_STRING_H 1
| #define HAVE_STRINGS_H 1
| #define HAVE_UNISTD_H 1
| #define HAVE_SYS_STAT_H 1
| #define HAVE_GETOPT_H 1
| #define HAVE_SYS_TIME_H 1
| #define HAVE_VPRINTF 1
| #define HAVE_SYS_RESOURCE_H 1
| #define HAVE__BOOL 1
| #define HAVE_STDBOOL_H 1
| #define HAVE_STRERROR 1
| #define HAVE_SNPRINTF 1
| #define HAVE_STRCHR 1
| #define HAVE_STRRCHR 1
| #define HAVE_STRCAT 1
| #define HAVE_STRCPY 1
| #define HAVE_STRDUP 1
| #define HAVE_STRCASECMP 1
| #define HAVE_STRTOD 1
| #define HAVE_STRTOLL 1
| #define HAVE_STRTOULL 1
| #define HAVE_STRSTR 1
| #define HAVE_MKSTEMP 1
| #define HAVE_RAND 1
| #define HAVE_GETRLIMIT 1
| #define HAVE_GETTIMEOFDAY 1
| #define HAVE_FSYNC 1
| /* end confdefs.h.  */
| /* Define MPI_Comm_f2c to an innocuous variant, in case <limits.h> declares MPI_Comm_f2c.
|    For example, HP-UX 11i <limits.h> declares gettimeofday.  */
| #define MPI_Comm_f2c innocuous_MPI_Comm_f2c
| 
| /* System header to define __stub macros and hopefully few prototypes,
|     which can conflict with char MPI_Comm_f2c (); below.
|     Prefer <limits.h> to <assert.h> if __STDC__ is defined, since
|     <limits.h> exists even on freestanding compilers.  */
| 
| #ifdef __STDC__
| # include <limits.h>
| #else
| # include <assert.h>
| #endif
| 
| #undef MPI_Comm_f2c
| 
| /* Override any GCC internal prototype to avoid an error.
|    Use char because int might match the return type of a GCC
|    builtin and then its argument prototype would still apply.  */
| #ifdef __cplusplus
| extern "C"
| #endif
| char MPI_Comm_f2c ();
| /* The GNU C library defines this for functions which it implements
|     to always fail with ENOSYS.  Some functions are actually named
|     something starting with __ and the normal name is an alias.  */
| #if defined __stub_MPI_Comm_f2c || defined __stub___MPI_Comm_f2c
| choke me
| #endif
| 
| int
| main ()
| {
| return MPI_Comm_f2c ();
|   ;
|   return 0;
| }
configure:14841: result: no
configure:14852: checking whether in-memory files are enabled
configure:14867: result: yes
configure:14875: checking for memmove
configure:14875: gcc -o conftest -g -O2   conftest.c  >&5
conftest.c:95: warning: conflicting types for built-in function 'memmove'
configure:14875: $? = 0
configure:14875: result: yes
configure:14875: checking for getpagesize
configure:14875: gcc -o conftest -g -O2   conftest.c  >&5
configure:14875: $? = 0
configure:14875: result: yes
configure:14875: checking for sysconf
configure:14875: gcc -o conftest -g -O2   conftest.c  >&5
configure:14875: $? = 0
configure:14875: result: yes
configure:14886: checking whether mmap is enabled for in-memory files
configure:14894: result: no
configure:14904: checking for stdlib.h
configure:14904: result: yes
configure:14904: checking for unistd.h
configure:14904: result: yes
configure:14904: checking for sys/param.h
configure:14904: result: yes
configure:14924: checking for getpagesize
configure:14924: result: yes
configure:14933: checking for working mmap
configure:15080: gcc -o conftest -g -O2   conftest.c  >&5
configure:15080: $? = 0
configure:15080: ./conftest
configure:15080: $? = 0
configure:15090: result: yes
configure:15101: checking for mremap
configure:15101: gcc -o conftest -g -O2   conftest.c  >&5
configure:15101: $? = 0
configure:15101: result: yes
configure:15128: checking for size_t
configure:15128: gcc -c -g -O2  conftest.c >&5
configure:15128: $? = 0
configure:15128: gcc -c -g -O2  conftest.c >&5
conftest.c: In function 'main':
conftest.c:118: error: expected expression before ')' token
configure:15128: $? = 1
configure: failed program was:
| /* confdefs.h */
| #define PACKAGE_NAME "netCDF"
| #define PACKAGE_TARNAME "netcdf"
| #define PACKAGE_VERSION "4.3.0"
| #define PACKAGE_STRING "netCDF 4.3.0"
| #define PACKAGE_BUGREPORT "support-netcdf@unidata.ucar.edu"
| #define PACKAGE_URL ""
| #define PACKAGE "netcdf"
| #define VERSION "4.3.0"
| #define NCIO_MINBLOCKSIZE 256
| #define DEFAULT_CHUNK_SIZE 4194304
| #define MAX_DEFAULT_CACHE_SIZE 67108864
| #define DEFAULT_CHUNKS_IN_CACHE 10
| #define CHUNK_CACHE_SIZE 4194304
| #define CHUNK_CACHE_NELEMS 1009
| #define CHUNK_CACHE_PREEMPTION 0.75
| #define USE_EXTREME_NUMBERS 1
| #define TEMP_LARGE "."
| #define STDC_HEADERS 1
| #define HAVE_SYS_TYPES_H 1
| #define HAVE_SYS_STAT_H 1
| #define HAVE_STDLIB_H 1
| #define HAVE_STRING_H 1
| #define HAVE_MEMORY_H 1
| #define HAVE_STRINGS_H 1
| #define HAVE_INTTYPES_H 1
| #define HAVE_STDINT_H 1
| #define HAVE_UNISTD_H 1
| #define HAVE_DLFCN_H 1
| #define LT_OBJDIR ".libs/"
| #define HAVE_SYS_PARAM_H 1
| #define HAVE_DIRENT_H 1
| #define STDC_HEADERS 1
| #define HAVE_SYS_WAIT_H 1
| #define TIME_WITH_SYS_TIME 1
| #define HAVE_LOCALE_H 1
| #define HAVE_STDIO_H 1
| #define HAVE_STDARG_H 1
| #define HAVE_ERRNO_H 1
| #define HAVE_CTYPE_H 1
| #define HAVE_FCNTL_H 1
| #define HAVE_MALLOC_H 1
| #define HAVE_STDLIB_H 1
| #define HAVE_STRING_H 1
| #define HAVE_STRINGS_H 1
| #define HAVE_UNISTD_H 1
| #define HAVE_SYS_STAT_H 1
| #define HAVE_GETOPT_H 1
| #define HAVE_SYS_TIME_H 1
| #define HAVE_VPRINTF 1
| #define HAVE_SYS_RESOURCE_H 1
| #define HAVE__BOOL 1
| #define HAVE_STDBOOL_H 1
| #define HAVE_STRERROR 1
| #define HAVE_SNPRINTF 1
| #define HAVE_STRCHR 1
| #define HAVE_STRRCHR 1
| #define HAVE_STRCAT 1
| #define HAVE_STRCPY 1
| #define HAVE_STRDUP 1
| #define HAVE_STRCASECMP 1
| #define HAVE_STRTOD 1
| #define HAVE_STRTOLL 1
| #define HAVE_STRTOULL 1
| #define HAVE_STRSTR 1
| #define HAVE_MKSTEMP 1
| #define HAVE_RAND 1
| #define HAVE_GETRLIMIT 1
| #define HAVE_GETTIMEOFDAY 1
| #define HAVE_FSYNC 1
| #define HAVE_MEMMOVE 1
| #define HAVE_GETPAGESIZE 1
| #define HAVE_SYSCONF 1
| #define HAVE_STDLIB_H 1
| #define HAVE_UNISTD_H 1
| #define HAVE_SYS_PARAM_H 1
| #define HAVE_GETPAGESIZE 1
| #define HAVE_MMAP 1
| #define HAVE_MREMAP 1
| #define USE_DISKLESS 1
| /* end confdefs.h.  */
| #include <stdio.h>
| #ifdef HAVE_SYS_TYPES_H
| # include <sys/types.h>
| #endif
| #ifdef HAVE_SYS_STAT_H
| # include <sys/stat.h>
| #endif
| #ifdef STDC_HEADERS
| # include <stdlib.h>
| # include <stddef.h>
| #else
| # ifdef HAVE_STDLIB_H
| #  include <stdlib.h>
| # endif
| #endif
| #ifdef HAVE_STRING_H
| # if !defined STDC_HEADERS && defined HAVE_MEMORY_H
| #  include <memory.h>
| # endif
| # include <string.h>
| #endif
| #ifdef HAVE_STRINGS_H
| # include <strings.h>
| #endif
| #ifdef HAVE_INTTYPES_H
| # include <inttypes.h>
| #endif
| #ifdef HAVE_STDINT_H
| # include <stdint.h>
| #endif
| #ifdef HAVE_UNISTD_H
| # include <unistd.h>
| #endif
| int
| main ()
| {
| if (sizeof ((size_t)))
| 	    return 0;
|   ;
|   return 0;
| }
configure:15128: result: yes
configure:15141: checking for working alloca.h
configure:15158: gcc -o conftest -g -O2   conftest.c  >&5
configure:15158: $? = 0
configure:15166: result: yes
configure:15174: checking for alloca
configure:15211: gcc -o conftest -g -O2   conftest.c  >&5
configure:15211: $? = 0
configure:15219: result: yes
configure:15325: checking whether isnan is declared
configure:15325: gcc -c -g -O2  conftest.c >&5
configure:15325: $? = 0
configure:15325: result: yes
configure:15336: checking whether isinf is declared
configure:15336: gcc -c -g -O2  conftest.c >&5
configure:15336: $? = 0
configure:15336: result: yes
configure:15347: checking whether isfinite is declared
configure:15347: gcc -c -g -O2  conftest.c >&5
conftest.c: In function 'main':
conftest.c:95: error: 'isfinite' undeclared (first use in this function)
conftest.c:95: error: (Each undeclared identifier is reported only once
conftest.c:95: error: for each function it appears in.)
configure:15347: $? = 1
configure: failed program was:
| /* confdefs.h */
| #define PACKAGE_NAME "netCDF"
| #define PACKAGE_TARNAME "netcdf"
| #define PACKAGE_VERSION "4.3.0"
| #define PACKAGE_STRING "netCDF 4.3.0"
| #define PACKAGE_BUGREPORT "support-netcdf@unidata.ucar.edu"
| #define PACKAGE_URL ""
| #define PACKAGE "netcdf"
| #define VERSION "4.3.0"
| #define NCIO_MINBLOCKSIZE 256
| #define DEFAULT_CHUNK_SIZE 4194304
| #define MAX_DEFAULT_CACHE_SIZE 67108864
| #define DEFAULT_CHUNKS_IN_CACHE 10
| #define CHUNK_CACHE_SIZE 4194304
| #define CHUNK_CACHE_NELEMS 1009
| #define CHUNK_CACHE_PREEMPTION 0.75
| #define USE_EXTREME_NUMBERS 1
| #define TEMP_LARGE "."
| #define STDC_HEADERS 1
| #define HAVE_SYS_TYPES_H 1
| #define HAVE_SYS_STAT_H 1
| #define HAVE_STDLIB_H 1
| #define HAVE_STRING_H 1
| #define HAVE_MEMORY_H 1
| #define HAVE_STRINGS_H 1
| #define HAVE_INTTYPES_H 1
| #define HAVE_STDINT_H 1
| #define HAVE_UNISTD_H 1
| #define HAVE_DLFCN_H 1
| #define LT_OBJDIR ".libs/"
| #define HAVE_SYS_PARAM_H 1
| #define HAVE_DIRENT_H 1
| #define STDC_HEADERS 1
| #define HAVE_SYS_WAIT_H 1
| #define TIME_WITH_SYS_TIME 1
| #define HAVE_LOCALE_H 1
| #define HAVE_STDIO_H 1
| #define HAVE_STDARG_H 1
| #define HAVE_ERRNO_H 1
| #define HAVE_CTYPE_H 1
| #define HAVE_FCNTL_H 1
| #define HAVE_MALLOC_H 1
| #define HAVE_STDLIB_H 1
| #define HAVE_STRING_H 1
| #define HAVE_STRINGS_H 1
| #define HAVE_UNISTD_H 1
| #define HAVE_SYS_STAT_H 1
| #define HAVE_GETOPT_H 1
| #define HAVE_SYS_TIME_H 1
| #define HAVE_VPRINTF 1
| #define HAVE_SYS_RESOURCE_H 1
| #define HAVE__BOOL 1
| #define HAVE_STDBOOL_H 1
| #define HAVE_STRERROR 1
| #define HAVE_SNPRINTF 1
| #define HAVE_STRCHR 1
| #define HAVE_STRRCHR 1
| #define HAVE_STRCAT 1
| #define HAVE_STRCPY 1
| #define HAVE_STRDUP 1
| #define HAVE_STRCASECMP 1
| #define HAVE_STRTOD 1
| #define HAVE_STRTOLL 1
| #define HAVE_STRTOULL 1
| #define HAVE_STRSTR 1
| #define HAVE_MKSTEMP 1
| #define HAVE_RAND 1
| #define HAVE_GETRLIMIT 1
| #define HAVE_GETTIMEOFDAY 1
| #define HAVE_FSYNC 1
| #define HAVE_MEMMOVE 1
| #define HAVE_GETPAGESIZE 1
| #define HAVE_SYSCONF 1
| #define HAVE_STDLIB_H 1
| #define HAVE_UNISTD_H 1
| #define HAVE_SYS_PARAM_H 1
| #define HAVE_GETPAGESIZE 1
| #define HAVE_MMAP 1
| #define HAVE_MREMAP 1
| #define USE_DISKLESS 1
| #define HAVE_ALLOCA_H 1
| #define HAVE_ALLOCA 1
| #define HAVE_DECL_ISNAN 1
| #define HAVE_DECL_ISINF 1
| /* end confdefs.h.  */
| #include <math.h>
| 
| int
| main ()
| {
| #ifndef isfinite
| #ifdef __cplusplus
|   (void) isfinite;
| #else
|   (void) isfinite;
| #endif
| #endif
| 
|   ;
|   return 0;
| }
configure:15347: result: no
configure:15358: checking whether signbit is declared
configure:15358: gcc -c -g -O2  conftest.c >&5
conftest.c: In function 'main':
conftest.c:96: error: 'signbit' undeclared (first use in this function)
conftest.c:96: error: (Each undeclared identifier is reported only once
conftest.c:96: error: for each function it appears in.)
configure:15358: $? = 1
configure: failed program was:
| /* confdefs.h */
| #define PACKAGE_NAME "netCDF"
| #define PACKAGE_TARNAME "netcdf"
| #define PACKAGE_VERSION "4.3.0"
| #define PACKAGE_STRING "netCDF 4.3.0"
| #define PACKAGE_BUGREPORT "support-netcdf@unidata.ucar.edu"
| #define PACKAGE_URL ""
| #define PACKAGE "netcdf"
| #define VERSION "4.3.0"
| #define NCIO_MINBLOCKSIZE 256
| #define DEFAULT_CHUNK_SIZE 4194304
| #define MAX_DEFAULT_CACHE_SIZE 67108864
| #define DEFAULT_CHUNKS_IN_CACHE 10
| #define CHUNK_CACHE_SIZE 4194304
| #define CHUNK_CACHE_NELEMS 1009
| #define CHUNK_CACHE_PREEMPTION 0.75
| #define USE_EXTREME_NUMBERS 1
| #define TEMP_LARGE "."
| #define STDC_HEADERS 1
| #define HAVE_SYS_TYPES_H 1
| #define HAVE_SYS_STAT_H 1
| #define HAVE_STDLIB_H 1
| #define HAVE_STRING_H 1
| #define HAVE_MEMORY_H 1
| #define HAVE_STRINGS_H 1
| #define HAVE_INTTYPES_H 1
| #define HAVE_STDINT_H 1
| #define HAVE_UNISTD_H 1
| #define HAVE_DLFCN_H 1
| #define LT_OBJDIR ".libs/"
| #define HAVE_SYS_PARAM_H 1
| #define HAVE_DIRENT_H 1
| #define STDC_HEADERS 1
| #define HAVE_SYS_WAIT_H 1
| #define TIME_WITH_SYS_TIME 1
| #define HAVE_LOCALE_H 1
| #define HAVE_STDIO_H 1
| #define HAVE_STDARG_H 1
| #define HAVE_ERRNO_H 1
| #define HAVE_CTYPE_H 1
| #define HAVE_FCNTL_H 1
| #define HAVE_MALLOC_H 1
| #define HAVE_STDLIB_H 1
| #define HAVE_STRING_H 1
| #define HAVE_STRINGS_H 1
| #define HAVE_UNISTD_H 1
| #define HAVE_SYS_STAT_H 1
| #define HAVE_GETOPT_H 1
| #define HAVE_SYS_TIME_H 1
| #define HAVE_VPRINTF 1
| #define HAVE_SYS_RESOURCE_H 1
| #define HAVE__BOOL 1
| #define HAVE_STDBOOL_H 1
| #define HAVE_STRERROR 1
| #define HAVE_SNPRINTF 1
| #define HAVE_STRCHR 1
| #define HAVE_STRRCHR 1
| #define HAVE_STRCAT 1
| #define HAVE_STRCPY 1
| #define HAVE_STRDUP 1
| #define HAVE_STRCASECMP 1
| #define HAVE_STRTOD 1
| #define HAVE_STRTOLL 1
| #define HAVE_STRTOULL 1
| #define HAVE_STRSTR 1
| #define HAVE_MKSTEMP 1
| #define HAVE_RAND 1
| #define HAVE_GETRLIMIT 1
| #define HAVE_GETTIMEOFDAY 1
| #define HAVE_FSYNC 1
| #define HAVE_MEMMOVE 1
| #define HAVE_GETPAGESIZE 1
| #define HAVE_SYSCONF 1
| #define HAVE_STDLIB_H 1
| #define HAVE_UNISTD_H 1
| #define HAVE_SYS_PARAM_H 1
| #define HAVE_GETPAGESIZE 1
| #define HAVE_MMAP 1
| #define HAVE_MREMAP 1
| #define USE_DISKLESS 1
| #define HAVE_ALLOCA_H 1
| #define HAVE_ALLOCA 1
| #define HAVE_DECL_ISNAN 1
| #define HAVE_DECL_ISINF 1
| #define HAVE_DECL_ISFINITE 0
| /* end confdefs.h.  */
| #include <math.h>
| 
| int
| main ()
| {
| #ifndef signbit
| #ifdef __cplusplus
|   (void) signbit;
| #else
|   (void) signbit;
| #endif
| #endif
| 
|   ;
|   return 0;
| }
configure:15358: result: no
configure:15370: checking for struct stat.st_blksize
configure:15370: gcc -c -g -O2  conftest.c >&5
configure:15370: $? = 0
configure:15370: result: yes
configure:15384: checking for IEEE floating point format
configure:15422: gcc -o conftest -g -O2   conftest.c  >&5
configure:15422: $? = 0
configure:15422: ./conftest
configure:15422: $? = 0
configure:15431: result: yes
configure:15439: checking for size_t
configure:15439: result: yes
configure:15450: checking for off_t
configure:15450: gcc -c -g -O2  conftest.c >&5
configure:15450: $? = 0
configure:15450: gcc -c -g -O2  conftest.c >&5
conftest.c: In function 'main':
conftest.c:126: error: expected expression before ')' token
configure:15450: $? = 1
configure: failed program was:
| /* confdefs.h */
| #define PACKAGE_NAME "netCDF"
| #define PACKAGE_TARNAME "netcdf"
| #define PACKAGE_VERSION "4.3.0"
| #define PACKAGE_STRING "netCDF 4.3.0"
| #define PACKAGE_BUGREPORT "support-netcdf@unidata.ucar.edu"
| #define PACKAGE_URL ""
| #define PACKAGE "netcdf"
| #define VERSION "4.3.0"
| #define NCIO_MINBLOCKSIZE 256
| #define DEFAULT_CHUNK_SIZE 4194304
| #define MAX_DEFAULT_CACHE_SIZE 67108864
| #define DEFAULT_CHUNKS_IN_CACHE 10
| #define CHUNK_CACHE_SIZE 4194304
| #define CHUNK_CACHE_NELEMS 1009
| #define CHUNK_CACHE_PREEMPTION 0.75
| #define USE_EXTREME_NUMBERS 1
| #define TEMP_LARGE "."
| #define STDC_HEADERS 1
| #define HAVE_SYS_TYPES_H 1
| #define HAVE_SYS_STAT_H 1
| #define HAVE_STDLIB_H 1
| #define HAVE_STRING_H 1
| #define HAVE_MEMORY_H 1
| #define HAVE_STRINGS_H 1
| #define HAVE_INTTYPES_H 1
| #define HAVE_STDINT_H 1
| #define HAVE_UNISTD_H 1
| #define HAVE_DLFCN_H 1
| #define LT_OBJDIR ".libs/"
| #define HAVE_SYS_PARAM_H 1
| #define HAVE_DIRENT_H 1
| #define STDC_HEADERS 1
| #define HAVE_SYS_WAIT_H 1
| #define TIME_WITH_SYS_TIME 1
| #define HAVE_LOCALE_H 1
| #define HAVE_STDIO_H 1
| #define HAVE_STDARG_H 1
| #define HAVE_ERRNO_H 1
| #define HAVE_CTYPE_H 1
| #define HAVE_FCNTL_H 1
| #define HAVE_MALLOC_H 1
| #define HAVE_STDLIB_H 1
| #define HAVE_STRING_H 1
| #define HAVE_STRINGS_H 1
| #define HAVE_UNISTD_H 1
| #define HAVE_SYS_STAT_H 1
| #define HAVE_GETOPT_H 1
| #define HAVE_SYS_TIME_H 1
| #define HAVE_VPRINTF 1
| #define HAVE_SYS_RESOURCE_H 1
| #define HAVE__BOOL 1
| #define HAVE_STDBOOL_H 1
| #define HAVE_STRERROR 1
| #define HAVE_SNPRINTF 1
| #define HAVE_STRCHR 1
| #define HAVE_STRRCHR 1
| #define HAVE_STRCAT 1
| #define HAVE_STRCPY 1
| #define HAVE_STRDUP 1
| #define HAVE_STRCASECMP 1
| #define HAVE_STRTOD 1
| #define HAVE_STRTOLL 1
| #define HAVE_STRTOULL 1
| #define HAVE_STRSTR 1
| #define HAVE_MKSTEMP 1
| #define HAVE_RAND 1
| #define HAVE_GETRLIMIT 1
| #define HAVE_GETTIMEOFDAY 1
| #define HAVE_FSYNC 1
| #define HAVE_MEMMOVE 1
| #define HAVE_GETPAGESIZE 1
| #define HAVE_SYSCONF 1
| #define HAVE_STDLIB_H 1
| #define HAVE_UNISTD_H 1
| #define HAVE_SYS_PARAM_H 1
| #define HAVE_GETPAGESIZE 1
| #define HAVE_MMAP 1
| #define HAVE_MREMAP 1
| #define USE_DISKLESS 1
| #define HAVE_ALLOCA_H 1
| #define HAVE_ALLOCA 1
| #define HAVE_DECL_ISNAN 1
| #define HAVE_DECL_ISINF 1
| #define HAVE_DECL_ISFINITE 0
| #define HAVE_DECL_SIGNBIT 0
| #define HAVE_STRUCT_STAT_ST_BLKSIZE 1
| #define HAVE_ST_BLKSIZE 1
| /* end confdefs.h.  */
| #include <stdio.h>
| #ifdef HAVE_SYS_TYPES_H
| # include <sys/types.h>
| #endif
| #ifdef HAVE_SYS_STAT_H
| # include <sys/stat.h>
| #endif
| #ifdef STDC_HEADERS
| # include <stdlib.h>
| # include <stddef.h>
| #else
| # ifdef HAVE_STDLIB_H
| #  include <stdlib.h>
| # endif
| #endif
| #ifdef HAVE_STRING_H
| # if !defined STDC_HEADERS && defined HAVE_MEMORY_H
| #  include <memory.h>
| # endif
| # include <string.h>
| #endif
| #ifdef HAVE_STRINGS_H
| # include <strings.h>
| #endif
| #ifdef HAVE_INTTYPES_H
| # include <inttypes.h>
| #endif
| #ifdef HAVE_STDINT_H
| # include <stdint.h>
| #endif
| #ifdef HAVE_UNISTD_H
| # include <unistd.h>
| #endif
| int
| main ()
| {
| if (sizeof ((off_t)))
| 	    return 0;
|   ;
|   return 0;
| }
configure:15450: result: yes
configure:15461: checking for ssize_t
configure:15461: gcc -c -g -O2  conftest.c >&5
configure:15461: $? = 0
configure:15461: gcc -c -g -O2  conftest.c >&5
conftest.c: In function 'main':
conftest.c:126: error: expected expression before ')' token
configure:15461: $? = 1
configure: failed program was:
| /* confdefs.h */
| #define PACKAGE_NAME "netCDF"
| #define PACKAGE_TARNAME "netcdf"
| #define PACKAGE_VERSION "4.3.0"
| #define PACKAGE_STRING "netCDF 4.3.0"
| #define PACKAGE_BUGREPORT "support-netcdf@unidata.ucar.edu"
| #define PACKAGE_URL ""
| #define PACKAGE "netcdf"
| #define VERSION "4.3.0"
| #define NCIO_MINBLOCKSIZE 256
| #define DEFAULT_CHUNK_SIZE 4194304
| #define MAX_DEFAULT_CACHE_SIZE 67108864
| #define DEFAULT_CHUNKS_IN_CACHE 10
| #define CHUNK_CACHE_SIZE 4194304
| #define CHUNK_CACHE_NELEMS 1009
| #define CHUNK_CACHE_PREEMPTION 0.75
| #define USE_EXTREME_NUMBERS 1
| #define TEMP_LARGE "."
| #define STDC_HEADERS 1
| #define HAVE_SYS_TYPES_H 1
| #define HAVE_SYS_STAT_H 1
| #define HAVE_STDLIB_H 1
| #define HAVE_STRING_H 1
| #define HAVE_MEMORY_H 1
| #define HAVE_STRINGS_H 1
| #define HAVE_INTTYPES_H 1
| #define HAVE_STDINT_H 1
| #define HAVE_UNISTD_H 1
| #define HAVE_DLFCN_H 1
| #define LT_OBJDIR ".libs/"
| #define HAVE_SYS_PARAM_H 1
| #define HAVE_DIRENT_H 1
| #define STDC_HEADERS 1
| #define HAVE_SYS_WAIT_H 1
| #define TIME_WITH_SYS_TIME 1
| #define HAVE_LOCALE_H 1
| #define HAVE_STDIO_H 1
| #define HAVE_STDARG_H 1
| #define HAVE_ERRNO_H 1
| #define HAVE_CTYPE_H 1
| #define HAVE_FCNTL_H 1
| #define HAVE_MALLOC_H 1
| #define HAVE_STDLIB_H 1
| #define HAVE_STRING_H 1
| #define HAVE_STRINGS_H 1
| #define HAVE_UNISTD_H 1
| #define HAVE_SYS_STAT_H 1
| #define HAVE_GETOPT_H 1
| #define HAVE_SYS_TIME_H 1
| #define HAVE_VPRINTF 1
| #define HAVE_SYS_RESOURCE_H 1
| #define HAVE__BOOL 1
| #define HAVE_STDBOOL_H 1
| #define HAVE_STRERROR 1
| #define HAVE_SNPRINTF 1
| #define HAVE_STRCHR 1
| #define HAVE_STRRCHR 1
| #define HAVE_STRCAT 1
| #define HAVE_STRCPY 1
| #define HAVE_STRDUP 1
| #define HAVE_STRCASECMP 1
| #define HAVE_STRTOD 1
| #define HAVE_STRTOLL 1
| #define HAVE_STRTOULL 1
| #define HAVE_STRSTR 1
| #define HAVE_MKSTEMP 1
| #define HAVE_RAND 1
| #define HAVE_GETRLIMIT 1
| #define HAVE_GETTIMEOFDAY 1
| #define HAVE_FSYNC 1
| #define HAVE_MEMMOVE 1
| #define HAVE_GETPAGESIZE 1
| #define HAVE_SYSCONF 1
| #define HAVE_STDLIB_H 1
| #define HAVE_UNISTD_H 1
| #define HAVE_SYS_PARAM_H 1
| #define HAVE_GETPAGESIZE 1
| #define HAVE_MMAP 1
| #define HAVE_MREMAP 1
| #define USE_DISKLESS 1
| #define HAVE_ALLOCA_H 1
| #define HAVE_ALLOCA 1
| #define HAVE_DECL_ISNAN 1
| #define HAVE_DECL_ISINF 1
| #define HAVE_DECL_ISFINITE 0
| #define HAVE_DECL_SIGNBIT 0
| #define HAVE_STRUCT_STAT_ST_BLKSIZE 1
| #define HAVE_ST_BLKSIZE 1
| /* end confdefs.h.  */
| #include <stdio.h>
| #ifdef HAVE_SYS_TYPES_H
| # include <sys/types.h>
| #endif
| #ifdef HAVE_SYS_STAT_H
| # include <sys/stat.h>
| #endif
| #ifdef STDC_HEADERS
| # include <stdlib.h>
| # include <stddef.h>
| #else
| # ifdef HAVE_STDLIB_H
| #  include <stdlib.h>
| # endif
| #endif
| #ifdef HAVE_STRING_H
| # if !defined STDC_HEADERS && defined HAVE_MEMORY_H
| #  include <memory.h>
| # endif
| # include <string.h>
| #endif
| #ifdef HAVE_STRINGS_H
| # include <strings.h>
| #endif
| #ifdef HAVE_INTTYPES_H
| # include <inttypes.h>
| #endif
| #ifdef HAVE_STDINT_H
| # include <stdint.h>
| #endif
| #ifdef HAVE_UNISTD_H
| # include <unistd.h>
| #endif
| int
| main ()
| {
| if (sizeof ((ssize_t)))
| 	    return 0;
|   ;
|   return 0;
| }
configure:15461: result: yes
configure:15470: checking for ptrdiff_t
configure:15470: gcc -c -g -O2  conftest.c >&5
configure:15470: $? = 0
configure:15470: gcc -c -g -O2  conftest.c >&5
conftest.c: In function 'main':
conftest.c:127: error: expected expression before ')' token
configure:15470: $? = 1
configure: failed program was:
| /* confdefs.h */
| #define PACKAGE_NAME "netCDF"
| #define PACKAGE_TARNAME "netcdf"
| #define PACKAGE_VERSION "4.3.0"
| #define PACKAGE_STRING "netCDF 4.3.0"
| #define PACKAGE_BUGREPORT "support-netcdf@unidata.ucar.edu"
| #define PACKAGE_URL ""
| #define PACKAGE "netcdf"
| #define VERSION "4.3.0"
| #define NCIO_MINBLOCKSIZE 256
| #define DEFAULT_CHUNK_SIZE 4194304
| #define MAX_DEFAULT_CACHE_SIZE 67108864
| #define DEFAULT_CHUNKS_IN_CACHE 10
| #define CHUNK_CACHE_SIZE 4194304
| #define CHUNK_CACHE_NELEMS 1009
| #define CHUNK_CACHE_PREEMPTION 0.75
| #define USE_EXTREME_NUMBERS 1
| #define TEMP_LARGE "."
| #define STDC_HEADERS 1
| #define HAVE_SYS_TYPES_H 1
| #define HAVE_SYS_STAT_H 1
| #define HAVE_STDLIB_H 1
| #define HAVE_STRING_H 1
| #define HAVE_MEMORY_H 1
| #define HAVE_STRINGS_H 1
| #define HAVE_INTTYPES_H 1
| #define HAVE_STDINT_H 1
| #define HAVE_UNISTD_H 1
| #define HAVE_DLFCN_H 1
| #define LT_OBJDIR ".libs/"
| #define HAVE_SYS_PARAM_H 1
| #define HAVE_DIRENT_H 1
| #define STDC_HEADERS 1
| #define HAVE_SYS_WAIT_H 1
| #define TIME_WITH_SYS_TIME 1
| #define HAVE_LOCALE_H 1
| #define HAVE_STDIO_H 1
| #define HAVE_STDARG_H 1
| #define HAVE_ERRNO_H 1
| #define HAVE_CTYPE_H 1
| #define HAVE_FCNTL_H 1
| #define HAVE_MALLOC_H 1
| #define HAVE_STDLIB_H 1
| #define HAVE_STRING_H 1
| #define HAVE_STRINGS_H 1
| #define HAVE_UNISTD_H 1
| #define HAVE_SYS_STAT_H 1
| #define HAVE_GETOPT_H 1
| #define HAVE_SYS_TIME_H 1
| #define HAVE_VPRINTF 1
| #define HAVE_SYS_RESOURCE_H 1
| #define HAVE__BOOL 1
| #define HAVE_STDBOOL_H 1
| #define HAVE_STRERROR 1
| #define HAVE_SNPRINTF 1
| #define HAVE_STRCHR 1
| #define HAVE_STRRCHR 1
| #define HAVE_STRCAT 1
| #define HAVE_STRCPY 1
| #define HAVE_STRDUP 1
| #define HAVE_STRCASECMP 1
| #define HAVE_STRTOD 1
| #define HAVE_STRTOLL 1
| #define HAVE_STRTOULL 1
| #define HAVE_STRSTR 1
| #define HAVE_MKSTEMP 1
| #define HAVE_RAND 1
| #define HAVE_GETRLIMIT 1
| #define HAVE_GETTIMEOFDAY 1
| #define HAVE_FSYNC 1
| #define HAVE_MEMMOVE 1
| #define HAVE_GETPAGESIZE 1
| #define HAVE_SYSCONF 1
| #define HAVE_STDLIB_H 1
| #define HAVE_UNISTD_H 1
| #define HAVE_SYS_PARAM_H 1
| #define HAVE_GETPAGESIZE 1
| #define HAVE_MMAP 1
| #define HAVE_MREMAP 1
| #define USE_DISKLESS 1
| #define HAVE_ALLOCA_H 1
| #define HAVE_ALLOCA 1
| #define HAVE_DECL_ISNAN 1
| #define HAVE_DECL_ISINF 1
| #define HAVE_DECL_ISFINITE 0
| #define HAVE_DECL_SIGNBIT 0
| #define HAVE_STRUCT_STAT_ST_BLKSIZE 1
| #define HAVE_ST_BLKSIZE 1
| #define HAVE_SSIZE_T 1
| /* end confdefs.h.  */
| #include <stdio.h>
| #ifdef HAVE_SYS_TYPES_H
| # include <sys/types.h>
| #endif
| #ifdef HAVE_SYS_STAT_H
| # include <sys/stat.h>
| #endif
| #ifdef STDC_HEADERS
| # include <stdlib.h>
| # include <stddef.h>
| #else
| # ifdef HAVE_STDLIB_H
| #  include <stdlib.h>
| # endif
| #endif
| #ifdef HAVE_STRING_H
| # if !defined STDC_HEADERS && defined HAVE_MEMORY_H
| #  include <memory.h>
| # endif
| # include <string.h>
| #endif
| #ifdef HAVE_STRINGS_H
| # include <strings.h>
| #endif
| #ifdef HAVE_INTTYPES_H
| # include <inttypes.h>
| #endif
| #ifdef HAVE_STDINT_H
| # include <stdint.h>
| #endif
| #ifdef HAVE_UNISTD_H
| # include <unistd.h>
| #endif
| int
| main ()
| {
| if (sizeof ((ptrdiff_t)))
| 	    return 0;
|   ;
|   return 0;
| }
configure:15470: result: yes
configure:15479: checking for uchar
configure:15479: gcc -c -g -O2  conftest.c >&5
conftest.c: In function 'main':
conftest.c:128: error: 'uchar' undeclared (first use in this function)
conftest.c:128: error: (Each undeclared identifier is reported only once
conftest.c:128: error: for each function it appears in.)
configure:15479: $? = 1
configure: failed program was:
| /* confdefs.h */
| #define PACKAGE_NAME "netCDF"
| #define PACKAGE_TARNAME "netcdf"
| #define PACKAGE_VERSION "4.3.0"
| #define PACKAGE_STRING "netCDF 4.3.0"
| #define PACKAGE_BUGREPORT "support-netcdf@unidata.ucar.edu"
| #define PACKAGE_URL ""
| #define PACKAGE "netcdf"
| #define VERSION "4.3.0"
| #define NCIO_MINBLOCKSIZE 256
| #define DEFAULT_CHUNK_SIZE 4194304
| #define MAX_DEFAULT_CACHE_SIZE 67108864
| #define DEFAULT_CHUNKS_IN_CACHE 10
| #define CHUNK_CACHE_SIZE 4194304
| #define CHUNK_CACHE_NELEMS 1009
| #define CHUNK_CACHE_PREEMPTION 0.75
| #define USE_EXTREME_NUMBERS 1
| #define TEMP_LARGE "."
| #define STDC_HEADERS 1
| #define HAVE_SYS_TYPES_H 1
| #define HAVE_SYS_STAT_H 1
| #define HAVE_STDLIB_H 1
| #define HAVE_STRING_H 1
| #define HAVE_MEMORY_H 1
| #define HAVE_STRINGS_H 1
| #define HAVE_INTTYPES_H 1
| #define HAVE_STDINT_H 1
| #define HAVE_UNISTD_H 1
| #define HAVE_DLFCN_H 1
| #define LT_OBJDIR ".libs/"
| #define HAVE_SYS_PARAM_H 1
| #define HAVE_DIRENT_H 1
| #define STDC_HEADERS 1
| #define HAVE_SYS_WAIT_H 1
| #define TIME_WITH_SYS_TIME 1
| #define HAVE_LOCALE_H 1
| #define HAVE_STDIO_H 1
| #define HAVE_STDARG_H 1
| #define HAVE_ERRNO_H 1
| #define HAVE_CTYPE_H 1
| #define HAVE_FCNTL_H 1
| #define HAVE_MALLOC_H 1
| #define HAVE_STDLIB_H 1
| #define HAVE_STRING_H 1
| #define HAVE_STRINGS_H 1
| #define HAVE_UNISTD_H 1
| #define HAVE_SYS_STAT_H 1
| #define HAVE_GETOPT_H 1
| #define HAVE_SYS_TIME_H 1
| #define HAVE_VPRINTF 1
| #define HAVE_SYS_RESOURCE_H 1
| #define HAVE__BOOL 1
| #define HAVE_STDBOOL_H 1
| #define HAVE_STRERROR 1
| #define HAVE_SNPRINTF 1
| #define HAVE_STRCHR 1
| #define HAVE_STRRCHR 1
| #define HAVE_STRCAT 1
| #define HAVE_STRCPY 1
| #define HAVE_STRDUP 1
| #define HAVE_STRCASECMP 1
| #define HAVE_STRTOD 1
| #define HAVE_STRTOLL 1
| #define HAVE_STRTOULL 1
| #define HAVE_STRSTR 1
| #define HAVE_MKSTEMP 1
| #define HAVE_RAND 1
| #define HAVE_GETRLIMIT 1
| #define HAVE_GETTIMEOFDAY 1
| #define HAVE_FSYNC 1
| #define HAVE_MEMMOVE 1
| #define HAVE_GETPAGESIZE 1
| #define HAVE_SYSCONF 1
| #define HAVE_STDLIB_H 1
| #define HAVE_UNISTD_H 1
| #define HAVE_SYS_PARAM_H 1
| #define HAVE_GETPAGESIZE 1
| #define HAVE_MMAP 1
| #define HAVE_MREMAP 1
| #define USE_DISKLESS 1
| #define HAVE_ALLOCA_H 1
| #define HAVE_ALLOCA 1
| #define HAVE_DECL_ISNAN 1
| #define HAVE_DECL_ISINF 1
| #define HAVE_DECL_ISFINITE 0
| #define HAVE_DECL_SIGNBIT 0
| #define HAVE_STRUCT_STAT_ST_BLKSIZE 1
| #define HAVE_ST_BLKSIZE 1
| #define HAVE_SSIZE_T 1
| #define HAVE_PTRDIFF_T 1
| /* end confdefs.h.  */
| #include <stdio.h>
| #ifdef HAVE_SYS_TYPES_H
| # include <sys/types.h>
| #endif
| #ifdef HAVE_SYS_STAT_H
| # include <sys/stat.h>
| #endif
| #ifdef STDC_HEADERS
| # include <stdlib.h>
| # include <stddef.h>
| #else
| # ifdef HAVE_STDLIB_H
| #  include <stdlib.h>
| # endif
| #endif
| #ifdef HAVE_STRING_H
| # if !defined STDC_HEADERS && defined HAVE_MEMORY_H
| #  include <memory.h>
| # endif
| # include <string.h>
| #endif
| #ifdef HAVE_STRINGS_H
| # include <strings.h>
| #endif
| #ifdef HAVE_INTTYPES_H
| # include <inttypes.h>
| #endif
| #ifdef HAVE_STDINT_H
| # include <stdint.h>
| #endif
| #ifdef HAVE_UNISTD_H
| # include <unistd.h>
| #endif
| int
| main ()
| {
| if (sizeof (uchar))
| 	 return 0;
|   ;
|   return 0;
| }
configure:15479: result: no
configure:15488: checking for longlong
configure:15488: gcc -c -g -O2  conftest.c >&5
conftest.c: In function 'main':
conftest.c:128: error: 'longlong' undeclared (first use in this function)
conftest.c:128: error: (Each undeclared identifier is reported only once
conftest.c:128: error: for each function it appears in.)
configure:15488: $? = 1
configure: failed program was:
| /* confdefs.h */
| #define PACKAGE_NAME "netCDF"
| #define PACKAGE_TARNAME "netcdf"
| #define PACKAGE_VERSION "4.3.0"
| #define PACKAGE_STRING "netCDF 4.3.0"
| #define PACKAGE_BUGREPORT "support-netcdf@unidata.ucar.edu"
| #define PACKAGE_URL ""
| #define PACKAGE "netcdf"
| #define VERSION "4.3.0"
| #define NCIO_MINBLOCKSIZE 256
| #define DEFAULT_CHUNK_SIZE 4194304
| #define MAX_DEFAULT_CACHE_SIZE 67108864
| #define DEFAULT_CHUNKS_IN_CACHE 10
| #define CHUNK_CACHE_SIZE 4194304
| #define CHUNK_CACHE_NELEMS 1009
| #define CHUNK_CACHE_PREEMPTION 0.75
| #define USE_EXTREME_NUMBERS 1
| #define TEMP_LARGE "."
| #define STDC_HEADERS 1
| #define HAVE_SYS_TYPES_H 1
| #define HAVE_SYS_STAT_H 1
| #define HAVE_STDLIB_H 1
| #define HAVE_STRING_H 1
| #define HAVE_MEMORY_H 1
| #define HAVE_STRINGS_H 1
| #define HAVE_INTTYPES_H 1
| #define HAVE_STDINT_H 1
| #define HAVE_UNISTD_H 1
| #define HAVE_DLFCN_H 1
| #define LT_OBJDIR ".libs/"
| #define HAVE_SYS_PARAM_H 1
| #define HAVE_DIRENT_H 1
| #define STDC_HEADERS 1
| #define HAVE_SYS_WAIT_H 1
| #define TIME_WITH_SYS_TIME 1
| #define HAVE_LOCALE_H 1
| #define HAVE_STDIO_H 1
| #define HAVE_STDARG_H 1
| #define HAVE_ERRNO_H 1
| #define HAVE_CTYPE_H 1
| #define HAVE_FCNTL_H 1
| #define HAVE_MALLOC_H 1
| #define HAVE_STDLIB_H 1
| #define HAVE_STRING_H 1
| #define HAVE_STRINGS_H 1
| #define HAVE_UNISTD_H 1
| #define HAVE_SYS_STAT_H 1
| #define HAVE_GETOPT_H 1
| #define HAVE_SYS_TIME_H 1
| #define HAVE_VPRINTF 1
| #define HAVE_SYS_RESOURCE_H 1
| #define HAVE__BOOL 1
| #define HAVE_STDBOOL_H 1
| #define HAVE_STRERROR 1
| #define HAVE_SNPRINTF 1
| #define HAVE_STRCHR 1
| #define HAVE_STRRCHR 1
| #define HAVE_STRCAT 1
| #define HAVE_STRCPY 1
| #define HAVE_STRDUP 1
| #define HAVE_STRCASECMP 1
| #define HAVE_STRTOD 1
| #define HAVE_STRTOLL 1
| #define HAVE_STRTOULL 1
| #define HAVE_STRSTR 1
| #define HAVE_MKSTEMP 1
| #define HAVE_RAND 1
| #define HAVE_GETRLIMIT 1
| #define HAVE_GETTIMEOFDAY 1
| #define HAVE_FSYNC 1
| #define HAVE_MEMMOVE 1
| #define HAVE_GETPAGESIZE 1
| #define HAVE_SYSCONF 1
| #define HAVE_STDLIB_H 1
| #define HAVE_UNISTD_H 1
| #define HAVE_SYS_PARAM_H 1
| #define HAVE_GETPAGESIZE 1
| #define HAVE_MMAP 1
| #define HAVE_MREMAP 1
| #define USE_DISKLESS 1
| #define HAVE_ALLOCA_H 1
| #define HAVE_ALLOCA 1
| #define HAVE_DECL_ISNAN 1
| #define HAVE_DECL_ISINF 1
| #define HAVE_DECL_ISFINITE 0
| #define HAVE_DECL_SIGNBIT 0
| #define HAVE_STRUCT_STAT_ST_BLKSIZE 1
| #define HAVE_ST_BLKSIZE 1
| #define HAVE_SSIZE_T 1
| #define HAVE_PTRDIFF_T 1
| /* end confdefs.h.  */
| #include <stdio.h>
| #ifdef HAVE_SYS_TYPES_H
| # include <sys/types.h>
| #endif
| #ifdef HAVE_SYS_STAT_H
| # include <sys/stat.h>
| #endif
| #ifdef STDC_HEADERS
| # include <stdlib.h>
| # include <stddef.h>
| #else
| # ifdef HAVE_STDLIB_H
| #  include <stdlib.h>
| # endif
| #endif
| #ifdef HAVE_STRING_H
| # if !defined STDC_HEADERS && defined HAVE_MEMORY_H
| #  include <memory.h>
| # endif
| # include <string.h>
| #endif
| #ifdef HAVE_STRINGS_H
| # include <strings.h>
| #endif
| #ifdef HAVE_INTTYPES_H
| # include <inttypes.h>
| #endif
| #ifdef HAVE_STDINT_H
| # include <stdint.h>
| #endif
| #ifdef HAVE_UNISTD_H
| # include <unistd.h>
| #endif
| int
| main ()
| {
| if (sizeof (longlong))
| 	 return 0;
|   ;
|   return 0;
| }
configure:15488: result: no
configure:15498: checking whether char is unsigned
configure:15517: gcc -c -g -O2  conftest.c >&5
configure:15517: $? = 0
configure:15524: result: no
configure:15531: checking whether byte ordering is bigendian
configure:15546: gcc -c -g -O2  conftest.c >&5
conftest.c:93: error: expected '=', ',', ';', 'asm' or '__attribute__' before 'a'
configure:15546: $? = 1
configure: failed program was:
| /* confdefs.h */
| #define PACKAGE_NAME "netCDF"
| #define PACKAGE_TARNAME "netcdf"
| #define PACKAGE_VERSION "4.3.0"
| #define PACKAGE_STRING "netCDF 4.3.0"
| #define PACKAGE_BUGREPORT "support-netcdf@unidata.ucar.edu"
| #define PACKAGE_URL ""
| #define PACKAGE "netcdf"
| #define VERSION "4.3.0"
| #define NCIO_MINBLOCKSIZE 256
| #define DEFAULT_CHUNK_SIZE 4194304
| #define MAX_DEFAULT_CACHE_SIZE 67108864
| #define DEFAULT_CHUNKS_IN_CACHE 10
| #define CHUNK_CACHE_SIZE 4194304
| #define CHUNK_CACHE_NELEMS 1009
| #define CHUNK_CACHE_PREEMPTION 0.75
| #define USE_EXTREME_NUMBERS 1
| #define TEMP_LARGE "."
| #define STDC_HEADERS 1
| #define HAVE_SYS_TYPES_H 1
| #define HAVE_SYS_STAT_H 1
| #define HAVE_STDLIB_H 1
| #define HAVE_STRING_H 1
| #define HAVE_MEMORY_H 1
| #define HAVE_STRINGS_H 1
| #define HAVE_INTTYPES_H 1
| #define HAVE_STDINT_H 1
| #define HAVE_UNISTD_H 1
| #define HAVE_DLFCN_H 1
| #define LT_OBJDIR ".libs/"
| #define HAVE_SYS_PARAM_H 1
| #define HAVE_DIRENT_H 1
| #define STDC_HEADERS 1
| #define HAVE_SYS_WAIT_H 1
| #define TIME_WITH_SYS_TIME 1
| #define HAVE_LOCALE_H 1
| #define HAVE_STDIO_H 1
| #define HAVE_STDARG_H 1
| #define HAVE_ERRNO_H 1
| #define HAVE_CTYPE_H 1
| #define HAVE_FCNTL_H 1
| #define HAVE_MALLOC_H 1
| #define HAVE_STDLIB_H 1
| #define HAVE_STRING_H 1
| #define HAVE_STRINGS_H 1
| #define HAVE_UNISTD_H 1
| #define HAVE_SYS_STAT_H 1
| #define HAVE_GETOPT_H 1
| #define HAVE_SYS_TIME_H 1
| #define HAVE_VPRINTF 1
| #define HAVE_SYS_RESOURCE_H 1
| #define HAVE__BOOL 1
| #define HAVE_STDBOOL_H 1
| #define HAVE_STRERROR 1
| #define HAVE_SNPRINTF 1
| #define HAVE_STRCHR 1
| #define HAVE_STRRCHR 1
| #define HAVE_STRCAT 1
| #define HAVE_STRCPY 1
| #define HAVE_STRDUP 1
| #define HAVE_STRCASECMP 1
| #define HAVE_STRTOD 1
| #define HAVE_STRTOLL 1
| #define HAVE_STRTOULL 1
| #define HAVE_STRSTR 1
| #define HAVE_MKSTEMP 1
| #define HAVE_RAND 1
| #define HAVE_GETRLIMIT 1
| #define HAVE_GETTIMEOFDAY 1
| #define HAVE_FSYNC 1
| #define HAVE_MEMMOVE 1
| #define HAVE_GETPAGESIZE 1
| #define HAVE_SYSCONF 1
| #define HAVE_STDLIB_H 1
| #define HAVE_UNISTD_H 1
| #define HAVE_SYS_PARAM_H 1
| #define HAVE_GETPAGESIZE 1
| #define HAVE_MMAP 1
| #define HAVE_MREMAP 1
| #define USE_DISKLESS 1
| #define HAVE_ALLOCA_H 1
| #define HAVE_ALLOCA 1
| #define HAVE_DECL_ISNAN 1
| #define HAVE_DECL_ISINF 1
| #define HAVE_DECL_ISFINITE 0
| #define HAVE_DECL_SIGNBIT 0
| #define HAVE_STRUCT_STAT_ST_BLKSIZE 1
| #define HAVE_ST_BLKSIZE 1
| #define HAVE_SSIZE_T 1
| #define HAVE_PTRDIFF_T 1
| /* end confdefs.h.  */
| #ifndef __APPLE_CC__
| 	       not a universal capable compiler
| 	     #endif
| 	     typedef int dummy;
| 
configure:15591: gcc -c -g -O2  conftest.c >&5
configure:15591: $? = 0
configure:15609: gcc -c -g -O2  conftest.c >&5
conftest.c: In function 'main':
conftest.c:99: error: 'not' undeclared (first use in this function)
conftest.c:99: error: (Each undeclared identifier is reported only once
conftest.c:99: error: for each function it appears in.)
conftest.c:99: error: expected ';' before 'big'
configure:15609: $? = 1
configure: failed program was:
| /* confdefs.h */
| #define PACKAGE_NAME "netCDF"
| #define PACKAGE_TARNAME "netcdf"
| #define PACKAGE_VERSION "4.3.0"
| #define PACKAGE_STRING "netCDF 4.3.0"
| #define PACKAGE_BUGREPORT "support-netcdf@unidata.ucar.edu"
| #define PACKAGE_URL ""
| #define PACKAGE "netcdf"
| #define VERSION "4.3.0"
| #define NCIO_MINBLOCKSIZE 256
| #define DEFAULT_CHUNK_SIZE 4194304
| #define MAX_DEFAULT_CACHE_SIZE 67108864
| #define DEFAULT_CHUNKS_IN_CACHE 10
| #define CHUNK_CACHE_SIZE 4194304
| #define CHUNK_CACHE_NELEMS 1009
| #define CHUNK_CACHE_PREEMPTION 0.75
| #define USE_EXTREME_NUMBERS 1
| #define TEMP_LARGE "."
| #define STDC_HEADERS 1
| #define HAVE_SYS_TYPES_H 1
| #define HAVE_SYS_STAT_H 1
| #define HAVE_STDLIB_H 1
| #define HAVE_STRING_H 1
| #define HAVE_MEMORY_H 1
| #define HAVE_STRINGS_H 1
| #define HAVE_INTTYPES_H 1
| #define HAVE_STDINT_H 1
| #define HAVE_UNISTD_H 1
| #define HAVE_DLFCN_H 1
| #define LT_OBJDIR ".libs/"
| #define HAVE_SYS_PARAM_H 1
| #define HAVE_DIRENT_H 1
| #define STDC_HEADERS 1
| #define HAVE_SYS_WAIT_H 1
| #define TIME_WITH_SYS_TIME 1
| #define HAVE_LOCALE_H 1
| #define HAVE_STDIO_H 1
| #define HAVE_STDARG_H 1
| #define HAVE_ERRNO_H 1
| #define HAVE_CTYPE_H 1
| #define HAVE_FCNTL_H 1
| #define HAVE_MALLOC_H 1
| #define HAVE_STDLIB_H 1
| #define HAVE_STRING_H 1
| #define HAVE_STRINGS_H 1
| #define HAVE_UNISTD_H 1
| #define HAVE_SYS_STAT_H 1
| #define HAVE_GETOPT_H 1
| #define HAVE_SYS_TIME_H 1
| #define HAVE_VPRINTF 1
| #define HAVE_SYS_RESOURCE_H 1
| #define HAVE__BOOL 1
| #define HAVE_STDBOOL_H 1
| #define HAVE_STRERROR 1
| #define HAVE_SNPRINTF 1
| #define HAVE_STRCHR 1
| #define HAVE_STRRCHR 1
| #define HAVE_STRCAT 1
| #define HAVE_STRCPY 1
| #define HAVE_STRDUP 1
| #define HAVE_STRCASECMP 1
| #define HAVE_STRTOD 1
| #define HAVE_STRTOLL 1
| #define HAVE_STRTOULL 1
| #define HAVE_STRSTR 1
| #define HAVE_MKSTEMP 1
| #define HAVE_RAND 1
| #define HAVE_GETRLIMIT 1
| #define HAVE_GETTIMEOFDAY 1
| #define HAVE_FSYNC 1
| #define HAVE_MEMMOVE 1
| #define HAVE_GETPAGESIZE 1
| #define HAVE_SYSCONF 1
| #define HAVE_STDLIB_H 1
| #define HAVE_UNISTD_H 1
| #define HAVE_SYS_PARAM_H 1
| #define HAVE_GETPAGESIZE 1
| #define HAVE_MMAP 1
| #define HAVE_MREMAP 1
| #define USE_DISKLESS 1
| #define HAVE_ALLOCA_H 1
| #define HAVE_ALLOCA 1
| #define HAVE_DECL_ISNAN 1
| #define HAVE_DECL_ISINF 1
| #define HAVE_DECL_ISFINITE 0
| #define HAVE_DECL_SIGNBIT 0
| #define HAVE_STRUCT_STAT_ST_BLKSIZE 1
| #define HAVE_ST_BLKSIZE 1
| #define HAVE_SSIZE_T 1
| #define HAVE_PTRDIFF_T 1
| /* end confdefs.h.  */
| #include <sys/types.h>
| 		#include <sys/param.h>
| 
| int
| main ()
| {
| #if BYTE_ORDER != BIG_ENDIAN
| 		 not big endian
| 		#endif
| 
|   ;
|   return 0;
| }
configure:15737: result: no
configure:15759: checking size of short
configure:15764: gcc -o conftest -g -O2   conftest.c  >&5
configure:15764: $? = 0
configure:15764: ./conftest
configure:15764: $? = 0
configure:15778: result: 2
configure:15792: checking size of int
configure:15797: gcc -o conftest -g -O2   conftest.c  >&5
configure:15797: $? = 0
configure:15797: ./conftest
configure:15797: $? = 0
configure:15811: result: 4
configure:15825: checking size of long
configure:15830: gcc -o conftest -g -O2   conftest.c  >&5
configure:15830: $? = 0
configure:15830: ./conftest
configure:15830: $? = 0
configure:15844: result: 8
configure:15858: checking size of long long
configure:15863: gcc -o conftest -g -O2   conftest.c  >&5
configure:15863: $? = 0
configure:15863: ./conftest
configure:15863: $? = 0
configure:15877: result: 8
configure:15891: checking size of float
configure:15896: gcc -o conftest -g -O2   conftest.c  >&5
configure:15896: $? = 0
configure:15896: ./conftest
configure:15896: $? = 0
configure:15910: result: 4
configure:15924: checking size of double
configure:15929: gcc -o conftest -g -O2   conftest.c  >&5
configure:15929: $? = 0
configure:15929: ./conftest
configure:15929: $? = 0
configure:15943: result: 8
configure:15957: checking size of off_t
configure:15962: gcc -o conftest -g -O2   conftest.c  >&5
configure:15962: $? = 0
configure:15962: ./conftest
configure:15962: $? = 0
configure:15976: result: 8
configure:15990: checking size of size_t
configure:15995: gcc -o conftest -g -O2   conftest.c  >&5
configure:15995: $? = 0
configure:15995: ./conftest
configure:15995: $? = 0
configure:16009: result: 8
configure:16084: checking for floor in -lm
configure:16109: gcc -o conftest -g -O2   conftest.c -lm   >&5
conftest.c:107: warning: conflicting types for built-in function 'floor'
configure:16109: $? = 0
configure:16118: result: yes
configure:16932: checking what to call the output of the ftpbin target
configure:16938: result: binary-netcdf-4.3.0_nc3.tar  
configure:16943: checking value of LIBS
configure:16945: result: -lm 
configure:17008: generating header files and makefiles
configure:17279: creating ./config.status

## ---------------------- ##
## Running config.status. ##
## ---------------------- ##

This file was extended by netCDF config.status 4.3.0, which was
generated by GNU Autoconf 2.69.  Invocation command line was

  CONFIG_FILES    = 
  CONFIG_HEADERS  = 
  CONFIG_LINKS    = 
  CONFIG_COMMANDS = 
  $ ./config.status 

on ajisai00

config.status:1270: creating Makefile
config.status:1270: creating nc-config
config.status:1270: creating netcdf.pc
config.status:1270: creating include/Makefile
config.status:1270: creating h5_test/Makefile
config.status:1270: creating man4/Makefile
config.status:1270: creating man4/images/Makefile
config.status:1270: creating libsrc/Makefile
config.status:1270: creating libsrc4/Makefile
config.status:1270: creating nctest/Makefile
config.status:1270: creating nc_test4/Makefile
config.status:1270: creating nc_test/Makefile
config.status:1270: creating ncdump/Makefile
config.status:1270: creating ncgen3/Makefile
config.status:1270: creating ncgen/Makefile
config.status:1270: creating examples/Makefile
config.status:1270: creating examples/C/Makefile
config.status:1270: creating examples/CDL/Makefile
config.status:1270: creating oc2/Makefile
config.status:1270: creating libdap2/Makefile
config.status:1270: creating libcdmr/Makefile
config.status:1270: creating librpc/Makefile
config.status:1270: creating libdispatch/Makefile
config.status:1270: creating liblib/Makefile
config.status:1270: creating ncdump/cdl4/Makefile
config.status:1270: creating ncdump/expected4/Makefile
config.status:1270: creating ncdap_test/Makefile
config.status:1270: creating ncdap_test/testdata3/Makefile
config.status:1270: creating ncdap_test/expected3/Makefile
config.status:1270: creating ncdap_test/expected4/Makefile
config.status:1270: creating ncdap_test/expectremote3/Makefile
config.status:1270: creating ncdap_test/expectremote4/Makefile
config.status:1270: creating config.h
config.status:1499: executing depfiles commands
config.status:1499: executing libtool commands

## ---------------- ##
## Cache variables. ##
## ---------------- ##

ac_cv_build=x86_64-unknown-linux-gnu
ac_cv_c_bigendian=no
ac_cv_c_char_unsigned=no
ac_cv_c_compiler_gnu=yes
ac_cv_c_const=yes
ac_cv_c_ieeefloat=yes
ac_cv_env_CC_set=
ac_cv_env_CC_value=
ac_cv_env_CFLAGS_set=
ac_cv_env_CFLAGS_value=
ac_cv_env_CPPFLAGS_set=
ac_cv_env_CPPFLAGS_value=
ac_cv_env_CPP_set=
ac_cv_env_CPP_value=
ac_cv_env_LDFLAGS_set=
ac_cv_env_LDFLAGS_value=
ac_cv_env_LIBS_set=
ac_cv_env_LIBS_value=
ac_cv_env_build_alias_set=
ac_cv_env_build_alias_value=
ac_cv_env_host_alias_set=
ac_cv_env_host_alias_value=
ac_cv_env_target_alias_set=
ac_cv_env_target_alias_value=
ac_cv_func_MPI_Comm_f2c=no
ac_cv_func__doprnt=no
ac_cv_func_alloca_works=yes
ac_cv_func_fsync=yes
ac_cv_func_getpagesize=yes
ac_cv_func_getrlimit=yes
ac_cv_func_gettimeofday=yes
ac_cv_func_memmove=yes
ac_cv_func_mkstemp=yes
ac_cv_func_mmap_fixed_mapped=yes
ac_cv_func_mremap=yes
ac_cv_func_rand=yes
ac_cv_func_snprintf=yes
ac_cv_func_strcasecmp=yes
ac_cv_func_strcat=yes
ac_cv_func_strchr=yes
ac_cv_func_strcpy=yes
ac_cv_func_strdup=yes
ac_cv_func_strerror=yes
ac_cv_func_strlcat=no
ac_cv_func_strrchr=yes
ac_cv_func_strstr=yes
ac_cv_func_strtod=yes
ac_cv_func_strtoll=yes
ac_cv_func_strtoull=yes
ac_cv_func_sysconf=yes
ac_cv_func_vprintf=yes
ac_cv_have_decl_isfinite=no
ac_cv_have_decl_isinf=yes
ac_cv_have_decl_isnan=yes
ac_cv_have_decl_signbit=no
ac_cv_header_ctype_h=yes
ac_cv_header_dirent_dirent_h=yes
ac_cv_header_dlfcn_h=yes
ac_cv_header_errno_h=yes
ac_cv_header_fcntl_h=yes
ac_cv_header_getopt_h=yes
ac_cv_header_inttypes_h=yes
ac_cv_header_locale_h=yes
ac_cv_header_malloc_h=yes
ac_cv_header_memory_h=yes
ac_cv_header_stdarg_h=yes
ac_cv_header_stdbool_h=yes
ac_cv_header_stdc=yes
ac_cv_header_stdint_h=yes
ac_cv_header_stdio_h=yes
ac_cv_header_stdlib_h=yes
ac_cv_header_string_h=yes
ac_cv_header_strings_h=yes
ac_cv_header_sys_param_h=yes
ac_cv_header_sys_resource_h=yes
ac_cv_header_sys_stat_h=yes
ac_cv_header_sys_time_h=yes
ac_cv_header_sys_types_h=yes
ac_cv_header_sys_wait_h=yes
ac_cv_header_time=yes
ac_cv_header_unistd_h=yes
ac_cv_host=x86_64-unknown-linux-gnu
ac_cv_lib_curl_curl_easy_setopt=yes
ac_cv_lib_m_floor=yes
ac_cv_member_struct_stat_st_blksize=yes
ac_cv_objext=o
ac_cv_path_EGREP='/bin/grep -E'
ac_cv_path_FGREP='/bin/grep -F'
ac_cv_path_GREP=/bin/grep
ac_cv_path_SED=/bin/sed
ac_cv_path_install='/usr/bin/install -c'
ac_cv_path_mkdir=/bin/mkdir
ac_cv_prog_AWK=gawk
ac_cv_prog_CPP='gcc -E'
ac_cv_prog_DOXYGEN=doxygen
ac_cv_prog_ac_ct_AR=ar
ac_cv_prog_ac_ct_CC=gcc
ac_cv_prog_ac_ct_MANIFEST_TOOL=mt
ac_cv_prog_ac_ct_OBJDUMP=objdump
ac_cv_prog_ac_ct_RANLIB=ranlib
ac_cv_prog_ac_ct_STRIP=strip
ac_cv_prog_cc_c89=
ac_cv_prog_cc_g=yes
ac_cv_prog_cc_gcc_c_o=yes
ac_cv_prog_make_make_set=yes
ac_cv_search_opendir='none required'
ac_cv_sizeof_double=8
ac_cv_sizeof_float=4
ac_cv_sizeof_int=4
ac_cv_sizeof_long=8
ac_cv_sizeof_long_long=8
ac_cv_sizeof_off_t=8
ac_cv_sizeof_short=2
ac_cv_sizeof_size_t=8
ac_cv_sys_file_offset_bits=no
ac_cv_sys_largefile_CC=no
ac_cv_target=x86_64-unknown-linux-gnu
ac_cv_type__Bool=yes
ac_cv_type_longlong=no
ac_cv_type_off_t=yes
ac_cv_type_ptrdiff_t=yes
ac_cv_type_size_t=yes
ac_cv_type_ssize_t=yes
ac_cv_type_uchar=no
ac_cv_working_alloca_h=yes
am_cv_CC_dependencies_compiler_type=gcc3
lt_cv_ar_at_file=@
lt_cv_archive_cmds_need_lc=no
lt_cv_deplibs_check_method=pass_all
lt_cv_file_magic_cmd='$MAGIC_CMD'
lt_cv_file_magic_test_file=
lt_cv_ld_reload_flag=-r
lt_cv_nm_interface='BSD nm'
lt_cv_objdir=.libs
lt_cv_path_LD=/usr/bin/ld
lt_cv_path_NM='/usr/bin/nm -B'
lt_cv_path_mainfest_tool=no
lt_cv_prog_compiler_c_o=yes
lt_cv_prog_compiler_pic='-fPIC -DPIC'
lt_cv_prog_compiler_pic_works=yes
lt_cv_prog_compiler_rtti_exceptions=no
lt_cv_prog_compiler_static_works=yes
lt_cv_prog_gnu_ld=yes
lt_cv_sharedlib_from_linklib_cmd='printf %s\n'
lt_cv_shlibpath_overrides_runpath=no
lt_cv_sys_global_symbol_pipe='sed -n -e '\''s/^.*[	 ]\([ABCDGIRSTW][ABCDGIRSTW]*\)[	 ][	 ]*\([_A-Za-z][_A-Za-z0-9]*\)$/\1 \2 \2/p'\'' | sed '\''/ __gnu_lto/d'\'''
lt_cv_sys_global_symbol_to_c_name_address='sed -n -e '\''s/^: \([^ ]*\)[ ]*$/  {\"\1\", (void *) 0},/p'\'' -e '\''s/^[ABCDGIRSTW]* \([^ ]*\) \([^ ]*\)$/  {"\2", (void *) \&\2},/p'\'''
lt_cv_sys_global_symbol_to_c_name_address_lib_prefix='sed -n -e '\''s/^: \([^ ]*\)[ ]*$/  {\"\1\", (void *) 0},/p'\'' -e '\''s/^[ABCDGIRSTW]* \([^ ]*\) \(lib[^ ]*\)$/  {"\2", (void *) \&\2},/p'\'' -e '\''s/^[ABCDGIRSTW]* \([^ ]*\) \([^ ]*\)$/  {"lib\2", (void *) \&\2},/p'\'''
lt_cv_sys_global_symbol_to_cdecl='sed -n -e '\''s/^T .* \(.*\)$/extern int \1();/p'\'' -e '\''s/^[ABCDGIRSTW]* .* \(.*\)$/extern char \1;/p'\'''
lt_cv_sys_max_cmd_len=98304
lt_cv_to_host_file_cmd=func_convert_file_noop
lt_cv_to_tool_file_cmd=func_convert_file_noop

## ----------------- ##
## Output variables. ##
## ----------------- ##

ACLOCAL='${SHELL} /home/yamamori/work/programs/MD_pep/lib/netcdf-4.3.0/missing --run aclocal-1.11'
ALLOCA=''
AMDEPBACKSLASH='\'
AMDEP_FALSE='#'
AMDEP_TRUE=''
AMTAR='$${TAR-tar}'
AR='ar'
AS='as'
AUTOCONF='${SHELL} /home/yamamori/work/programs/MD_pep/lib/netcdf-4.3.0/missing --run autoconf'
AUTOHEADER='${SHELL} /home/yamamori/work/programs/MD_pep/lib/netcdf-4.3.0/missing --run autoheader'
AUTOMAKE='${SHELL} /home/yamamori/work/programs/MD_pep/lib/netcdf-4.3.0/missing --run automake-1.11'
AWK='gawk'
BINFILE_NAME='binary-netcdf-4.3.0_nc3.tar'
BUILD_BENCHMARKS_FALSE=''
BUILD_BENCHMARKS_TRUE='#'
BUILD_CDMREMOTE_FALSE=''
BUILD_CDMREMOTE_TRUE='#'
BUILD_DAP_FALSE=''
BUILD_DAP_TRUE='#'
BUILD_DISKLESS_FALSE='#'
BUILD_DISKLESS_TRUE=''
BUILD_DLL_FALSE=''
BUILD_DLL_TRUE='#'
BUILD_DOCS_FALSE=''
BUILD_DOCS_TRUE='#'
BUILD_EXAMPLES_FALSE='#'
BUILD_EXAMPLES_TRUE=''
BUILD_INTERNAL_DOCS='no'
BUILD_MMAP_FALSE=''
BUILD_MMAP_TRUE='#'
BUILD_PARALLEL_FALSE=''
BUILD_PARALLEL_TRUE='#'
BUILD_RPC_FALSE=''
BUILD_RPC_TRUE='#'
BUILD_TESTSETS_FALSE='#'
BUILD_TESTSETS_TRUE=''
BUILD_UTILITIES_FALSE='#'
BUILD_UTILITIES_TRUE=''
BUILD_V2_FALSE='#'
BUILD_V2_TRUE=''
CC='gcc'
CCDEPMODE='depmode=gcc3'
CFLAGS='-g -O2'
CPP='gcc -E'
CPPFLAGS=''
CROSS_COMPILING_FALSE=''
CROSS_COMPILING_TRUE='#'
CYGPATH_W='echo'
DEFS='-DHAVE_CONFIG_H'
DEPDIR='.deps'
DLLTOOL='false'
DOXYGEN='doxygen'
DSYMUTIL=''
DUMPBIN=''
ECHO_C=''
ECHO_N='-n'
ECHO_T=''
EGREP='/bin/grep -E'
ENABLE_DAP_LONG_TESTS_FALSE=''
ENABLE_DAP_LONG_TESTS_TRUE='#'
ENABLE_DAP_REMOTE_TESTS_FALSE=''
ENABLE_DAP_REMOTE_TESTS_TRUE='#'
EXEEXT=''
EXTRA_EXAMPLE_TESTS_FALSE=''
EXTRA_EXAMPLE_TESTS_TRUE='#'
EXTRA_TESTS_FALSE=''
EXTRA_TESTS_TRUE='#'
FGREP='/bin/grep -F'
GREP='/bin/grep'
HAS_DAP='no'
HAS_HDF4='no'
HAS_HDF5='no'
HAS_NC2='yes'
HAS_NC4='no'
HAS_PNETCDF='no'
HAS_SZLIB=''
INSTALL_DATA='${INSTALL} -m 644'
INSTALL_PROGRAM='${INSTALL}'
INSTALL_SCRIPT='${INSTALL}'
INSTALL_STRIP_PROGRAM='$(install_sh) -c -s'
INTERNAL_OCLIB_FALSE='#'
INTERNAL_OCLIB_TRUE=''
LARGE_FILE_TESTS_FALSE=''
LARGE_FILE_TESTS_TRUE='#'
LD='/usr/bin/ld -m elf_x86_64'
LDFLAGS=''
LIBOBJS=''
LIBS='-lm '
LIBTOOL='$(SHELL) $(top_builddir)/libtool'
LIPO=''
LN_S='ln -s'
LTLIBOBJS=''
MAKEINFO='${SHELL} /home/yamamori/work/programs/MD_pep/lib/netcdf-4.3.0/missing --run makeinfo'
MANIFEST_TOOL=':'
MKDIR_P='/bin/mkdir -p'
NC_LIBS='-lnetcdf'
NM='/usr/bin/nm -B'
NMEDIT=''
OBJDUMP='objdump'
OBJEXT='o'
OTOOL64=''
OTOOL=''
PACKAGE='netcdf'
PACKAGE_BUGREPORT='support-netcdf@unidata.ucar.edu'
PACKAGE_NAME='netCDF'
PACKAGE_STRING='netCDF 4.3.0'
PACKAGE_TARNAME='netcdf'
PACKAGE_URL=''
PACKAGE_VERSION='4.3.0'
PATH_SEPARATOR=':'
RANLIB='ranlib'
SED='/bin/sed'
SET_MAKE=''
SHELL='/bin/sh'
STRIP='strip'
TEST_PARALLEL_FALSE=''
TEST_PARALLEL_TRUE='#'
USE_DAP_FALSE=''
USE_DAP_TRUE='#'
USE_DISPATCH_FALSE=''
USE_DISPATCH_TRUE='#'
USE_FFIO_FALSE=''
USE_FFIO_TRUE='#'
USE_HDF4_FALSE=''
USE_HDF4_FILE_TESTS_FALSE=''
USE_HDF4_FILE_TESTS_TRUE='#'
USE_HDF4_TRUE='#'
USE_LOGGING_FALSE=''
USE_LOGGING_TRUE='#'
USE_NETCDF4_FALSE=''
USE_NETCDF4_TRUE='#'
USE_PNETCDF_DIR_FALSE=''
USE_PNETCDF_DIR_TRUE='#'
USE_PNETCDF_FALSE=''
USE_PNETCDF_TRUE='#'
USE_RENAMEV3_FALSE=''
USE_RENAMEV3_TRUE='#'
USE_SZIP_FALSE=''
USE_SZIP_TRUE='#'
USE_VALGRIND_TESTS_FALSE=''
USE_VALGRIND_TESTS_TRUE='#'
VERSION='4.3.0'
ac_ct_AR='ar'
ac_ct_CC='gcc'
ac_ct_DUMPBIN=''
am__EXEEXT_FALSE=''
am__EXEEXT_TRUE='#'
am__fastdepCC_FALSE='#'
am__fastdepCC_TRUE=''
am__include='include'
am__isrc=''
am__leading_dot='.'
am__nodep='_no'
am__quote=''
am__tar='$${TAR-tar} chof - "$$tardir"'
am__untar='$${TAR-tar} xf -'
bindir='${exec_prefix}/bin'
build='x86_64-unknown-linux-gnu'
build_alias=''
build_cpu='x86_64'
build_os='linux-gnu'
build_vendor='unknown'
datadir='${datarootdir}'
datarootdir='${prefix}/share'
docdir='${datarootdir}/doc/${PACKAGE_TARNAME}'
dvidir='${docdir}'
exec_prefix='${prefix}'
host='x86_64-unknown-linux-gnu'
host_alias=''
host_cpu='x86_64'
host_os='linux-gnu'
host_vendor='unknown'
htmldir='${docdir}'
includedir='${prefix}/include'
infodir='${datarootdir}/info'
install_sh='${SHELL} /home/yamamori/work/programs/MD_pep/lib/netcdf-4.3.0/install-sh'
libdir='${exec_prefix}/lib'
libexecdir='${exec_prefix}/libexec'
localedir='${datarootdir}/locale'
localstatedir='${prefix}/var'
mandir='${datarootdir}/man'
mkdir_p='/bin/mkdir -p'
oldincludedir='/usr/include'
pdfdir='${docdir}'
prefix='/home/yamamori/work/programs/MD_pep'
program_transform_name='s,x,x,'
psdir='${docdir}'
sbindir='${exec_prefix}/sbin'
sharedstatedir='${prefix}/com'
sysconfdir='${prefix}/etc'
target='x86_64-unknown-linux-gnu'
target_alias=''
target_cpu='x86_64'
target_os='linux-gnu'
target_vendor='unknown'

## ----------- ##
## confdefs.h. ##
## ----------- ##

/* confdefs.h */
#define PACKAGE_NAME "netCDF"
#define PACKAGE_TARNAME "netcdf"
#define PACKAGE_VERSION "4.3.0"
#define PACKAGE_STRING "netCDF 4.3.0"
#define PACKAGE_BUGREPORT "support-netcdf@unidata.ucar.edu"
#define PACKAGE_URL ""
#define PACKAGE "netcdf"
#define VERSION "4.3.0"
#define NCIO_MINBLOCKSIZE 256
#define DEFAULT_CHUNK_SIZE 4194304
#define MAX_DEFAULT_CACHE_SIZE 67108864
#define DEFAULT_CHUNKS_IN_CACHE 10
#define CHUNK_CACHE_SIZE 4194304
#define CHUNK_CACHE_NELEMS 1009
#define CHUNK_CACHE_PREEMPTION 0.75
#define USE_EXTREME_NUMBERS 1
#define TEMP_LARGE "."
#define STDC_HEADERS 1
#define HAVE_SYS_TYPES_H 1
#define HAVE_SYS_STAT_H 1
#define HAVE_STDLIB_H 1
#define HAVE_STRING_H 1
#define HAVE_MEMORY_H 1
#define HAVE_STRINGS_H 1
#define HAVE_INTTYPES_H 1
#define HAVE_STDINT_H 1
#define HAVE_UNISTD_H 1
#define HAVE_DLFCN_H 1
#define LT_OBJDIR ".libs/"
#define HAVE_SYS_PARAM_H 1
#define HAVE_DIRENT_H 1
#define STDC_HEADERS 1
#define HAVE_SYS_WAIT_H 1
#define TIME_WITH_SYS_TIME 1
#define HAVE_LOCALE_H 1
#define HAVE_STDIO_H 1
#define HAVE_STDARG_H 1
#define HAVE_ERRNO_H 1
#define HAVE_CTYPE_H 1
#define HAVE_FCNTL_H 1
#define HAVE_MALLOC_H 1
#define HAVE_STDLIB_H 1
#define HAVE_STRING_H 1
#define HAVE_STRINGS_H 1
#define HAVE_UNISTD_H 1
#define HAVE_SYS_STAT_H 1
#define HAVE_GETOPT_H 1
#define HAVE_SYS_TIME_H 1
#define HAVE_VPRINTF 1
#define HAVE_SYS_RESOURCE_H 1
#define HAVE__BOOL 1
#define HAVE_STDBOOL_H 1
#define HAVE_STRERROR 1
#define HAVE_SNPRINTF 1
#define HAVE_STRCHR 1
#define HAVE_STRRCHR 1
#define HAVE_STRCAT 1
#define HAVE_STRCPY 1
#define HAVE_STRDUP 1
#define HAVE_STRCASECMP 1
#define HAVE_STRTOD 1
#define HAVE_STRTOLL 1
#define HAVE_STRTOULL 1
#define HAVE_STRSTR 1
#define HAVE_MKSTEMP 1
#define HAVE_RAND 1
#define HAVE_GETRLIMIT 1
#define HAVE_GETTIMEOFDAY 1
#define HAVE_FSYNC 1
#define HAVE_MEMMOVE 1
#define HAVE_GETPAGESIZE 1
#define HAVE_SYSCONF 1
#define HAVE_STDLIB_H 1
#define HAVE_UNISTD_H 1
#define HAVE_SYS_PARAM_H 1
#define HAVE_GETPAGESIZE 1
#define HAVE_MMAP 1
#define HAVE_MREMAP 1
#define USE_DISKLESS 1
#define HAVE_ALLOCA_H 1
#define HAVE_ALLOCA 1
#define HAVE_DECL_ISNAN 1
#define HAVE_DECL_ISINF 1
#define HAVE_DECL_ISFINITE 0
#define HAVE_DECL_SIGNBIT 0
#define HAVE_STRUCT_STAT_ST_BLKSIZE 1
#define HAVE_ST_BLKSIZE 1
#define HAVE_SSIZE_T 1
#define HAVE_PTRDIFF_T 1
#define SIZEOF_SHORT 2
#define SIZEOF_INT 4
#define SIZEOF_LONG 8
#define SIZEOF_LONG_LONG 8
#define SIZEOF_FLOAT 4
#define SIZEOF_DOUBLE 8
#define SIZEOF_OFF_T 8
#define SIZEOF_SIZE_T 8
#define HAVE_LIBM 1

configure: exit 0
